Shoreburn Mallowway Butterhill Lochmage Ostwynne Seamoor Stoneglass Dellwyn Mistshore Wolflea Eriwall Northwynne Freymere Fairice Windbridge Coldville Courtedge Buttermead Brightrock Stonefair Goldcrest Lightmere Mallowbridge Ironriver Ironshore Valhaven Wellbank Fairsage Strongfall Highmont Southwheat Bluelake Redlake Applecastle Violetfay Morwall Icenesse Newmill Rosemill Flowerfield Courtwall Janholt Marbleiron Westvale Flowermill Wellmage Freyview Snowsage Greyice Mallowness Wooddell Oldmoor Verthedge Goldwyvern Southpine Bluedale Orfort Oakmere Greensummer Corbank Bushgate Westerlight Bluewyn Morwald Clearland Wildemarsh Fogland Butterbush Orbarrow Rosegate Esterfall Silverlea Butterway Esterash Newley Northriver Foxvale Summermage Newby Irondeer Deephedge Redwell Erilyn Bluedell Greenshore Foxhaven Starryhill Springfox Violetley Brightmere Fieldedge Blackbush Clearnesse Silverwitch Westmill Woodice Eastcastle Courtcastle Silverbarrow Snowshore Shoreburn
100
Marbleiron Marbleiron
Courtcastle Courtcastle
Ironriver Ironriver
Courtwall Courtwall
Morwald Morwald
Clearnesse Clearnesse
Valhaven Valhaven
Buttermead Buttermead
Violetley Violetley
Westvale Westvale
Woodice Woodice
Esterfall Esterfall
Eriwall Eriwall
Goldwyvern Goldwyvern
Newby Newby
Foxvale Foxvale
Morwall Morwall
Oakmere Oakmere
Foxhaven Foxhaven
Freyview Freyview
Ironshore Ironshore
Oldmoor Oldmoor
Dellwyn Dellwyn
Butterbush Butterbush
Corbank Corbank
Esterash Esterash
Stonefair Stonefair
Westerlight Westerlight
Clearland Clearland
Bushgate Bushgate
Brightmere Brightmere
Stoneglass Stoneglass
Wildemarsh Wildemarsh
Wellmage Wellmage
Snowshore Snowshore
Irondeer Irondeer
Lightmere Lightmere
Southwheat Southwheat
Westmill Westmill
Lochmage Lochmage
Shoreburn Shoreburn
Erilyn Erilyn
Eastcastle Eastcastle
Rosemill Rosemill
Wolflea Wolflea
Greenshore Greenshore
Bluedell Bluedell
Newley Newley
Fairsage Fairsage
Greyice Greyice
Greensummer Greensummer
Southpine Southpine
Ostwynne Ostwynne
Violetfay Violetfay
Northwynne Northwynne
Redlake Redlake
Butterway Butterway
Brightrock Brightrock
Fogland Fogland
Silverwitch Silverwitch
Butterhill Butterhill
Deephedge Deephedge
Flowerfield Flowerfield
Coldville Coldville
Mallowbridge Mallowbridge
Blackbush Blackbush
Bluewyn Bluewyn
Silverbarrow Silverbarrow
Rosegate Rosegate
Freymere Freymere
Newmill Newmill
Icenesse Icenesse
Mallowness Mallowness
Fieldedge Fieldedge
Verthedge Verthedge
Highmont Highmont
Mistshore Mistshore
Applecastle Applecastle
Bluedale Bluedale
Orbarrow Orbarrow
Strongfall Strongfall
Silverlea Silverlea
Mallowway Mallowway
Flowermill Flowermill
Seamoor Seamoor
Northriver Northriver
Starryhill Starryhill
Wooddell Wooddell
Wellbank Wellbank
Janholt Janholt
Bluelake Bluelake
Orfort Orfort
Redwell Redwell
Springfox Springfox
Summermage Summermage
Goldcrest Goldcrest
Courtedge Courtedge
Fairice Fairice
Snowsage Snowsage
Windbridge Windbridge
