Brightmere Westmill Butterbush Bluedell Courtwall Rosemill Buttermead Foxhaven Dellwyn Fairsage Eriwall Stoneglass Esterfall Lightmere Wellmage Southwheat Oakmere Irondeer Courtcastle Eastcastle Greenshore Corbank Goldwyvern Oldmoor Morwald Woodice Snowshore Stonefair Esterash Morwall Foxvale Freyview Newley Wolflea Bushgate Clearnesse Wildemarsh Marbleiron Lochmage Westvale Ironriver Greyice Valhaven Westerlight Newby Erilyn Violetley Shoreburn Ironshore Clearland Brightmere
50
Marbleiron Marbleiron
Courtcastle Courtcastle
Ironriver Ironriver
Courtwall Courtwall
Morwald Morwald
Clearnesse Clearnesse
Valhaven Valhaven
Buttermead Buttermead
Violetley Violetley
Westvale Westvale
Woodice Woodice
Esterfall Esterfall
Eriwall Eriwall
Goldwyvern Goldwyvern
Newby Newby
Foxvale Foxvale
Morwall Morwall
Oakmere Oakmere
Foxhaven Foxhaven
Freyview Freyview
Ironshore Ironshore
Oldmoor Oldmoor
Dellwyn Dellwyn
Butterbush Butterbush
Corbank Corbank
Esterash Esterash
Stonefair Stonefair
Westerlight Westerlight
Clearland Clearland
Bushgate Bushgate
Brightmere Brightmere
Stoneglass Stoneglass
Wildemarsh Wildemarsh
Wellmage Wellmage
Snowshore Snowshore
Irondeer Irondeer
Lightmere Lightmere
Southwheat Southwheat
Westmill Westmill
Lochmage Lochmage
Shoreburn Shoreburn
Erilyn Erilyn
Eastcastle Eastcastle
Rosemill Rosemill
Wolflea Wolflea
Greenshore Greenshore
Bluedell Bluedell
Newley Newley
Fairsage Fairsage
Greyice Greyice
