129 137 124 92 13 118 45 139 94 119 64 71 90 25 46 2 4 157 110 154 196 37 160 74 127 113 146 88 115 197 51 34 109 184 85 133 106 181 8 142 122 69 61 112 79 72 43 19 7 96 11 95 68 89 123 103 192 121 170 101 97 76 49 171 145 99 129 73 170 21 72 10 118
52
2 55
4 4
7 7
10 10 28 100
13 13
19 19
21 67 151 190
25 25
34 34
37 37
43 43
45 22
46 46
49 49
61 61
64 64
69 130
73 73 136
76 76
79 79
85 85
88 1 31 88
89 172
90 91
94 40 94
96 70
97 97
101 52 148
103 103
106 106 178
109 109
112 112
115 115
118 118 166
119 163
121 121
124 124
127 127
133 133
137 16
139 139
142 142
145 145
154 154 193
157 157
160 160
170 58
181 169 181 187
184 184
192 175
196 196
197 82
