FacultyClub EarthquakeLibrary Morrison Spieker CITRIS BerkeleyLawLibrary BanwayBuilding Sproul Koshland MathLibrary Hildebrand Mulford BancroftDance AlumniHouse ArtHistoryLibrary Durham HaasClubhouse Unit3 BerkeleyWayWest SpringerGateway IRLE Campbell LeConte Birge Stephens OBrien EnergyBuilding Wellman Wheeler CareerCenter Soda Durant Warren FoundersRock EngineeringLibrary SEAsianLibrary BioscienceLibrary Jacobs OptometryLibrary Stanley HearstFountain VLSB UniversityHouse CesarChavez MartinezCommons Cheit PacificFilmArchive VisualCenter Tan SummerSession Latimer SimpsonCenter FoxCottage Davis InternationalHouse StowPlaza HearstGreekTheatre Hilgard DonnerLaboratory MediaCenter UpperHearstParking InnovationStudio Investigative MelvinLaboratory EthnicLibrary SproulPlaza LawrenceofScience StudentUnion AnthropologyLibrary NewspapersLibrary HearstFieldAnnex McCone Boalt LawSchool MSRI AquaticCenter Bowles Bechtel WooHonFai BrainImagingCenter SocialLibrary Manville TAAP Etcheverry Underhill EarthLibrary NorthGate Pimentel PhysicsLibrary EastAsianLibrary HealthServices FPF Library BancroftLibrary SutardjaDai MLK FacultyClub
94
FacultyClub FacultyClub
BioscienceLibrary BioscienceLibrary
SutardjaDai SutardjaDai
Etcheverry Etcheverry
SproulPlaza SproulPlaza
Hilgard Hilgard
StudentUnion StudentUnion
EarthquakeLibrary EarthquakeLibrary
UniversityHouse UniversityHouse
LawrenceofScience LawrenceofScience
Pimentel Pimentel HearstGym
Mulford Mulford
CareerCenter CareerCenter
Durham Durham
OBrien OBrien
Library Library
Spieker Spieker
FPF FPF
PacificFilmArchive PacificFilmArchive
BrainImagingCenter BrainImagingCenter
Morrison Morrison
Wheeler Wheeler
Cheit Cheit
Manville Manville
Koshland Koshland
Jacobs Jacobs
Investigative Investigative
EarthLibrary EarthLibrary
EnergyBuilding EnergyBuilding IdaHouse
MediaCenter MediaCenter
StowPlaza StowPlaza
MartinezCommons MartinezCommons
MelvinLaboratory MelvinLaboratory
BancroftDance BancroftDance Giauque
Unit3 Unit3
AnthropologyLibrary AnthropologyLibrary
Stephens Stephens
InternationalHouse InternationalHouse
OptometryLibrary OptometryLibrary
IRLE IRLE
SpringerGateway SpringerGateway
DonnerLaboratory DonnerLaboratory
ArtHistoryLibrary ArtHistoryLibrary
Sproul Sproul
Birge Birge
CITRIS CITRIS
NewspapersLibrary NewspapersLibrary
Warren Warren
PhysicsLibrary PhysicsLibrary
CesarChavez CesarChavez
BerkeleyWayWest BerkeleyWayWest LatinAmerican
MSRI MSRI
HealthServices HealthServices
WooHonFai WooHonFai
TAAP TAAP
MathLibrary MathLibrary
AquaticCenter AquaticCenter
UpperHearstParking UpperHearstParking
BancroftLibrary BancroftLibrary
HearstFieldAnnex HearstFieldAnnex
HearstFountain HearstFountain
BerkeleyLawLibrary BerkeleyLawLibrary
Underhill Underhill
Campbell Campbell
Davis Davis
NorthGate NorthGate
AlumniHouse AlumniHouse
Bowles Bowles
Wellman Wellman
VLSB VLSB
Stanley Stanley
SocialLibrary SocialLibrary
EastAsianLibrary Evans EastAsianLibrary
SimpsonCenter SimpsonCenter
EthnicLibrary Senior EthnicLibrary
FoxCottage FoxCottage
Hildebrand Hildebrand
SEAsianLibrary SEAsianLibrary
Bechtel Bechtel
BanwayBuilding BanwayBuilding
EngineeringLibrary EngineeringLibrary
Durant Durant
Soda Soda
McCone McCone
VisualCenter VisualCenter
LawSchool LawSchool
LeConte LeConte
HearstGreekTheatre HearstGreekTheatre
MLK MLK
Boalt Boalt
Latimer Latimer
FoundersRock FoundersRock
Tan AndersenAuditorium
SummerSession MaxwellField
