159 164 6 52 156 31 114 92 158 102 5 177 111 177 64 130 107 134 107 44 4 149 23 181 100 59 147 157 71 15 167 1 101 137 127 109 180 193 24 20 104 11 30 81 138 25 45 72 7 117 48 182 47 148 51 65 98 32 79 160 88 29 50 108 75 37 46 200 10 66 36 17 133 173 27 166 121 63 13 16 179 154 93 56 96 162 67 119 172 126 97 14 140 77 159 74 158
75
4 4
6 6
7 7
10 10
11 11
13 106 13
14 14
15 15
16 178
17 17
20 41 87
23 21
24 24
27 169 145
31 31
32 32
36 36
37 37
44 60
45 45
46 46 192
47 47
48 48
51 51
52 52
59 59
63 63
64 64
65 65 26 165
71 71
72 72
74 185 74
77 77 190
79 79 3
81 28
88 88
92 116
93 93
96 96
97 97
98 98
100 100 199 139
101 101 132
102 82 102 123
107 107
108 38
109 109
111 128 111 34
114 35 114
119 86
121 121
126 126
127 146 61
133 133
134 134 120
137 137 85
138 138 155
140 140
147 40
148 148
149 76
154 2 154
156 156
157 157
158 158 99
159 22
162 191
164 43
167 167
172 172
177 174
180 122 180
181 181
193 193 53
200 200
