Home141 Home109 Home20 Home149 Home88 Home11 Home49 Home136 Home147 Home51 Home30 Home96 Home29 Home37 Home13 Home84 Home92 Home157 Home3 Home89 Home119 Home60 Home45 Home166 Home100 Home170 Home101 Home87 Home64 Home28 Home73 Home114 Home6 Home128 Home112 Home16 Home131 Home2 Home134 Home62 Home127 Home7 Home36 Home150 Home76 Home105 Home52 Home176 Home34 Home174 Home86 Home5 Home78 Home122 Home143 Home82 Home26 Home121 Home75 Home81 Home25 Home120 Home115 Home50 Home140 Home31 Home172 Home40 Home83 Home27 Home111 Home43 Home125 Home32 Home154 Home141 Home53 Home174
68
Home2 Home97 Home132
Home3 Home3
Home5 Home167 Home124 Home63 Home5
Home6 Home156
Home7 Home7
Home11 Home11
Home13 Home13
Home16 Home16
Home20 Home20 Home126
Home25 Home25 Home74
Home26 Home26
Home27 Home27
Home28 Home35 Home1
Home29 Home48
Home31 Home31
Home32 Home32
Home34 Home34 Home173
Home36 Home36 Home103
Home37 Home37
Home40 Home110
Home43 Home43
Home45 Home45
Home49 Home47
Home50 Home50
Home51 Home51
Home52 Home66
Home53 Home164 Home53
Home60 Home60
Home62 Home62 Home152
Home64 Home64
Home73 Home106 Home161
Home75 Home75
Home76 Home76
Home78 Home144
Home81 Home81
Home82 Home82 Home171 Home177
Home83 Home83
Home86 Home86
Home87 Home135 Home87
Home88 Home88
Home89 Home89
Home92 Home92
Home96 Home44 Home96
Home100 Home100 Home67
Home101 Home4
Home105 Home105
Home111 Home111
Home112 Home112
Home114 Home114
Home115 Home91
Home119 Home55
Home120 Home69 Home120
Home122 Home122
Home125 Home125
Home127 Home127
Home128 Home128
Home131 Home131
Home134 Home134
Home136 Home136
Home141 Home15
Home143 Home143
Home147 Home147
Home149 Home149
Home154 Home154
Home157 Home157
Home170 Home165 Home170
Home172 Home172
Home176 Home176
