129 44 116 47 58 86 174 5 40 88 33 87 96 76 97 63 191 20 53 121 150 49 155 17 57 123 8 48 189 145 0 27 126 69 14 10 110 73 39 178 26 128 190 177 65 79 61 16 188 2 125 108 114 7 25 59 95 156 71 99 56 85 6 195 157 29 32 105 100 107 66 30 111 13 50 81 4 11 101 84 80 161 9 12 89 137 19 92 83 129
84
0 15 0 82
2 2
4 4
5 5
6 51 6
7 175 151
8 8
9 9
10 55
11 11
12 103
13 180 13
14 14
16 16
17 17
19 197
20 91
25 196 25
26 163 26
27 160
29 29
30 122 184
32 98
33 33
39 39
40 40
44 44
47 183 62
48 48
49 49
50 50
53 53
56 56
57 57
58 58
59 59
61 61
63 63
65 65
66 66
71 194
73 21
76 76
79 152
81 158 81
83 36 130
84 84
85 23 85
87 87
88 88
89 89
92 92
95 95
96 96
97 97
99 99
100 100
101 101
105 105 192
107 107 109
108 108
110 110
111 142
114 114
121 121 171
123 123
125 125
126 126
128 128
137 137
145 145
150 150
155 155
156 156
157 157
161 161
174 174
177 177
178 178
188 188
189 189
190 190 64
191 191
195 195
