0 137 0 112 50 9 64 141 60 198 6 58 68 85 75 11 121 49 40 100 35 124 166 25 32 99 82 18 42 145 95 147 97 84 87 125 34 76 7 105 92 17 13 5 109 22 46 41 28 72 33 2 36 56 174 93 174 29 14 61 65 3 12 153 73 96 51 47 107 55 63 24 54 108 26 89 23 197 16 57 53 128 8 67 71 148 94 160 138 79 90 0
77
0 0 15 43 59 62 86
2 2 27 78
3 3
5 5
6 6
7 7
8 8
9 9 80
11 11
12 12
13 13
14 14
16 16
17 17 21
18 18
22 22
23 23
24 24
25 25
26 26
28 28
29 29
32 32
33 33 74
34 34
35 35
36 36
40 40 69
41 41
42 10 42 48
46 46
47 47
49 49
50 50
51 30 51
53 20 53
54 54 98
55 55
56 56
57 1 57
58 58
60 60
61 61 70
63 63
64 64
65 65
67 67
68 68
71 71
72 72 83
73 73
75 75
76 76
79 4 79
82 82
84 84
85 85
87 87
89 89
90 90
92 92
93 38 93
94 94
95 95
96 96
97 97
99 99
100 44
105 19
107 39
125 77 91
128 45
137 37 52
141 31
153 66
174 81
198 88
