loc0 loc167 loc69 loc156 loc64 loc191 loc39 loc28 loc61 loc186 loc83 loc197 loc150 loc109 loc177 loc47 loc41 loc117 loc85 loc173 loc179 loc135 loc120 loc188 loc183 loc25 loc138 loc32 loc14 loc36 loc116 loc89 loc37 loc46 loc144 loc49 loc105 loc52 loc106 loc160 loc53 loc122 loc96 loc134 loc11 loc93 loc168 loc66 loc113 loc20 loc165 loc164 loc184 loc127 loc199 loc57 loc181 loc147 loc170 loc107 loc162 loc129 loc77 loc75 loc112 loc157 loc198 loc131 loc44 loc172 loc82 loc62 loc76 loc97 loc151 loc130 loc58 loc0
68
loc11 loc67 loc11
loc14 loc14
loc20 loc20
loc25 loc25
loc28 loc28
loc32 loc10 loc32
loc36 loc36
loc37 loc37
loc39 loc39
loc41 loc41 loc119
loc44 loc100
loc46 loc46
loc47 loc47
loc49 loc49
loc52 loc52
loc53 loc54 loc78
loc57 loc57
loc58 loc185
loc62 loc84
loc66 loc66 loc31
loc69 loc69
loc75 loc75
loc76 loc182
loc82 loc82
loc83 loc83
loc85 loc85
loc89 loc89
loc93 loc93
loc96 loc96
loc97 loc97
loc105 loc105
loc106 loc106
loc107 loc187
loc109 loc109
loc112 loc112
loc113 loc113
loc116 loc116
loc120 loc8 loc120
loc122 loc122 loc196
loc127 loc27
loc129 loc129 loc15
loc130 loc130
loc131 loc131
loc134 loc134
loc138 loc118 loc138 loc42
loc144 loc144
loc147 loc147
loc150 loc150
loc151 loc192
loc156 loc156
loc157 loc157
loc160 loc160 loc45
loc162 loc162
loc164 loc164
loc165 loc165
loc167 loc167
loc168 loc168 loc92
loc170 loc17
loc172 loc172
loc177 loc177
loc179 loc179
loc183 loc183
loc184 loc184
loc186 loc186
loc188 loc188
loc191 loc191
loc197 loc197
loc198 loc198
