Soda loc18 loc50 loc33 loc71 loc19 loc45 loc90 loc67 loc26 loc43 loc22 loc24 loc11 loc6 loc72 loc64 loc83 loc91 loc83 loc17 loc8 loc64 loc57 loc87 loc60 loc79 loc80 Soda loc4 loc87 loc63 loc10 loc86 loc96 loc53 loc92 loc12 loc61 loc23 loc30 loc63 loc4 loc55 loc29 loc95 loc29 loc53 loc31 loc41 loc31 loc8 loc44 loc40 loc44 loc6 loc66 loc36 loc97 loc48 loc32 loc45 loc20 loc73 loc49 loc45
41
loc8 loc8
loc10 loc10
loc12 loc12
loc17 loc17
loc18 loc18
loc19 loc19
loc20 loc20
loc23 loc23
loc24 loc21
loc26 loc26
loc29 loc29
loc30 loc30
loc31 loc31
loc32 loc32
loc33 loc33
loc36 loc36
loc40 loc40 loc39
loc41 loc41 loc38
loc43 loc43
loc44 loc44 loc89
loc45 loc45 loc81 loc93
loc48 loc48
loc49 loc49
loc53 loc53
loc55 loc55 loc13
loc57 loc57
loc61 loc61
loc66 loc66
loc67 loc67
loc71 loc71
loc72 loc72
loc73 loc73
loc79 loc79
loc83 loc83
loc86 loc86
loc90 loc90
loc91 loc91 loc68
loc92 loc92
loc95 loc28 loc95
loc96 loc96 loc99
loc97 loc97
