Soda loc106 loc172 loc36 loc145 loc36 loc106 loc25 loc53 loc58 loc179 loc182 loc186 loc45 loc92 loc75 loc137 loc40 loc137 loc75 loc72 loc57 loc157 loc57 loc92 loc124 loc151 loc104 loc163 loc42 loc163 loc104 loc129 loc17 loc23 loc74 loc13 loc34 loc32 loc189 loc97 loc167 loc84 loc34 loc88 loc121 loc14 loc34 loc94 loc83 loc50 loc43 loc27 loc180 loc10 loc147 loc38 loc193 loc111 loc11 loc30 loc39 loc198 loc24 loc31 loc128 loc111 loc181 loc26 loc188 loc41 loc77 loc173 loc107 loc173 loc77 loc41 loc141 loc115 loc99 loc134 loc35 loc194 loc183 loc127 loc60 loc68 loc126 loc52 loc196 loc51 loc103 loc155 loc51 loc196 loc142 loc196 loc170 loc192 loc87 loc47 loc164 loc101 loc148 loc22 loc165 loc176 loc21 loc8 loc15 loc27 loc43 loc82 loc168 loc179 loc80 loc199 loc64 loc3 Soda
79
Soda Soda
loc3 loc3
loc8 loc8
loc10 loc10
loc11 loc11
loc13 loc13
loc14 loc14
loc15 loc79 loc15
loc17 loc17
loc22 loc22
loc23 loc23
loc24 loc24
loc25 loc25
loc26 loc26
loc30 loc30
loc32 loc32
loc34 loc34 loc118 loc138
loc35 loc35
loc36 loc36
loc38 loc122 loc38
loc39 loc39 loc136
loc40 loc40 loc20
loc41 loc41
loc42 loc42 loc171
loc43 loc65
loc45 loc45
loc50 loc50
loc51 loc51
loc53 loc53 loc140
loc57 loc57
loc58 loc58
loc64 loc64
loc72 loc72
loc74 loc74
loc75 loc75
loc77 loc77
loc80 loc80
loc82 loc82
loc83 loc83
loc84 loc84
loc88 loc88
loc94 loc94
loc97 loc97
loc99 loc9
loc101 loc101
loc103 loc103
loc106 loc106
loc107 loc146 loc107
loc111 loc111
loc121 loc121
loc126 loc126
loc128 loc128
loc137 loc137
loc141 loc141
loc142 loc142 loc7
loc145 loc156 loc145
loc147 loc147 loc131
loc151 loc151
loc155 loc155
loc157 loc157 loc59
loc163 loc163 loc154
loc165 loc165 loc100
loc167 loc167
loc170 loc170
loc172 loc172 loc6
loc173 loc173
loc176 loc95
loc180 loc180
loc181 loc181 loc37
loc183 loc183
loc186 loc90
loc188 loc188
loc189 loc189
loc192 loc192
loc193 loc193 loc114
loc194 loc55 loc194
loc196 loc185 loc61
loc198 loc28 loc109
loc199 loc199
