0 2 53 151 60 92 177 72 123 65 5 135 169 66 194 97 34 145 20 28 181 124 40 64 11 70 111 78 35 38 8 98 9 30 113 16 24 91 121 188 87 31 80 173 77 32 18 196 148 45 56 122 41 44 46 36 58 103 100 29 39 86 106 50 59 7 192 95 132 83 68 79 160 167 110 17 125 12 62 22 82 52 133 4 74 48 49 3 90 88 63 93 21 6 157 144 0
82
2 2
3 3
4 4
5 5
6 6 25
7 7
8 8
9 9
11 11
12 10 12
16 16
17 17
18 18
20 20
21 21
22 22
24 24 94
28 28
29 29
30 30 42
31 31
32 32
34 34
35 35
36 36
38 38
39 39
40 40
41 19 41
44 44
45 45
46 46
48 48
49 49
50 50
52 52
53 53 54
56 56
58 58
59 51 59
60 60
62 62
63 63
64 64
65 65
66 66
68 68
70 70
72 72
74 74
77 77
78 78
79 79
80 71 80
82 82
83 83
86 37 86
87 87
88 57 88
90 23 90
91 67 91
92 76 92
93 93
95 95
97 97
98 98
100 61 73 100
106 13
110 26
111 75
113 1 15 99
121 14
124 47 81
132 43
144 27
148 85
151 55
157 69
167 89
169 84
177 33
181 96
