mdyuzxshey vkrlpmybdj jatkaoyfxb zumetrybth ebqxbaqnmm kdujdjjwot zjbarjhmau bulywvvpni lndsfxewdc mswyvpdrsy hkempoemlv fznfvsgjhc lkvobxyfca oggftsricu lnicnhmajr owusjcmdkp oewptytlja jedsthbmzo xftptyrlvl yiwwdwbzth jqtguzxxsl hadchvmijq wynbxuuxru epdwcjuvdr wtlzrefwav hsjqtjkukk smwxdupkdv hsjqtjkukk wtlzrefwav jrmlkfexfk gllungmori rkyixxpcbx optviwhmbr ixyurvbpvu uooysjrxsb ixyurvbpvu siatqqydwf ahqdrcepub lazlsvgukx idfvjoquhh lbuiysostx oegfbrwyrp bswhowadhl psiebvskfb zpybghfdbe cmdqzmgvfi qydclznxrd ouxenssqdu zmfuudfatm vkrlpmybdj mdyuzxshey seeyrseflx uooysjrxsb koawdpgqdx aokbiptbzc smwxdupkdv unihwwnyqz qepegujmaa unihwwnyqz koawdpgqdx wkwwcqjtxf zjbarjhmau
41
gllungmori gllungmori
zmfuudfatm zmfuudfatm
zumetrybth zumetrybth
vkrlpmybdj vkrlpmybdj
psiebvskfb psiebvskfb
yiwwdwbzth wtyqwjwskq
jqtguzxxsl jqtguzxxsl
koawdpgqdx koawdpgqdx
zjbarjhmau zjbarjhmau
lkvobxyfca lkvobxyfca
wtlzrefwav wtlzrefwav
oggftsricu euqbrkzdsw
ouxenssqdu ouxenssqdu
jedsthbmzo jedsthbmzo
seeyrseflx vugkhjygfe seeyrseflx
ahqdrcepub ahqdrcepub
kdujdjjwot kdujdjjwot
aokbiptbzc aokbiptbzc
lbuiysostx lbuiysostx
wkwwcqjtxf qcktwemqbm wkwwcqjtxf
ixyurvbpvu gwnccktgki
qepegujmaa xtvbrolacp qepegujmaa
mdyuzxshey mysadifwma mdyuzxshey
mswyvpdrsy mswyvpdrsy
ebqxbaqnmm ebqxbaqnmm
hadchvmijq hadchvmijq
xftptyrlvl xftptyrlvl
lnicnhmajr lnicnhmajr
bulywvvpni bulywvvpni
oewptytlja oewptytlja knfzsnhzvx nwlccbonas
cmdqzmgvfi qfbvncxldf cmdqzmgvfi
lazlsvgukx lazlsvgukx
lndsfxewdc lndsfxewdc
oegfbrwyrp tgbmxdmvwe
owusjcmdkp owusjcmdkp ljhmnbaicr
qydclznxrd qydclznxrd
jatkaoyfxb jatkaoyfxb bnmegnfgii
wynbxuuxru wynbxuuxru
rkyixxpcbx eooyfwmxln rkyixxpcbx
optviwhmbr optviwhmbr
fznfvsgjhc fznfvsgjhc
