evdoyagqfp xftptyrlvl qbiylslccb kvxwqiryyu sjtuxgdwms hsjqtjkukk bbczvyonym lazlsvgukx wynbxuuxru epdwcjuvdr eooyfwmxln fczruomdab uhalgukdzb yriqtwavfx qgfchcatzi cmdqzmgvfi pdljcbluhp koawdpgqdx wkwwcqjtxf bulywvvpni xychpimpzb lnicnhmajr qpxtrjvxpe tmatbexcil byyqgjwsrp cttlxdtaiw zmfuudfatm afortwurqt ahqdrcepub gbdejcnknd vnzypgtlkj unihwwnyqz pbefrggyje xwrvhrxnqy ebqxbaqnmm oegfbrwyrp xqwyvbvueh tvcolajnao lcrihrmoqu tgbmxdmvwe opmnfgpclg qxuqrfzzob gllungmori xnppuesbrr eqdxeqvtsb lndsfxewdc vkrlpmybdj jrusiskazm ichabbvkhm oavtmpaqji oownpsyviv rnpokwoqgt fdgcygwgjf phknwbtipl zivwgfcxqi euqbrkzdsw jedsthbmzo wwqchwdmtx pcilmgdrgc qepegujmaa ixyurvbpvu qfbvncxldf ijbfzrqwct bbwcqzwyoz nwlccbonas xguvjomcdt yqwistxtxc hofbtczdgp pwgublhwxg afrdrejwtp wtlzrefwav mdyuzxshey ouxenssqdu kvfpaspidv zpjhxyylhb bswhowadhl tgkujfknod jfccyptuug cpwyxulkjm nbjyrygtdh ymvlfsdhbu frfueiglva ldnozwuuuq spdafzaivh qiqnnrlapz osdeymjeil jrmlkfexfk seeyrseflx xeigbnzhbj oggftsricu xywdziunpr vugkhjygfe guuudgvhny ivugtsvtqb optviwhmbr jqtguzxxsl xftptyrlvl mysadifwma xftptyrlvl xawkqmfmmx evdoyagqfp
80
eooyfwmxln eooyfwmxln
vugkhjygfe vugkhjygfe
zmfuudfatm zmfuudfatm
vkrlpmybdj vkrlpmybdj
unihwwnyqz kijbyyuzhd
jqtguzxxsl smwxdupkdv
koawdpgqdx psiebvskfb
tgbmxdmvwe tgbmxdmvwe
rnpokwoqgt rnpokwoqgt
wtlzrefwav wtlzrefwav
xawkqmfmmx xawkqmfmmx
oggftsricu oggftsricu
ouxenssqdu ouxenssqdu
nwlccbonas itbfnxnauh nwlccbonas
epdwcjuvdr kgktiatgjn
seeyrseflx hkempoemlv seeyrseflx
ahqdrcepub ahqdrcepub
bswhowadhl bswhowadhl
evdoyagqfp evdoyagqfp
qfbvncxldf qfbvncxldf
jrmlkfexfk jrmlkfexfk scesbtewjx
qgfchcatzi qgfchcatzi
wkwwcqjtxf wkwwcqjtxf lkvtxfwozs
xywdziunpr xywdziunpr
ixyurvbpvu yiwwdwbzth
tvcolajnao tvcolajnao
qepegujmaa etdxtwotzh qepegujmaa
mdyuzxshey mdyuzxshey
xftptyrlvl fluzhooehk uooysjrxsb
lnicnhmajr lnicnhmajr aruwdskzta
bulywvvpni bulywvvpni
bbwcqzwyoz bbwcqzwyoz
hsjqtjkukk hsjqtjkukk
jrusiskazm jrusiskazm
lndsfxewdc kyrhqthnvz lndsfxewdc
oegfbrwyrp oegfbrwyrp
wynbxuuxru tmrnpjqnxx voaumgrcuj wynbxuuxru
optviwhmbr vfdsalrajq optviwhmbr
mysadifwma mysadifwma bnmegnfgii
euqbrkzdsw euqbrkzdsw
kvxwqiryyu kvxwqiryyu
qxuqrfzzob qxuqrfzzob
pcilmgdrgc pcilmgdrgc ivgbjyugdu
kvfpaspidv kvfpaspidv
qpxtrjvxpe qpxtrjvxpe
tgkujfknod tgkujfknod
xnppuesbrr xnppuesbrr
yriqtwavfx gucdicwxmb rkyixxpcbx
wwqchwdmtx wwqchwdmtx
ijbfzrqwct bimtbhwsby
xwrvhrxnqy xwrvhrxnqy xifuopshzj
lcrihrmoqu lcrihrmoqu xkasbvrrxd
uhalgukdzb uhalgukdzb
fdgcygwgjf fdgcygwgjf
hofbtczdgp hofbtczdgp
nbjyrygtdh nbjyrygtdh
pbefrggyje pbefrggyje
zivwgfcxqi zivwgfcxqi
oavtmpaqji oavtmpaqji
osdeymjeil osdeymjeil
ichabbvkhm ichabbvkhm
ivugtsvtqb ivugtsvtqb
byyqgjwsrp qxfgqgbbdn byyqgjwsrp
pdljcbluhp pdljcbluhp
ymvlfsdhbu ymvlfsdhbu aokbiptbzc
xychpimpzb xychpimpzb
bbczvyonym bbczvyonym
eqdxeqvtsb eqdxeqvtsb
afortwurqt afortwurqt
gbdejcnknd gbdejcnknd
cpwyxulkjm cpwyxulkjm
afrdrejwtp afrdrejwtp
xguvjomcdt xguvjomcdt
ldnozwuuuq ldnozwuuuq
tmatbexcil tmatbexcil
xqwyvbvueh xqwyvbvueh
qiqnnrlapz qiqnnrlapz
cttlxdtaiw cttlxdtaiw
guuudgvhny guuudgvhny stdiixwrjc
vnzypgtlkj vnzypgtlkj
