0 75 185 35 37 35 39 134 139 64 180 182 189 74 125 128 117 166 137 160 144 195 114 150 20 95 145 124 179 69 54 90 92 90 55 58 32 30 65 27 25 15 100 44 110 57 110 113 17 104 149 159 184 79 135 40 42 186 132 141 72 129 170 94 190 154 84 82 108 102 101 2 13 10 12 66 67 123 120 47 105 99 130 0
77
0 3
2 2
12 12 11
13 13
15 15
17 16 17
20 20
25 25 28
27 27 118
30 30
32 32
35 38 35
37 37 36
39 39
40 43
42 42 41
44 44
47 47 183
54 54
55 55
57 57 56
58 58
64 64
65 68 65
66 66
67 67
69 69
72 72
74 74
75 78
79 79
82 82
92 91 92
94 94
95 97 95 87
99 99
100 100
101 101
102 102
104 104
105 105
108 108
110 110
113 113
114 114
117 116 168
120 122 120
123 123
124 124
125 125
128 128
129 129
130 133
132 131 132
134 134
135 138 52 135
137 136
139 139
141 141 142
144 144
145 145 148
149 149
150 152
154 154
159 159
160 161 160
166 166
170 172
179 179
180 180
182 181 182
184 184
185 187
186 186
189 189
190 192
195 197 195
