99 58 102 48 26 199 42 74 166 84 160 120 180 23 5 138 170 113 30 157 96 56 43 18 121 148 16 53 162 130 104 169 144 55 69 100 81 126 49 27 116 117 187 163 107 118 142 156 70 175 188 79 32 152 98 36 155 110 33 19 1 12 159 106 95 164 128 80 71 146 86 2 63 85 186 137 185 45 111 101 135 161 76 167 52 103 176 99
79
1 1
2 40 47
5 5
12 12
16 17 190
18 18
19 184
23 78 165
26 26
27 27
30 30
32 34
33 33
42 42
43 66 97
45 41
48 122
49 10 123 125
52 22 92
53 53
55 55
56 56
58 149
63 63
69 25 83 173
70 70
71 112 192
79 75 178
80 80
81 9 158
85 127 174
86 168 181
95 24 183
96 132
98 98
99 99
100 100
101 88
102 102
103 103
104 82
106 106
107 94
110 151
111 111
113 51 59 114 124
117 117
118 4
120 171
126 126
128 73
130 130
135 8 61
137 28 150
138 20
142 142
146 146
148 148
152 90
155 155
157 119 172
159 131
160 160
161 161
162 0
163 163
164 164
166 166
167 167
169 169
170 170
175 15
176 35
180 180
185 185
186 186
187 68
188 188
199 39
