0 30 2 10 93 71 43 74 37 186 195 49 27 99 86 29 14 144 136 151 11 59 40 69 26 50 183 67 25 15 6 96 85 32 4 66 191 95 79 90 36 77 84 158 98 88 61 100 111 3 170 57 54 7 108 181 46 87 5 62 17 89 161 176 97 31 55 76 28 12 113 138 159 24 104 92 51 189 60 23 81 20 35 56 127 0 78 99 21 71
79
0 91
2 2
3 3 58
4 4
5 5
6 6
7 7
10 10 75 83
11 1 11 34
12 12
14 14
15 15
17 17 70
20 20
21 13 21
23 23 65
24 24
25 25
26 26
27 27 39
28 28 42
29 29
30 30
31 31
32 32
35 35
36 36 41
37 37 47
40 40
43 43
46 38 46
49 49
50 50
51 51
54 18 54
55 55
56 56
57 57
59 59
60 60
61 61
62 62
66 66
67 19 64 67
69 69
71 71
74 74
76 33 76
77 77
78 9 78
79 79
81 81
84 84
85 16 85
86 86
87 87
88 8 88
89 89
90 90
92 92
93 93 94
95 95
96 96
97 97
98 98
99 99
100 100
111 48
113 82
136 52
138 80
144 73
159 63
161 45
176 44
181 72
183 22
186 68
195 53
