woebegone encumbrance thoroughfare Isfahan felony casserole MN monotonous Durango bifurcate update icon torus extrovert Andersen cowhand Irvin mack Zorn December Fisk swingy dull archive papal car Auberge Rodney swordfish funky millennium inform noon sphalerite Curtis trimester illusion trimester yogurt Simon Darwin catenate thirteen broil barnacle bunch midstream confrontation relaxation backplate involuntary spill involuntary lexicon choice shovel wingspread funny switchmen Gilmore simulate Stephen PDP Sunday anvil connubial Winchester bat directory numerology diligent McCall septillion embroil fulsome trill woebegone
72
Andersen Andersen
Auberge Auberge
Curtis Curtis deduce
Darwin Darwin
December December
Durango Durango Hewlett Reilly sinh
Fisk Fisk mediate
Gilmore Gilmore
Irvin Irvin
Isfahan Isfahan
MN exothermic
McCall McCall
PDP PDP limitate oriole
Rodney Rodney
Simon Goodrich Simon
Stephen Stephen
Sunday Sunday silage whatsoever
Winchester Winchester
Zorn Zorn
anvil anvil
archive archive softball
backplate backplate
barnacle barnacle
bat bat
bifurcate bifurcate
broil broil
bunch bunch
car car
casserole casserole renaissance
catenate catenate
choice choice
connubial connubial
cowhand explosion
diligent diligent
directory directory
dull Wheller dull
embroil embroil
encumbrance transonic
extrovert Tucson extrovert
felony babysat equipping felony tate
fulsome fulsome
funky funky
funny funny yearn
icon icon
illusion griddle illusion
inform inform secondary
involuntary involuntary slowdown
lexicon Modesto Vega
mack mack
midstream midstream
millennium millennium
monotonous dreadnought monotonous
noon noon
numerology numerology stanza viscous
papal papal
relaxation relaxation
septillion septillion
shovel shovel
simulate simulate
sphalerite sphalerite
spill mitre spill
swingy swingy
switchmen imperishable
swordfish swordfish
thirteen thirteen
thoroughfare thoroughfare
torus coarse
trill administer
trimester postscript transfuse trimester
update update
wingspread wingspread
yogurt yogurt
