1 9 40 15 12 11 13 25 14 23 3 22 16 41 34 29 2 26 4 35 45 10 24 42 5 48 39 32 21 47 20 33 46 36 30 43 17 27 19 37 6 28 7 18 44 31 38 8 1
48
1 49 128
2 62 81
3 97 112
4 51 118
5 90 93
6 119 126
7 107 120
8 56 123
9 72 73
10 76 132
11 65 142
12 59 116
13 79 109
14 75 105
15 85 103
16 91 133
17 60 66
18 63 69
19 53 98
20 115 124
21 82 138
22 71 94
23 55 108
24 88 134
25 80 86
26 100 121
27 78 140
28 83 131
29 96 129
30 95 101
31 70 143
32 135 139
33 67 127
34 50 77
35 84 92
36 110 130
37 99 125
38 61 111
39 52 57
40 87 117
41 106 137
42 89 104
43 64 136
44 102 114
45 74 122
46 54 144
47 113 141
48 58 68
