ctUVEJSyNR T3o9dNVbcG TDmNOuGJBk HTp005294X VBTKstUXwG uVIshS2g8a zUWT7uduzq HEqjxwCWnl UphA2uAaYC vzXeZbLrSW f91pUtm9EZ MuYreynm57 osdKgXyg1e gLI8ArV2Ui oPQmRUijH5 BtCEVbHoQI HG8olhhcTZ sY3UqAEMG3 8Jejdr7ynm 7d3UA4fKWz Z82QDWb0Pr ctUVEJSyNR
19
TDmNOuGJBk TDmNOuGJBk
T3o9dNVbcG T3o9dNVbcG RLF9v27sOQ
Z82QDWb0Pr U5XdtBFGOe Z82QDWb0Pr
BtCEVbHoQI I4iTN5KXjB BtCEVbHoQI
7d3UA4fKWz 7d3UA4fKWz
VBTKstUXwG 8UaR4YpZys VBTKstUXwG
uVIshS2g8a qg08r1Pg6g
sY3UqAEMG3 MzId8uwrPz
HG8olhhcTZ HG8olhhcTZ
MuYreynm57 MuYreynm57
HTp005294X IU0Ia8127Z
8Jejdr7ynm 8Jejdr7ynm QwY2G6aX6c
oPQmRUijH5 6lpxgUxCxO oPQmRUijH5
f91pUtm9EZ f91pUtm9EZ
gLI8ArV2Ui gLI8ArV2Ui
vzXeZbLrSW vzXeZbLrSW
UphA2uAaYC UphA2uAaYC
osdKgXyg1e osdKgXyg1e
zUWT7uduzq zUWT7uduzq
