Jacksonville Atlanta Louisville Arlington Portland Seattle LasVegas LongBeach Omaha Austin Raleigh LosAngeles Indianapolis SanJose Boston OklahomaCity Phoenix Oakland Philadelphia Houston ColoradoSprings VirginiaBeach Nashville Milwaukee Tucson Columbus Detroit Tulsa Minneapolis Jacksonville
23
LosAngeles LosAngeles
Phoenix Phoenix
Philadelphia Philadelphia
SanJose SanJose
Austin Austin
Jacksonville Jacksonville
Columbus Columbus
Indianapolis Indianapolis
Seattle Seattle
Boston Boston
Nashville ElPaso
Portland Portland
OklahomaCity FortWorth
LasVegas LasVegas
Louisville Louisville
Tucson Tucson
Atlanta Fresno SanFrancisco Atlanta
Raleigh Memphis
LongBeach LongBeach
VirginiaBeach VirginiaBeach
Oakland Albuquerque
Minneapolis Minneapolis
Tulsa Tulsa
