Hernandezville Beckyshire Ponceville Garymouth Christophertown Crystaltown Christophertown Garymouth Camposstad Garymouth Ponceville Beckyshire Hernandezville Joelview Mitchellchester Lopezmouth Mitchellchester Joelview Farmerside Gabriellabury Farmerside Ralphtown Stricklandbury Tylermouth Stricklandbury Ralphtown Farmerside Joelview Hernandezville Downsville Richardhaven Tammychester Richardhaven Downsville Joelview Ryanton Williamsmouth Mcdonaldmouth Williamsmouth Ryanton Farmerside Garciaport Ralphtown Charlesburgh Garciaport Courtneyfurt Gabriellabury Dixonton Francesmouth Dixonton Keithton Dixonton Lopezmouth Heathermouth Lopezview Heathermouth Lopezmouth Derekton Beckyshire Wallaceville Morenoside Wallaceville Derekton Bridgesville Dennisstad Wilsonburgh Dennisstad Bridgesville Esparzaberg Thomasburgh Esparzaberg Bridgesville Ponceville Mcculloughchester Crystalchester Smithmouth Crystalchester Mcculloughchester Jonestown Barbarachester Jonestown Mcculloughchester Ponceville Kellyfort Jonestown Riveramouth Bradshawside Riveramouth Martinton Riveramouth Bridgesville Kristinbury Esparzaberg Donaldstad Camposstad
26
Kellyfort Pittsland Tinatown Kellyfort
Derekton Belindamouth
Downsville Haasville
Tammychester Rebeccaton Tammychester
Charlesburgh Angelaview Charlesburgh
Barbarachester Barbarachester Jonesberg
Kristinbury Allenberg Kristinbury
Donaldstad Donaldstad Thomastown
Smithmouth Smithmouth Robertborough
Heathermouth Emilymouth
Martinton Deborahfort Martinton Brianland
Thomasburgh Johnsonmouth Thomasburgh Sanchezland
Tylermouth Tylermouth Deanstad
Courtneyfurt Contrerasland Morrisbury
Bradshawside Wandaside Bradshawside
Lopezview Robertsfort Lopezview
Wilsonburgh Wilsonburgh Harristown Josephton
Keithton Keithton Andrewland Aprilstad
Mitchellchester Huynhton
Williamsmouth Johnstonmouth
Morenoside Johnport Amberfurt
Mcdonaldmouth Mcdonaldmouth Adkinsfurt
Camposstad Williamsville
Gabriellabury Hendersonchester
Crystaltown Crystaltown Johnsontown
Francesmouth Francesmouth Richardville
