Porterton Dianashire Burgessview Billton Banksburgh Simmonsburgh Michaelville Simmonsburgh Banksburgh Yvonneborough Parkermouth Yvonneborough Banksburgh Billton Burgessview Williamfort Williamport Ashleystad Codyton Ashleystad Holthaven Ashleystad Williamport Williamfort Thomasville Lopezburgh Byrdfurt Lopezburgh Thomasville Williamfort Moodyburgh Gregoryberg Smithfort Gregoryberg Moodyburgh Heatherberg Thomasborough Heatherberg Moodyburgh Williamfort Burgessview Marcusburgh Matthewburgh Bondfort Shawnmouth Bondfort Adamview Bondfort Matthewburgh Virginiastad Robinsonmouth Virginiastad Matthewburgh Marcusburgh Fletcherland Kingview Williamschester Kingview Fletcherland Marcusburgh Tylerbury Marcusburgh Burgessview Dianashire Ashleyborough Osborneville Payneview Teresafort Smithtown Teresafort Payneview Barnesmouth Harrisport Barnesmouth Payneview Jacksonville Jennifertown Jacksonville Payneview Osborneville Christophermouth Shawnhaven Christophermouth Osborneville Ashleyborough Paulburgh Robertsstad Toddtown Swansonshire Toddtown Robertsstad Paulburgh Walltown Scotttown Jacksonview Scotttown Walltown Callahantown Maryport Callahantown Walltown Paulburgh Ashleyborough Clarkberg Burtonview Murphyside Bakertown Murphyside Burtonview Clarkberg Reevestown Judithview Michaelview Judithview Reevestown Clarkberg Ashleyborough Dianashire Porterton Wallton Derekmouth Charlesberg Weberbury Kimberlyburgh Weberbury Charlesberg Sethland Ellisstad Sethland Charlesberg Kevinberg Adamside Kevinberg Patriciabury Kevinberg Charlesberg Derekmouth Jeffreyfort Garytown Audreyfort Garytown Jeffreyfort Johnsonchester Jeffreyfort Derekmouth Geraldside Michellehaven Ramosborough Michellehaven Cranemouth Michellehaven Geraldside Joseport Gabrielburgh Joseport Hallborough Joseport Geraldside Derekmouth Wallton Danielleport Cooperton Lopezborough Waltersmouth Lopezborough Cooperton Danielleport Melissaview Campbellhaven Annberg Campbellhaven Melissaview Cheyennefurt Watsonville Cheyennefurt Melissaview Danielleport Scottburgh Laurenbury Haleview Laurenbury Scottburgh Danielleport Wallton Davisstad Newmanburgh Gallowaymouth Rioshaven Gallowaymouth Newmanburgh Davisstad Leechester Pettyton Bondmouth Pettyton Leechester Davisstad Jacksonton Singletonton Clarkbury Singletonton Jacksonton Davisstad Wallton Porterton
50
Lopezburgh Leahmouth
Bondmouth Mercedesmouth Taylorton Bondmouth
Tylerbury Wilsonstad Hansonbury
Swansonshire Swansonshire Abigailhaven
Smithfort Millerborough Smithfort
Kimberlyburgh Kimberlyburgh Candiceland
Michaelview Michaelview Clarenceview
Ramosborough Fordhaven Ramosborough
Shawnmouth Buckleyside Shawnmouth Priceville
Audreyfort Audreyfort Patriciaside
Parkermouth Parkermouth Shawnfort
Gabrielburgh Hodgesstad Gabrielburgh
Smithtown Jacksonland Smithtown Abigailville
Michaelville Williamland Michaelville
Codyton Ryanside Codyton Mindyview
Fletcherland Ortizberg
Sethland Tannerhaven
Robinsonmouth Robinsonmouth Horneside
Williamschester Mirandaview Williamschester
Annberg Houstonchester Dyerport Annberg
Jacksonview Danielville Jacksonview
Adamview Adamview Harrisborough
Pettyton Jonesfurt
Jacksonville Christopherhaven
Hallborough Kylieview Hallborough
Watsonville Christyland Robertomouth Watsonville
Byrdfurt Byrdfurt Garciamouth Loweryborough
Harrisport Brendaview Harrisport
Clarkbury Jermaineton Clarkbury
Shawnhaven Dannyside Candaceborough
Jennifertown Feliciaville Jennifertown
Cheyennefurt Thompsonshire
Bakertown Derekville Jameston Bakertown
Waltersmouth Adamport Adkinsberg
Maryport Combsville Reynoldsview Maryport
Thomasborough Ortegaberg Masseyside Thomasborough
Ellisstad Ellisstad Osbornemouth
Leechester Suttonville
Barnesmouth Clarkborough
Virginiastad Johnsonberg
Walltown Williamshire
Patriciabury Troyfort Patriciabury Thomasmouth
Teresafort Calvinton
Holthaven Holthaven Vickiville
Adamside Andrewschester Adamside Bradberg
Johnsonchester Susanfort Nealfurt
Weberbury Clarkport
Rioshaven Rioshaven Josephstad
Haleview Haleview Hallstad
Cranemouth Cranemouth Joneschester
