0 23 88 64 50 64 139 63 46 24 6 9 83 40 192 82 177 89 18 87 196 8 30 194 15 33 76 84 90 55 34 57 4 60 54 92 99 27 96 67 39 94 71 10 32 59 97 31 140 68 150 77 36 78 14 56 1 69 43 183 80 141 21 20 53 12 62 134 44 173 176 128 151 42 185 28 75 5 70 155 156 142 51 142 47 98 65 26 107 79 73 0
82
0 0
1 1 58
4 4
5 5 41 74
6 6
8 8
9 9 52
10 10
12 12
14 14
15 15
18 18
20 20 81
21 21 93
23 23
24 24
26 26
27 27
28 28
30 30
31 2 31
32 32
33 33
34 34
36 36
39 39
40 40
42 42 45
43 43
44 44
46 46
47 47
50 7 50
51 13 51
53 53
54 49 54
55 55
56 56
57 25 57
59 59
60 60
62 62
63 63
64 64
65 65
67 67
68 68
69 69
70 70
71 71
73 73
75 75
76 76
77 77
78 78
79 79
80 3 80
82 82
83 83
84 84
87 87 95
88 88
89 89
90 90
92 92
94 94
96 96
97 97
98 91 98
99 99
107 11
128 19
139 48
140 66 86
142 22
156 16
173 85
176 35 37
177 29
185 38
194 61 72
196 17
