K B AD AM CF BT M GN R AS EH FU CH EZ AB DZ FM BG Z GO FI V BY BE G BA CB FO T EK DT AJ DK DI EL DG U DC EB AN DS FP CE EQ DL GF CT GI I AX AP FV FE EC P GJ FJ BP EM DX DB BI FG AU FR GK FT BR CJ FH CK BQ DR FX GG AG EG AF BB CW CV X AE ED GC CI EV DE EO EY CC GR AW AH EU BX DP GL BF DV BJ FD EN CA GD FS BH K
95
B B
G G
I I
M M
P P
R R
T T
U U
V V
X X
Z Z
AB AB
AF AF
AG AG
AH AH
AJ AJ
AM AM
AN AN
AP BO
AS AS
AU CQ
AW AW
AX AX
BA BA
BB L BB
BE BE
BF BF
BG BG
BI BI
BJ BJ
BP BP
BQ BQ
BR BR
BX BX
BY BY
CA EJ
CB CB FZ
CC CM
CE CE
CF CF
CI CY
CJ CJ
CK CK
CT CT
CW CW
DB DB
DC DC
DG DG
DI DI
DK DK
DL Y
DP DP
DR DR
DS DH DS
DV DV
DX DX
DZ DZ
EC EC
ED ED
EG EG
EH EH
EK EK GE
EL EL
EM EA EM
EN EN
EO EO
EQ EQ
EU EU
EV EV
EZ EZ
FD FD
FE FE
FG FG
FH FH
FI FI
FJ FJ
FM FM
FO FO
FP FP
FR FR
FS FS
FU FU
FV FV
FX FX
GC GC
GD GD
GF GF
GG GG
GI GI
GJ GJ
GK GK
GL GL
GN BL
GO GO
GR GR
