89 100 113 112 109 11 82 65 34 198 128 49 144 62 122 175 102 143 102 72 148 72 146 85 39 145 190 47 179 70 136 3 64 31 180 99 168 124 59 110 172 104 142 197 36 79 103 73 133 194 73 25 33 121 195 132 28 32 53 38 167 94 86 56 156 51 189 118 161 47 182 48 27 78 101 127 12 68 89
68
3 3
11 11 83
12 12 187
25 25
27 27
31 107 6 31
32 32
33 33
36 36
38 81 38
39 39
48 48 9
49 111 140 49
51 51
53 96
56 56
59 59 75
62 160
64 18 64
65 191 65
68 69
70 135 192 70
72 58
73 73
78 78
79 79
82 82
85 85
86 86 29 173
94 94 151
99 99 44
100 100
101 101 169
102 178 102
103 193
104 130
109 183 109
112 112
113 97 199
118 118 1
121 121
122 122 61
124 124
127 127 88 4 80
128 128 23
132 132
133 133
136 136
142 21 188
143 125 114
144 144
145 149
146 146
148 148 13
156 156
161 16
167 41
168 37
172 172 5
179 179
180 155
182 98
189 189
190 190
194 194 141
195 195
197 197
198 147
