dldkilltnmhfepsteins msddkilllthepsteinfn killthsepsteindmlfdn depsteinslkillhdftmn nftmskilldldepsteinh mdkillnlsdtepsteinhf lhsntdepsteindkillmf lmkillepsteintsndfhd hepsteinntdkillsdmfl hnsepsteinmkillfddtl dhtepsteinkillsdflmn hdntepsteinkilllsdfm dkillnmhldstfepstein epsteinshlkilldmnfdt dfdepsteintlnskillhm ldepsteindhkilltsmfn mfndlsdepsteinhkillt fdmtdepsteinkilllsnh mdkilllfdnstepsteinh epsteinfthkilldnslmd ntmdhepsteinsdkillfl fddsmepsteintnkillhl dhsepsteintlkillmfnd lepsteindsmnhftdkill mkilldlshdtfepsteinn epsteinhnkillsldfdmt nmdhepsteinkilltfsld hsepsteinfkillnmddtl epsteindmshtfldnkill hmndfkillslepsteintd dkillldfepsteintsmnh hdepsteinkillnfdlmts dhmkillfdltnsepstein lkilldtnmsepsteindfh tsmdepsteinkillhfdln depsteinlfnmkilldsht tldkillhsfnmepsteind depsteinftndhmkillsl fthlkillnepsteindsdm killmdshdtnflepstein sdndhepsteinltkillfm dfkilllepsteinsnmhtd epsteinhdkillltsmfdn mdkillntepsteindfhsl tndskilldfepsteinmhl dkillnmsfhtlepsteind ndkillthdepsteinlsmf lkillfthdsepsteindnm hnddkilltslmfepstein thdlskillnfdmepstein dmtlsfhnkilldepstein dnldkillhmfstepstein killdldepsteinmfsthn shfnmltepsteindkilld killtdslhfdepsteinnm fmtnkilldepsteindhsl fhdmnepsteindkillslt sldhnfmtdkillepstein tdfkillslepsteinhdmn tsdnhkilllmepsteindf killdepsteinmfltdshn dflstmkillepsteindhn lsmftnepsteinkillhdd hmdkilllnepsteinfsdt killhtdmdlnsfepstein ltfnsdhepsteinkilldm killtdmsdfhnepsteinl dhkillldsepsteintnmf epsteinfsltkillnhddm killhdfnsepsteinmltd fsepsteindkillhmtdln skillthlfndepsteindm mkillthfdlnepsteinds dtsmdnlhfepsteinkill epsteinsnmflhtdkilld epsteintfhndkilllmsd tdkillepsteinsmhdfnl lepsteindnhstfdmkill fhnmkillepsteinsdltd dlfdkilltepsteinhnms msddkilllthepsteinfn dldkilltnmhfepsteins
76
tdfkillslepsteinhdmn tdfkillslepsteinhdmn
lsmftnepsteinkillhdd lsmftnepsteinkillhdd
epsteinhnkillsldfdmt epsteinhnkillsldfdmt
killmdshdtnflepstein fdskillndtmepsteinlh
killtdmsdfhnepsteinl killtdmsdfhnepsteinl
mdkillntepsteindfhsl mdkillntepsteindfhsl dmldfhskillntepstein
tsmdepsteinkillhfdln tsmdepsteinkillhfdln killfthnmsdlepsteind
tdkillepsteinsmhdfnl tdkillepsteinsmhdfnl
killtdslhfdepsteinnm slepsteinkillfmddhtn mhdskillldftnepstein killtdslhfdepsteinnm
depsteinftndhmkillsl hepsteinnfdmlsdtkill depsteinftndhmkillsl epsteindkilltlmnhsfd
lmkillepsteintsndfhd lmkillepsteintsndfhd ndshkilldmlepsteinft
fhdmnepsteindkillslt fhdmnepsteindkillslt
fddsmepsteintnkillhl fddsmepsteintnkillhl mndtkillepsteindlfhs
nmdhepsteinkilltfsld nmdhepsteinkilltfsld
ntmdhepsteinsdkillfl ntmdhepsteinsdkillfl
fthlkillnepsteindsdm thnkillmddsepsteinfl
dhsepsteintlkillmfnd dhsepsteintlkillmfnd
msddkilllthepsteinfn msddkilllthepsteinfn
tldkillhsfnmepsteind tldkillhsfnmepsteind
killdldepsteinmfsthn killdldepsteinmfsthn
nftmskilldldepsteinh nftmskilldldepsteinh
skillthlfndepsteindm skillthlfndepsteindm
epsteinfthkilldnslmd epsteinfthkilldnslmd
lepsteindnhstfdmkill lepsteindnhstfdmkill
epsteindmshtfldnkill epsteindmshtfldnkill
dkillnmsfhtlepsteind dkillnmsfhtlepsteind
killdepsteinmfltdshn killdepsteinmfltdshn
dkillnmhldstfepstein dkillnmhldstfepstein skillmfepsteinthddnl
killhtdmdlnsfepstein killhtdmdlnsfepstein nfltdmkillsdepsteinh sndldftmkillepsteinh
thdlskillnfdmepstein lepsteinkilldhfmstnd thdlskillnfdmepstein
fsepsteindkillhmtdln fsepsteindkillhmtdln epsteinlmkillfshnddt
ndkillthdepsteinlsmf ndkillthdepsteinlsmf
hsepsteinfkillnmddtl hsepsteinfkillnmddtl
epsteintfhndkilllmsd epsteintfhndkilllmsd
ltfnsdhepsteinkilldm ltfnsdhepsteinkilldm tepsteinmdfldhnskill
shfnmltepsteindkilld shfnmltepsteindkilld
fmtnkilldepsteindhsl mkillldnhepsteinstfd fmtnkilldepsteindhsl
mfndlsdepsteinhkillt killmfndshdtepsteinl sdlhfnmdepsteintkill
killhdfnsepsteinmltd killhdfnsepsteinmltd
mkillthfdlnepsteinds mkillthfdlnepsteinds
epsteinfsltkillnhddm fmltddhnepsteinskill
sldhnfmtdkillepstein msepsteintlhnfkilldd tepsteinhsdkillmldfn sldhnfmtdkillepstein
mkilldlshdtfepsteinn mkilldlshdtfepsteinn
lkilldtnmsepsteindfh lkilldtnmsepsteindfh
lepsteindsmnhftdkill epsteinldtnfmshdkill
ldepsteindhkilltsmfn ldepsteindhkilltsmfn
epsteinsnmflhtdkilld epsteinsnmflhtdkilld
dnldkillhmfstepstein dnldkillhmfstepstein
hnsepsteinmkillfddtl hnsepsteinmkillfddtl
sdndhepsteinltkillfm sdndhepsteinltkillfm
fhnmkillepsteinsdltd fhnmkillepsteinsdltd
dfkilllepsteinsnmhtd dfkilllepsteinsnmhtd
tndskilldfepsteinmhl tndskilldfepsteinmhl
dlfdkilltepsteinhnms dlfdkilltepsteinhnms
mdkillnlsdtepsteinhf mdkillnlsdtepsteinhf
dkillldfepsteintsmnh dlshdtepsteinnkillfm ldfsmnepsteinkilltdh
epsteinhdkillltsmfdn epsteinhdkillltsmfdn
dtsmdnlhfepsteinkill dtsmdnlhfepsteinkill
dhtepsteinkillsdflmn dhtepsteinkillsdflmn
hdntepsteinkilllsdfm mhkillepsteinddlfsnt
dflstmkillepsteindhn dflstmkillepsteindhn
hmndfkillslepsteintd hmndfkillslepsteintd
hnddkilltslmfepstein killtepsteinddhlmnsf
tsdnhkilllmepsteindf tsdnhkilllmepsteindf
lhsntdepsteindkillmf lhsntdepsteindkillmf
dmtlsfhnkilldepstein dmtlsfhnkilldepstein
dhmkillfdltnsepstein dhmkillfdltnsepstein
depsteinlfnmkilldsht depsteinlfnmkilldsht lhepsteintndkilldsmf
hmdkilllnepsteinfsdt hmdkilllnepsteinfsdt
fdmtdepsteinkilllsnh fdmtdepsteinkilllsnh
depsteinslkillhdftmn depsteinslkillhdftmn
dfdepsteintlnskillhm dfdepsteintlnskillhm
mdkilllfdnstepsteinh mdkilllfdnstepsteinh lkillepsteintdshmfnd
hepsteinntdkillsdmfl hepsteinntdkillsdmfl depsteintkilllnmsfdh
lkillfthdsepsteindnm dtnkillsepsteinmdfhl hnskillepsteintfdmld
killthsepsteindmlfdn killthsepsteindmlfdn nepsteindhkillltmsfd
