tepsteinfdkilldlmhns hdepsteinsmdtnflkill hfskillnepsteinldtdm ldnmepsteinhfstdkill ndlepsteinhdtskillfm fnmhskilldepsteinltd msnepsteinfkillhtdld snldmtkillfepsteindh epsteinthsdmndkillfl nkillsdtdhfmlepstein tmhsnfepsteinldkilld ndlmhepsteintdskillf htskillepsteindnlfdm slepsteinftndkillmdh thmepsteinlkillfsndd mfskillnhlddtepstein dhlepsteindkillsmtnf lepsteinfdkillsdnmht nfdhepsteinltsdmkill killepsteintdldshfnm tepsteinfdkilldlmhns
19
ndlmhepsteintdskillf ndlmhepsteintdskillf
nfdhepsteinltsdmkill nfdhepsteinltsdmkill
ldnmepsteinhfstdkill skilldnmlhdftepstein hldmepsteindsnkilltf hepsteinnfstkilllmdd
lepsteinfdkillsdnmht lepsteinfdkillsdnmht
mfskillnhlddtepstein epsteindsmnlfdtkillh
dhlepsteindkillsmtnf dhlepsteindkillsmtnf
nkillsdtdhfmlepstein nkillsdtdhfmlepstein
msnepsteinfkillhtdld hkillmepsteinstdfdnl msnepsteinfkillhtdld
killepsteintdldshfnm killepsteintdldshfnm nlhtdsdepsteinfmkill tskillepsteinhfmddnl
epsteinthsdmndkillfl epsteinthsdmndkillfl
hdepsteinsmdtnflkill fnlskillhtepsteindmd hdepsteinsmdtnflkill
hfskillnepsteinldtdm killnfhdsdltepsteinm
fnmhskilldepsteinltd fnmhskilldepsteinltd
ndlepsteinhdtskillfm ndlepsteinhdtskillfm
snldmtkillfepsteindh snldmtkillfepsteindh
htskillepsteindnlfdm htskillepsteindnlfdm
thmepsteinlkillfsndd thmepsteinlkillfsndd
tmhsnfepsteinldkilld tmhsnfepsteinldkilld
slepsteinftndkillmdh epsteinsdfmhltkillnd
