CorpusChristi ElMonte Burbank CedarRapids BonitaSprings Dallas Bridgeport Chicago Denton Bremerton CathedralCity Anaheim Champaign Elkhart Anchorage Davenport Buffalo Carrollton Arvada Berkeley Albuquerque Columbus Detroit Austin Asheville BatonRouge Chesapeake Escondido Chattanooga Boise Amarillo AppleValley DavidsonCounty Danbury BoiseCity Bellevue Clearwater Bradenton Canton Columbia Canton DalyCity Akron ElPaso CorpusChristi
40
Akron Akron
Albuquerque Albuquerque
Amarillo Amarillo Cincinnati
Anaheim Anaheim
Anchorage BelAir Deltona
AppleValley AppleValley Chandler
Arvada Arvada
Asheville Asheville
Austin Austin
BatonRouge Augusta
BoiseCity BoiseCity
BonitaSprings BonitaSprings
Bradenton Charleston
Bremerton Bremerton
Bridgeport Bridgeport
Buffalo Bloomington Elizabeth
Burbank Denver
Canton Canton
Carrollton Carrollton
CathedralCity CathedralCity
CedarRapids Alexandria
Champaign Champaign
Chattanooga Chattanooga
Chesapeake Durham
Chicago Appleton Chicago
Clearwater Boulder Bryan Clearwater
Columbia Brownsville Columbia
Columbus Columbus
CorpusChristi CapeCoral CorpusChristi Downey
Dallas Dallas
DalyCity DalyCity
Danbury Danbury
Davenport Davenport
DavidsonCounty ColoradoSprings
Denton Denton
Detroit Beaumont
ElMonte ElMonte
ElPaso ElPaso
Elkhart Elkhart
Escondido Escondido
