FortCollins Harlingen Knoxville Harlingen Arlington Independence Bellevue Lakeland CollegeStation Clearwater Evansville FortWayne Fairfield Joliet Fairfield Lancaster Lubbock Inglewood Hickory Arvada Fargo Charleston AnnArbor CorpusChristi Bakersfield Cincinnati GulfportBiloxi Leominster Manchester HuntingtonBeach BoiseCity Eugene Bethlehem Beaumont Detroit Lacey Irving ColoradoSprings Layton Kennewick LasVegas Layton Bloomington Boston Chandler LittleRock Greensboro Abilene Dallas LosAngeles Jefferson BatonRouge Cambridge Burbank Burlington Garland Albany Bryan Aberdeen Barnstable Brownsville Fayetteville Durham DalyCity Houston Fresno Kalamazoo Charlotte Jacksonville Gilbert Kenosha Hampton Lafayette Hampton Frederick Carrollton KansasCity FortWorth Berkeley FortWorth KansasCity Canton ElkGrove Harrisburg Champaign Elkhart Bremerton Allentown Corona AppleValley Kissimmee Amarillo FortWaltonBeach FortSmith Akron FortCollins
74
Aberdeen Aberdeen
Abilene Abilene
Akron Akron Elizabeth
Albany Lorain
Allentown Allentown
Amarillo Alexandria Amarillo
AnnArbor AnnArbor
AppleValley AppleValley
Arvada Albuquerque Arvada Erie
Bakersfield Bakersfield
Barnstable Barnstable
BatonRouge Augusta
Beaumont Beaumont
Bellevue Bellevue
Berkeley Berkeley ElMonte
Bethlehem Bethlehem
BoiseCity BoiseCity
Boston DesMoines
Bremerton Bremerton Grayslake
Brownsville Brownsville
Bryan CedarRapids
Burbank Burbank
Burlington Indianapolis
Canton DavidsonCounty
Carrollton Carrollton
Champaign Champaign
Chandler Chandler
Charleston Baltimore BonitaSprings
Clearwater Chicago
CollegeStation Boise CollegeStation ElPaso
ColoradoSprings ColoradoSprings
Dallas Bradenton Dallas
DalyCity DalyCity
Detroit Detroit
ElkGrove Irvine
Elkhart Elkhart
Eugene Eugene
Evansville Danbury Evansville
Fairfield Fairfield
Fargo Fargo
Fayetteville Appleton Fayetteville
FortCollins FortCollins Hollywood
FortWaltonBeach FortWaltonBeach
Frederick Frederick
Fresno Fresno
Garland Garland GrandRapids
Gilbert Gilbert
GulfportBiloxi Fremont
Hampton Hampton
Harlingen Harlingen
Harrisburg Fontana Harrisburg
Hickory Hickory
Houston Houston
HuntingtonBeach Henderson
Independence Independence
Inglewood Inglewood
Irving Cary Irving
Jacksonville Jacksonville
Jefferson Jefferson
Joliet Joliet LasCruces
Kalamazoo Kalamazoo
KansasCity CapeCoral
Kennewick Anaheim Kennewick
Knoxville Hemet Knoxville
Lacey Brighton Lacey
Lafayette Lafayette Lakewood
Lakeland Lakeland
Lancaster Anchorage Lancaster
LasVegas Austin Cleveland
Layton Denver Layton
Leominster Leominster
LittleRock LittleRock
Lubbock Louisville Lubbock
Manchester Atlanta Manchester
