BatonRouge Bellevue Buffalo AtlanticCity Boulder Birmingham AnnArbor Beaumont Albuquerque Bremerton Allentown Appleton Aurora Aberdeen BonitaSprings Bethlehem Augusta Barnstable Baltimore AppleValley Atlanta Bradenton Bellevue BatonRouge
19
Aberdeen Aberdeen BoiseCity
Albuquerque Albuquerque Boston
Allentown Arvada
AnnArbor AnnArbor
Atlanta Atlanta Berkeley
AtlanticCity AtlanticCity
Augusta Albany
Aurora Aurora
Barnstable Barnstable
BatonRouge BatonRouge
Beaumont Beaumont
Bellevue Anchorage Burbank
Bethlehem Bethlehem
Birmingham Birmingham Bryan
BonitaSprings Amarillo
Boulder Boulder
Bradenton Bradenton Cambridge
Bremerton Abilene
Buffalo Buffalo
