152 75 50 183 9 81 166 35 95 0 62 155 121 104 12 182 5 113 4 53 82 69 126 37 101 139 65 144 6 38 13 76 140 169 36 142 36 87 171 68 66 147 116 133 41 149 24 143 24 173 94 130 88 51 154 78 123 170 129 22 112 31 111 168 73 21 74 108 89 187 14 85 61 45 160 157 162 97 27 152
60
0 184 0
5 5
9 9
12 12
13 13 42
21 92
27 27
31 31
35 35
37 37
38 38
41 41
45 45
50 50 153
51 172 51
53 53
61 79
62 145
65 65
66 66
73 73
75 75
78 78
81 81
82 181
85 85 96
87 87
89 89 60
94 94
95 95
97 97
101 101
108 136 8
111 111
112 112
113 113
116 116 165
121 121
126 126
129 54
130 130 180
133 90
139 134 139
140 105
142 142 28
143 143 151
144 144
147 56
149 163 149
154 2
155 58
157 157
160 175
166 166
168 168
169 169
170 170
171 171
182 182
183 183
