0 92 93 154 21 115 25 116 14 177 121 94 122 178 12 43 100 163 164 2 176 119 50 118 23 196 149 148 88 150 36 169 109 110 17 67 85 137 188 187 136 30 166 165 103 59 104 30 189 139 96 140 96 60 142 191 192 143 60 64 35 113 112 27 197 198 152 51 7 146 194 193 145 80 146 7 108 31 106 167 168 107 31 78 91 133 185 33 179 180 125 97 126 38 183 130 95 131 184 41 129 77 127 181 41 160 161 0
84
0 162
17 111
25 117
33 186
35 114
43 101 102
50 120
51 151 153
59 105
60 144
77 128
80 147
85 138
91 134 135
92 157 158 159
93 155 156
94 123
95 132
96 141
97 124
100 100
103 103
104 104
106 106
107 107
108 108
109 109
110 110 170
112 112 171
113 113 172
115 115 173
116 116 174
118 118 175
119 119
121 121
122 122
125 125
126 126
127 127
129 129
130 130
131 131
133 133
136 136
137 137
139 139
140 140 190
142 142
143 143
145 145
146 146
148 148 195
149 149
150 150
152 152
154 154
160 160
161 161
163 163
164 164
165 165
166 166
167 167
168 168
169 169
176 176
177 177
178 178
179 179
180 180
181 181 182
183 183
184 184
185 185
187 187
188 188
189 189
191 191
192 192
193 193
194 194
196 196
197 197
198 198
