1 4 2 98 83 98 2 4 1 87 91 97 91 87 83 0 97 95 94 95 0 72 94 86 72 22 86 45 42 64 54 99 51 85 16 80 78 80 16 44 47 46 48 45 27 45 22 29 39 40 39 29 27 18 73 30 73 18 40 23 30 28 31 50 32 50 31 28 23 26 41 26 32 19 41 36 37 65 37 36 19 12 65 8 13 14 33 20 33 14 13 8 12 11 20 9 17 21 25 21 17 9 11 10 25 3 10 5 7 5 3 76 89 88 89 76 78 24 88 67 75 81 67 24 49 81 38 57 61 79 61 57 38 49
31
1 15
7 6 7
16 16
20 20
24 24
36 36
38 38
42 42
44 44
45 45
46 46
47 47
48 48
49 59 34 53 56 52 70 55 74 49
51 51
54 54
57 57
61 61
64 64
67 67
75 75
76 76
78 78
79 77 79
80 80
81 68 90 63 82 60 69 81 62 58 66
85 85
88 88
89 89
94 94
99 99
