Soda GBC ClarkKerr Barrows GoldenStatePark Morgan Sproul BC Wheeler Foothill BWW TheRoof Blackwell Hertz MLK LakeMerrit RSF Unit3 Doe Mulford Unit2 MainStacks Stephans Unit1 Haas MemorialStadium Wellman Soda
26
Doe Doe
Wheeler Wheeler
Stephans Stephans
Haas Haas
Hertz Hertz
Barrows Barrows
RSF RSF
Sproul Sproul
GBC GBC
MLK MLK
BWW BWW
MemorialStadium MemorialStadium
MainStacks MainStacks
Morgan Morgan
Mulford Mulford
Wellman Wellman
Unit1 Unit1
Unit2 Unit2
Unit3 Unit3
Blackwell Blackwell
BC BC
Foothill Foothill
ClarkKerr ClarkKerr
LakeMerrit LakeMerrit
GoldenStatePark GoldenStatePark
TheRoof TheRoof
