Soda Fontana Tang InternationalHouse Tuxcacuesco TripleRock Compton Ashby Tako SanMiguel Venus Jalisco ChiOmega Emeryville Tijuana ElGrullo Kips AlphaChi CREAM Upland SantaBarbara Rasputin BAMPFA ChezPanisse Perris BerkeleyHillel LosAngeles Tuhuamixtel Platano Saturn SanDiego Whittier DeltaDelta Chino FantasticComics BerkeleyHigh VictoryPoint Irvine Jupiter Riverside MexicoCity Guadalajara Myto Gregoire Talpa Pomona CafeTibet Sacramento Mars SanBernardino Cancun SigmaKappa BayStreet SouthGate AlphaCentauri DKingGallery Soda
55
ChiOmega ChiOmega
SigmaKappa SigmaKappa
AlphaChi AlphaChi
DeltaDelta DeltaDelta
InternationalHouse InternationalHouse
BerkeleyHillel BerkeleyHillel
BerkeleyHigh BerkeleyHigh
Jupiter Jupiter
Mars Mars
Venus Venus
Saturn Saturn
AlphaCentauri AlphaCentauri
Gregoire Gregoire
BayStreet BayStreet
Emeryville Emeryville
Pomona Pomona
Compton Compton
Ashby Ashby
Perris Perris
Fontana Fontana
SanBernardino SanBernardino
Upland Upland
Chino Chino
Whittier Whittier
SouthGate SouthGate
Tijuana Tijuana
SanDiego SanDiego
Jalisco Jalisco
Guadalajara Guadalajara
SanMiguel SanMiguel
Tuxcacuesco Tuxcacuesco
Talpa Talpa
ElGrullo ElGrullo
MexicoCity MexicoCity
Tuhuamixtel Tuhuamixtel
Myto Myto
Kips Kips
TripleRock TripleRock
Rasputin Rasputin
CREAM CREAM
Tako Tako
Tang Tang
Cancun Cancun
DKingGallery DKingGallery
BAMPFA BAMPFA
Platano Platano
CafeTibet CafeTibet
FantasticComics FantasticComics
SantaBarbara SantaBarbara
Sacramento Sacramento
LosAngeles LosAngeles
Irvine Irvine
Riverside Riverside
VictoryPoint VictoryPoint
ChezPanisse ChezPanisse
