5 4 33 137 42 165 193 29 78 179 32 166 199 48 46 154 187 74 170 136 117 83 104 171 112 10 135 35 22 175 96 155 40 123 62 36 91 150 130 64 37 0 27 174 101 1 99 23 95 116 134 71 119 67 119 192 18 190 93 86 85 184 196 77 189 103 162 52 121 34 133 68 133 34 138 69 183 69 138 55 102 158 45 47 81 76 2 60 72 90 149 28 180 65 30 25 105 17 66 75 109 58 109 94 39 94 5
81
0 53
1 1
2 2
10 10
17 17
18 18
22 22
25 25
28 28
29 164
32 32
33 33
34 9 34
35 26 188 110
36 11
37 37 177
39 39 92
42 42
45 14
46 46
47 47 43
48 48
52 52
55 55
58 152 58
64 64
65 178
67 67 41
68 68 56
69 69 153
71 71
74 31
75 75
76 76 156
77 140 143 77
78 100 78
81 81 151
83 83
85 85
86 44
90 159
91 91
94 20
96 96
99 99
101 101
102 102
103 103
104 104
105 105
109 168
112 146
116 116
121 157
123 123
133 133
134 50
135 135
137 137
138 138 61
149 149
150 194
154 154
158 158 80
162 162
165 63 173
166 122
170 170
171 171
174 174
179 179
180 180
183 51 183
184 184
187 187
189 189
190 16
192 192
193 193
196 196
199 199
