COM COL IDN HTI GUM HKG MDA GLP REU SDN MEX POL ARE AND ALB QAT SGP RUS BLZ BEN BLM BHR BDI AZE BIH PRY NPL MMR HMD HRV LCA KOR LBN JPN HUN PAK GNQ COD CHN SHN SGS MUS DJI DMA RWA LUX LAO KGZ CRI MLT PSE NRU CAF BVT LKA KWT LTU LIE CPV COK HND GRC GMB NGA NFK NGA FSM FIN GAB GBR FRA ESH ECU ESP GEO GHA GIB EGY MYS IRN NIU CZE DEU CXR MWI ATG AUS NIC ABW NER COM
78
SHN SHN
SGS LBR KHM NZL SGS
SDN SDN
RWA RWA
RUS RUS
REU REU AFG
PSE PSE
PRY MOZ PRY
POL PNG POL
PAK PAK
NRU NRU
NPL NPL
NIU NIU
NIC IRL NIC
NFK NFK JEY ALA
NER NER MTQ
MYS DZA
MWI ITA
MUS MYT
MMR MMR
MEX MEX
MDA MDA
LUX LUX
LTU LTU
LKA LKA
LIE LIE
LBN LBN
LAO LAO
KWT KWT
KOR KOR
KGZ KNA
JPN JPN
IRN IRN IOT
IDN IDN
HUN HUN
HTI CAN HTI
HRV HRV
HND HND MAR
HMD HMD
HKG HKG KAZ
GUM GUM
GRC GRC
GNQ GNQ
GMB PAN GMB
GIB GIB
GHA GHA
GEO GEO
GBR GBR
GAB GAB
FSM GIN FSM
FRA FRA
FIN FIN
ESP ESP
ESH ESH
EGY EGY
ECU ECU
DMA DMA
DJI DJI
DEU CYP DEU
CXR CXR
CPV MAC MLI CPV
COL COL
COK COK
COD COG COD
CHN CHN
CAF CIV CAF
BLM BLM
BIH BHS
BHR BHR BMU
BEN BEN
BDI BDI
AZE AZE
AUS AUS
ATG ATG
ARE ARE
AND ARM
ALB ALB
ABW ABW
