DZA GBR FRA FRO GEO HND DMA ATA ATF ASM DOM CUW DNK ARE CYM BGD BFA BLM BES BLR CCK CMR HKG GRL GLP BGR BDI BEL BRN COD CAN CIV BVT CAF COG GTM GUY GNQ GRD GUM ETH ERI FSM ECU FIN GAB ESP AND ALB DZA
39
HND HND
HKG HKG
GUY GRC CUB
GTM HMD
GRD GRD
GNQ GNQ
GLP GLP
GEO GEO
GBR GBR
FSM FSM GHA
FRO FRO
FRA FRA
FIN FLK FIN ABW
ERI ERI
ECU ECU
DOM BHS DOM AUS
DNK DNK
DMA DJI
CYM CYM CXR CZE
CUW CUW
COG COG
COD COD
CIV CHE
CCK CCK
CAN BRB CAN
CAF CAF
BVT BVT
BRN BRN
BLR BEN BLR
BLM BLM
BGD BGD
BFA BFA
BES BES
BDI BDI
ATF ATF
ATA ATA
ARE ARE
AND AND
ALB ARG ALB
