Wurster Moses Kleeberger Goldman Recreational California Hesse Salem Boston Tennessee Montgomery Silver McLaughlin Pitzer Cory Nevada North Chan Oregon Anthony Blackwell Parking Juneau Idaho Vermont Simpson Stanley Optometry Massachusetts Alabama Sather Sutardja Florida Gilman Hazardous Frank Honolulu Class Hilgard Barrows Brain Moffitt Spieker Indianapolis Pennsylvania Raleigh Observatory Maxwell Simon Visitor Wurster
50
Wurster Wurster
Barrows Barrows
Class Class
Simon Simon
Hilgard Hilgard
Hesse Hesse
Visitor Visitor
Alabama Alabama
Montgomery Montgomery
Tennessee Tennessee
Kleeberger Kleeberger
Goldman Goldman
Moses Moses
Recreational Recreational
California California
Moffitt Moffitt
Blackwell Blackwell
Boston Boston
Indianapolis Indianapolis
Salem Salem
Brain Brain
Massachusetts Massachusetts
Spieker Spieker
Honolulu Honolulu
Maxwell Maxwell
Optometry Optometry
Raleigh Raleigh
Juneau Juneau
Observatory Observatory
Pennsylvania Pennsylvania
Parking Parking
Vermont Vermont
McLaughlin McLaughlin
Frank Frank
Pitzer Pitzer
Oregon Oregon
Stanley Stanley
Hazardous Hazardous
Chan Chan
Sutardja Sutardja
Idaho Idaho
Anthony Anthony
Simpson Simpson
Cory Cory
Gilman Gilman
Sather Sather
Florida Florida
North North
Nevada Nevada
Silver Silver
