Donner McCone Optometry Helena Cyclotron Haste Wurster Providence Haas Phoenix Life Tallahassee Gilman Recreational Gayley Foothill Iowa Old Minnesota Ishi Illinois Topeka North Juneau Santa Donner
25
Donner Donner
Cyclotron Cyclotron
Helena Helena
North North
McCone McCone
Juneau Juneau
Wurster Wurster
Optometry Optometry
Haas Haas
Santa Santa
Phoenix Phoenix
Illinois Illinois
Haste Haste
Providence Providence
Life Life
Topeka Topeka
Foothill Foothill
Minnesota Minnesota
Ishi Ishi
Gilman Gilman
Tallahassee Tallahassee
Old Old
Gayley Gayley
Recreational Recreational
Iowa Iowa
