YuhuaEast Sennett SerangoonGarden Sennett ChinaSquare SerangoonNorth TagoreSindo Sembawang EastCoast Sentosa KampongUbi TelokBlangahRise SungeiKadut HougangCentral Saujana BoatQuay Aljunied YioChuKang WaterwayEast SungeiRoad Commonwealth Chatsworth TuasNorthPioneer WestCoast SouthernIslands HongKahNorth KeatHong Dunearn UluPandan Serangoon ClementiCentral Mandai ChengSan BoonLayPlace LowerSeletar PearlsHill MandaiEast Boulevard TampinesNorth NatureReserve MandaiWest Kranji PangSua DairyFarm PeiChun JurongPort Mountbatten Northland WoodlandsWest BukitBatokSouth PasirPanjang2 SerangoonCentral Khatib SimpangNorth Paterson PulauPunggolTimor ReservoirView EvertonPark ClementiNorth SenokoSouth LoyangEast Kembangan HongKah OneTreeHill SembawangStraits Shipyard ClarkeQuay Matilda OrangeGrove PeoplesPark BayfrontSubzone Punggol BenoiSector MountPleasant PayaLebarEast TohGuan Museum Moulmein PayaLebarNorth SembawangEast TiongBahru TuasBay PunggolField Woodleigh MountEmily KebunBahru Tampines PengSiang BukitBatokWest DhobyGhaut LittleIndia KianTeck WoodlandsSouth ChangiPoint AngMoKioTownCentre Anson ClementiWest IstanaNegara BedokNorth CityHall TelokBlangahDrive YuhuaEast
86
Sentosa Sentosa
MountEmily GeylangEast
BedokNorth BedokNorth
SungeiKadut SungeiKadut
KianTeck Port
SerangoonCentral SerangoonCentral
BayfrontSubzone BayfrontSubzone
PearlsHill PearlsHill
ClarkeQuay BedokSouth
YioChuKang YioChuKang
Punggol Punggol
EastCoast EastCoast
Moulmein Moulmein
BoatQuay BoatQuay
PeoplesPark PeoplesPark
Boulevard RochorCanal
MandaiEast MandaiEast
TuasBay TuasBay
Anson OneNorth
BoonLayPlace BoonLayPlace
TagoreSindo TagoreSindo
WaterwayEast WaterwayEast
SimpangNorth SimpangNorth AlexandraNorth
Kembangan Kembangan
Paterson Paterson
Matilda Matilda
PunggolField PunggolField
SerangoonNorth SerangoonNorth
JurongPort JurongPort JooSengPayaLebar
LowerSeletar LowerSeletar
KeatHong KeatHong
AngMoKioTownCentre AngMoKioTownCentre
SerangoonGarden SerangoonGarden SingaporeRiver
DairyFarm DairyFarm
KebunBahru KebunBahru
TuasNorthPioneer TuasNorthPioneer
Khatib Khatib
HongKah HongKah UpperThomson
BukitBatokSouth BukitBatokSouth
PulauPunggolTimor PulauPunggolTimor
ChinaSquare ChinaSquare
Shipyard Shipyard PasirRisPark
Sembawang Sembawang
KampongUbi Brickworks
Chatsworth InstitutionHill Chatsworth
ClementiWest JurongWestCentral
Tampines Tampines
Sennett Sennett
CityHall CityHall
Mountbatten Mountbatten
PayaLebarEast PayaLebarEast
OneTreeHill OneTreeHill Trafalgar
OrangeGrove OrangeGrove
DhobyGhaut DhobyGhaut
Museum Museum
Aljunied Aljunied
Serangoon Serangoon
SembawangEast TuasPromenade
ReservoirView ReservoirView
BukitBatokWest BukitBatokWest
TohGuan PasirRisDrive TohGuan
NatureReserve ChangiWest
SembawangStraits SembawangStraits
SouthernIslands SouthernIslands
TiongBahru TiongBahru
ClementiNorth ClementiNorth
WoodlandsWest WoodlandsWest
Saujana ChoaChuKang Saujana
SungeiRoad SungeiRoad
TampinesNorth TampinesNorth
UluPandan UluPandan YioChuKangEast
WoodlandsSouth Cairnhill
Commonwealth KentRidge Commonwealth
PeiChun PeiChun
ChangiPoint ChangiPoint
TelokBlangahRise TelokBlangahRise
HongKahNorth HongKahNorth
BenoiSector BenoiSector
Northland Northland
EvertonPark EvertonPark
Mandai PasirRis Geylang Mandai
PayaLebarNorth Tanglin
IstanaNegara IstanaNegara
PangSua PangSua
Dunearn SembawangHills
HougangCentral HougangCentral DefuIndustrialPark
