LeonieHill ChangiPoint SungeiKadut KampongUbi Shipyard NeeSoon OrangeGrove DefuIndustrialPark OrangeGrove NeeSoon JurongWestCentral Kranji Sennett Outram MonksHill Townsville ChoaChuKangCentral LoyangEast YuhuaWestBoonLay TampinesWest Novena Clementi Victoria SerangoonGarden Lavender NorthCoast MandaiWest YioChuKang AnchorvaleBuangkok KallangWay SungeiRoad SembawangSprings PasirRisPark Sentosa Guilin GreenwoodPark FarrerPark Frankel Semakau WesternIslands PasirPanjang2 TanjongRhu GeylangBahru AirportRoad ChangiWest ClementiCentral YishunCentral PunggolTownCentre CompassvaleTrafalgar Changi Ridout BishanEast Yishun Phillip TanglinHalt TuasBay LeonieHill
44
PasirPanjang2 PasirPanjang2
YioChuKang Boulevard YioChuKang
SungeiRoad SungeiRoad KampongGlam
FarrerPark FarrerPark
NorthCoast NorthCoast
Townsville Townsville
KallangWay KallangWay
Shipyard Shipyard
Yishun Yishun
Sennett Sennett
NeeSoon NeeSoon
Victoria Victoria
PunggolTownCentre PunggolTownCentre
JurongWestCentral JurongWestCentral
Novena Novena SingaporePolytechnic
Ridout Ridout
Guilin Guilin
DefuIndustrialPark Tyersall DefuIndustrialPark
CompassvaleTrafalgar ConeyIsland
TuasBay TuasBay
OrangeGrove OrangeGrove
YishunCentral Woodgrove
MonksHill MonksHill
SembawangSprings SembawangSprings
ChoaChuKangCentral ChoaChuKangCentral
SerangoonGarden SerangoonGarden
Phillip Phillip
ChangiWest ChangiWest
Semakau Semakau
SungeiKadut SungeiKadut
AirportRoad AirportRoad
ClementiCentral ClementiCentral
MandaiWest MandaiWest BukitBatokCentral
TanglinHalt TanglinHalt
Kranji Kranji
TampinesWest TampinesWest
GeylangBahru Springleaf
GreenwoodPark Trafalgar GreenwoodPark
BishanEast BishanEast
YuhuaWestBoonLay YuhuaWestBoonLay
Outram Outram
Sentosa Sentosa
AnchorvaleBuangkok AnchorvaleBuangkok
LoyangEast LoyangEast
