BukitBatokEast RiverValley Hillcrest Bayshore ChoaChuKang NeeSoon AirportRoad Tyersall JooKoon Sembawang GhimMoh SimpangNorth TanjongPagar CityHall Springleaf SwissClub Frankel Tengeh Safti LowerSeletar DowntownCore Gombak Redhill RobertsonQuay Sudong SungeiRoad Simei BukitBatokEast
22
Frankel Frankel
BukitBatokEast LeonieHill TiongBahruStation
Redhill Redhill PearlsHill
Sudong Sudong
DowntownCore DowntownCore
Sembawang Sembawang
SimpangNorth SimpangNorth
Tengeh Tengeh
LowerSeletar LowerSeletar
Simei Simei
ChoaChuKang ChoaChuKang
TanjongPagar TanjongPagar
Tyersall Tyersall
JooKoon JooKoon
SwissClub SwissClub
NeeSoon NeeSoon
Safti GaliBatuMandai Safti
CityHall CityHall
RiverValley RiverValley
Hillcrest Hillcrest
GhimMoh GhimMoh
SungeiRoad SungeiRoad
