Qwilfish Drampa Shellos Tsareena Woobat Escavalier Weezing Bastiodon Shellder Vespiquen Wartortle Steenee Volcarona Magmar Phanpy Skiddo Noibat Metapod Inkay Slurpuff Metang Terrakion Politoed Tornadus Gengar Bounsweet Whismur Lumineon Comfey Nincada Seaking Treecko Kakuna Dewpider Froakie Magnemite Yungoos Xerneas Wailord Plusle Jumpluff Vullaby Paras Taillow Drapion Lotad Skorupi Munna Swadloon Tauros Amoonguss Stufful Conkeldurr Zekrom Weepinbell Honedge Scatterbug Crawdaunt Porygon2 Meloetta Sandile Simisear Slowbro Tropius Qwilfish
64
Qwilfish Qwilfish
Simisear Simisear
Phanpy Phanpy
Terrakion Terrakion
Drapion Drapion
Meloetta Meloetta
Volcarona Volcarona
Slurpuff Slurpuff
Skiddo Skiddo
Politoed Politoed
Tropius Tropius
Sandile Sandile
Magmar Magmar
Metang Metang
Taillow Taillow
Porygon2 Porygon2
Slowbro Slowbro
Drampa Drampa
Noibat Noibat
Lotad Lotad
Scatterbug Scatterbug
Vullaby Vullaby
Inkay Inkay
Steenee Steenee
Tornadus Tornadus
Skorupi Skorupi
Dewpider Dewpider
Shellos Shellos
Metapod Metapod
Wartortle Wartortle
Crawdaunt Crawdaunt
Paras Paras
Froakie Froakie
Nincada Nincada
Gengar Gengar
Honedge Honedge
Amoonguss Amoonguss
Tsareena Tsareena
Jumpluff Jumpluff
Vespiquen Vespiquen
Munna Munna
Kakuna Kakuna
Magnemite Magnemite
Whismur Whismur
Xerneas Xerneas
Weezing Weezing
Zekrom Zekrom
Woobat Woobat
Comfey Comfey
Bounsweet Bounsweet
Seaking Seaking
Tauros Tauros
Weepinbell Weepinbell
Stufful Stufful
Shellder Shellder
Plusle Plusle
Treecko Treecko
Swadloon Swadloon
Lumineon Lumineon
Yungoos Yungoos
Bastiodon Bastiodon
Wailord Wailord
Escavalier Escavalier
Conkeldurr Conkeldurr
