Latias Dartrix Keldeo Petilil Luvdisc Staryu Infernape Noivern Jigglypuff Unown Raticate Primeape Vibrava Charmeleon Vibrava Elgyem Aggron Relicanth Exeggutor Wurmple Zorua Latias
18
Latias Shelgon Toxicroak
Wurmple Wurmple Bounsweet
Jigglypuff Jigglypuff
Primeape Primeape
Luvdisc Luvdisc
Dartrix Dartrix
Raticate Raticate
Charmeleon Charmeleon Golisopod
Relicanth Relicanth
Noivern Talonflame Noivern Reshiram Palkia
Unown Magearna
Elgyem Elgyem
Petilil Petilil
Exeggutor Exeggutor
Infernape Infernape Scolipede
Staryu Staryu
Vibrava Vibrava
Keldeo Keldeo
