Soda EtcheverryHall WicksonNaturalArea Unit1 HertzHall SproulPlaza AnthonyHall VLSB BarkerHall PimentelHall CalvinLaboratory HearstGreekTheatre GilmanHall GoldmanField WheelerHall KroeberHall WestCircle Cory BlumHall Saratoga Hayward Unit3 HearstMiningCircle StadiumRimWay ChouHall EastGate BancroftLibrary Benicia IshiCourt SanRafael Fairfield WursterHall ZellerbachPlayhouse MulfordHall ZellerbachHall WellmanHall SternHall MLK Healdsburg SutardjaDaiHall EvansHall SanRamon Hillsborough Pacifica LowerSproulPlaza Alameda GiauqueHall Orinda Oakley BarrowsHall LewisHall DonnerLab NorthGateHall Piedmont FoundersRock MinorHallAddition StHelena KleebergerFieldHouse SatherTower Pittsburg SimonHall MartinezCommons Soda
61
MartinezCommons MartinezCommons
GoldmanField GoldmanField
Orinda Orinda
Hayward Hayward
WursterHall WursterHall
AnthonyHall AnthonyHall
BarrowsHall WestGate
SutardjaDaiHall Campanile Insectary
DonnerLab DonnerLab
MinorHallAddition MinorHallAddition
WellmanHall WellmanHall
Pittsburg Pittsburg
ZellerbachPlayhouse ZellerbachPlayhouse
BlumHall BlumHall
SternHall SternHall
PimentelHall PimentelHall
Oakley Oakley
MulfordHall MulfordHall
StadiumRimWay StadiumRimWay
MLK Brisbane WomenFacultyClub
FoundersRock FoundersRock
Hillsborough Hillsborough
ZellerbachHall ZellerbachHall
SimonHall ClearyHall Pinole
Pacifica Pacifica
LowerSproulPlaza LowerSproulPlaza
SanRafael Albany SanRafael
KroeberHall KroeberHall
HearstMiningCircle HearstMiningCircle
CalvinLaboratory CalvinLaboratory
EtcheverryHall EtcheverryHall
BarkerHall BarkerHall
Alameda Alameda
KleebergerFieldHouse KleebergerFieldHouse
Saratoga Saratoga
GiauqueHall GiauqueHall
Cory Cory
Healdsburg Healdsburg
LewisHall LewisHall
IshiCourt IshiCourt ClarkKerrCampus SanPablo
EastGate EastGate
Piedmont Piedmont
ChouHall Belmont ChouHall
GilmanHall GilmanHall
Fairfield Fairfield
StHelena StHelena
NorthGateHall NorthGateHall HargroveMusicLibrary
WheelerHall WheelerHall
WestCircle WestCircle
HertzHall HertzHall
SatherTower SatherTower
HearstGreekTheatre HearstGreekTheatre
SanRamon SanRamon
Benicia Benicia
SproulPlaza Emeryville SproulPlaza
Unit3 Unit3
BancroftLibrary BancroftLibrary
VLSB FrankSchlessingerWay
Unit1 Unit1
EvansHall EvansHall
WicksonNaturalArea WicksonNaturalArea
