Fizz Bane VelKoz Mirana KhaZix Quinn NightStalker ShadowShaman Medusa Slardar Sven Weaver Thresh Ekko WinterWyvern Omniknight Terrorblade Talon Tiny Beastmaster FacelessVoid Zed Rumble Rubick Vladimir Kennen Nidalee Katarina Gragas Amumu StormSpirit Zilean Techies Singed Timbersaw DeathProphet Pantheon JarvanIV Janna Undying Warlock Huskar TrollWarlord TahmKench Cassiopeia SpiritBreaker Puck Tristana Brewmaster ShadowFiend LeBlanc Karma Jayce Sona Orianna Kled Xayah Azir Heimerdinger Annie Sniper Oracle LoneDruid Kassadin Magnus CentaurWarrunner ShadowDemon Trundle Leona Rengar Jinx Nunu Syndra Venomancer BountyHunter Fiddlesticks Ziggs Morphling Lucian Chen Visage Ryze Irelia Kayn Vi Slark Yorick Nasus Viktor Fizz
89
BountyHunter BountyHunter
Talon Talon
Medusa Medusa
Rengar Rengar
Techies Techies
ShadowFiend ShadowFiend
WinterWyvern WinterWyvern
Terrorblade Terrorblade
Nasus Nasus
Fizz Fizz
Mirana Mirana
Leona Leona
Ekko Ekko
Oracle Oracle
Xayah Xayah
ShadowDemon ShadowDemon
Thresh Thresh
Sona Sona
Venomancer Venomancer
Nunu Nunu
Annie Annie
Visage Visage
Lucian Lucian
Jayce Jayce
Warlock Warlock
Kennen Kennen
Amumu Amumu
Karma Karma
Chen Chen
Viktor Viktor
Kassadin Kassadin
Nidalee Nidalee
Beastmaster Beastmaster
Slardar Slardar
TrollWarlord TrollWarlord
Weaver Weaver
Sniper Sniper
Sven Sven
Vladimir Vladimir
Yorick Yorick
Ziggs Ziggs
SpiritBreaker SpiritBreaker
KhaZix KhaZix
ShadowShaman ShadowShaman
Vi Vi
Heimerdinger Heimerdinger
Rumble Rumble
VelKoz VelKoz
Puck Puck
Ryze Ryze
Cassiopeia Cassiopeia
NightStalker NightStalker
Azir Azir
Omniknight Omniknight
Kayn Kayn
StormSpirit StormSpirit
Orianna Orianna
Zilean Zilean
Brewmaster Brewmaster
Pantheon Pantheon
JarvanIV JarvanIV
Timbersaw Timbersaw
Janna Janna
Singed Singed
Jinx Jinx
TahmKench TahmKench
Undying Undying
Syndra Syndra
Quinn Quinn
Irelia Irelia
Rubick Rubick
Zed Zed
Slark Slark
CentaurWarrunner CentaurWarrunner
Fiddlesticks Fiddlesticks
LoneDruid LoneDruid
Tiny Tiny
LeBlanc LeBlanc
DeathProphet DeathProphet
Kled Kled
Morphling Morphling
FacelessVoid FacelessVoid
Katarina Katarina
Huskar Huskar
Magnus Magnus
Tristana Tristana
Bane Bane
Gragas Gragas
Trundle Trundle
