Pantheon LoneDruid Oracle Ashe Shyvana Jayce Slark Ahri ArcWarden MasterYi TrollWarlord Talon Lux Draven Jinx Morgana Malphite Xerath Skarner Jhin Kled Lich ChaosKnight SpiritBreaker Rumble NightStalker Magnus Tailyah Bristleback Maokai Bard BountyHunter Phoenix Galio CentaurWarrunner Ziggs Akali Heimerdinger Tiny Anivia Disruptor KogMaw CrystalMaiden Lucian Jax WraithKing Nunu Ezreal Spectre Pantheon
48
MasterYi MasterYi
Tailyah Tailyah
Ahri Ahri
Galio Galio
Phoenix Phoenix
Spectre Spectre
Ezreal Ezreal
KogMaw KogMaw
Jayce Jayce
Morgana Morgana
TrollWarlord TrollWarlord
Oracle Oracle
Jax Jax
Shyvana Shyvana
Akali Akali
Malphite Malphite
Anivia Anivia
Bristleback Bristleback
Skarner Skarner
Bard Bard
SpiritBreaker SpiritBreaker
Slark Slark
Lich Lich
CrystalMaiden CrystalMaiden
ArcWarden ArcWarden
Ashe Ashe
Kled Kled
Magnus Magnus
Maokai Maokai
Nunu Nunu
BountyHunter BountyHunter
Rumble Rumble
Jinx Jinx
Lucian Lucian
Xerath Xerath
CentaurWarrunner CentaurWarrunner
Disruptor Disruptor
Heimerdinger Heimerdinger
Tiny Tiny
ChaosKnight ChaosKnight
Lux Lux
Jhin Jhin
Draven Draven
Ziggs Ziggs
WraithKing WraithKing
Talon Talon
NightStalker NightStalker
LoneDruid LoneDruid
