6 1 4 0 2 6 11 18 10 12 19 16 14 13 15 11 24 20 23 26 28 24 30 33 38 39 30 42 40 44 48 44 42 55 51 55 67 66 64 60 66 63 62 67 73 74 78 72 79 75 77 70 74 73 80 81 80 96 90 95 97 98 92 96 103 105 101 102 107 100 103 111 114 112 115 118 113 111 124 128 121 125 124 133 139 134 130 137 138 132 133 143 148 149 147 146 143 158 150 158 168 163 167 166 168 172 176 170 178 172 189 180 186 184 182 189 199 196 191 190 194 197 198 199 6
76
0 8 0
1 1
2 7
4 4
10 10
14 14
15 15
18 18
19 19
20 20 21
23 23
26 26
30 31
38 36 38
39 39
40 41 40
48 46 48
51 50 51 59
55 57
60 60
62 62
63 63
64 65
67 69
74 74
75 75
77 77
78 78
79 79
80 88 85
81 87 81
90 90
95 95
97 97
98 98
100 109
101 101
105 106 105
107 107
112 112
113 113
114 114
115 115
118 118
121 120
124 126
125 125
128 129 128
130 130
132 132
134 134
137 137
139 139
146 146
147 144
148 148
149 145 149
150 153 150 157
158 152
163 163
166 166
167 167
168 164
170 170 179
172 177
176 176
178 178
180 185
182 182
184 181 187
186 186
190 190
191 191
194 194
196 196
198 198
