5 0 1 2 3 4 5 11 7 8 9 10 6 11 17 16 15 14 13 12 17 23 20 19 18 22 21 23 29 28 27 26 25 24 29 35 32 33 34 30 31 35 41 37 36 40 39 38 41 47 42 43 44 45 46 47 53 50 51 52 48 49 53 59 54 58 57 56 55 59 65 63 64 60 61 62 65 71 70 66 67 68 69 71 77 73 74 75 76 72 77 83 78 82 81 80 79 83 89 88 87 86 85 84 89 95 92 93 94 90 91 95 101 97 96 100 99 98 101 107 104 105 106 102 103 107 113 119 125 131 137 143 149 155 161 167 173 179 5
90
0 0
1 1
2 2
3 3
4 4
6 6
7 7
8 8
9 9
10 10
12 12
13 13
14 14
15 15
16 16
18 18
19 19
20 20
21 21
22 22
24 24
25 25
26 26
27 27
28 28
30 30
31 31
32 32
33 33
34 34
36 36
37 37
38 38
39 39
40 40
42 42
43 43
44 44
45 45
46 46
48 48
49 49
50 50
51 51
52 52
54 54
55 55
56 56
57 57
58 58
60 60
61 61
62 62
63 63
64 64
66 66
67 67
68 68
69 69
70 70
72 72
73 73
74 74
75 75
76 76
78 78
79 79
80 80
81 81
82 82
84 84
85 85
86 86
87 87
88 88
90 90
91 91
92 92
93 93
94 94
96 96
97 97
98 98
99 99
100 100
102 102
103 103
104 104
105 105
106 106
