187 68 162 185 32 45 70 199 195 63 48 158 94 4 29 153 37 120 13 59 133 131 109 22 71 181 124 128 102 175 142 73 117 140 65 183 148 123 82 127 101 92 184 126 58 159 157 83 53 35 56 33 167 194 80 189 89 54 97 154 180 44 160 39 69 171 93 41 146 114 79 90 21 108 106 152 12 6 149 169 190 136 178 161 77 2 30 173 166 78 172 144 87 36 179 110 7 99 196 67 47 156 86 187
88
2 2
6 6
7 7
12 12
13 13
29 29
30 30
32 32
33 33
36 36
37 42
39 39
41 41
44 44
45 45
47 47
48 48
53 53
54 54 55
58 95 58
59 59
63 63
65 65
67 67 18
68 68
69 69
70 70
71 71
73 73
77 107
78 78 164
79 79
80 80
82 82
83 83
86 86
87 87
89 89
90 90
92 92
93 93
94 94
97 97
102 9
106 111 163
108 108
109 109
110 110
114 114
117 117
120 120
123 15
124 23 124
126 126
127 127
128 128
131 131
133 133
136 136
140 140
142 142
144 119 8 52
146 146
148 148 150
149 132
152 152
153 153
154 134 154
156 156
157 157
159 176
160 160
161 191 161
162 162
166 166
169 169
171 171
172 172
173 173 72
175 175
180 180
181 181
183 183
184 184
190 190
194 165
196 196
199 199
