location1 location178 location27 location5 location44 location12 location128 location25 location15 location111 location152 location17 location57 location110 location67 location182 location37 location151 location106 location100 location92 location19 location190 location69 location10 location116 location165 location154 location127 location169 location143 location186 location75 location139 location187 location146 location88 location161 location135 location16 location140 location49 location189 location82 location91 location112 location91 location81 location40 location46 location62 location23 location149 location157 location138 location84 location136 location141 location98 location175 location32 location96 location85 location179 location158 location93 location188 location118 location43 location102 location29 location185 location103 location66 location2 location70 location95 location86 location196 location94 location130 location42 location172 location60 location184 location72 location181 location58 location133 location31 location20 location1
80
location1 location90
location2 location2
location5 location5 location114
location10 location10
location12 location12
location16 location16
location17 location17
location19 location193
location20 location20 location56
location25 location25
location27 location108 location27
location29 location35
location31 location26
location32 location87 location32
location37 location65 location37
location40 location40
location43 location43
location44 location44
location46 location123 location46
location49 location49
location57 location57
location58 location58
location60 location199
location66 location11
location69 location69 location107
location70 location150
location75 location75
location82 location82
location84 location109
location85 location85
location86 location195
location91 location91
location92 location92
location93 location93
location94 location22 location94
location95 location95
location96 location96
location98 location180
location100 location100 location33
location102 location197
location106 location106
location110 location110 location142
location111 location111
location112 location97 location68
location116 location116
location118 location118 location148
location127 location127
location128 location128
location130 location130
location133 location133
location135 location13
location136 location136 location30
location138 location6
location139 location139
location140 location140
location141 location105
location143 location143 location171
location146 location146
location149 location149
location151 location177 location59
location152 location152
location154 location154
location157 location157
location158 location158 location28
location161 location161
location165 location165
location169 location169
location172 location74 location172
location175 location175
location178 location178
location179 location179
location181 location181
location182 location182 location164
location184 location159 location184 location129
location185 location185
location186 location186
location188 location188
location189 location3
location190 location190
location196 location196
