location1 location31 location53 location54 location34 location19 location36 location29 location8 location61 location50 location45 location46 location56 location94 location14 location96 location68 location66 location72 location60 location85 location35 location43 location57 location30 location91 location32 location47 location23 location44 location42 location75 location89 location6 location10 location17 location38 location1 location21 location75
36
location6 location6
location8 location8
location10 location49 location10
location14 location80 location79
location17 location17
location19 location19 location71
location21 location21 location51
location23 location23
location29 location29
location30 location74 location30
location31 location31
location32 location32
location34 location2
location35 location35
location36 location36
location38 location38 location90
location42 location59 location42
location43 location43 location83
location44 location44
location45 location99 location45
location46 location46
location47 location47
location50 location58 location48
location53 location53
location54 location54
location56 location56
location57 location95 location57
location60 location77 location40 location3
location66 location66
location72 location72
location75 location75 location9
location85 location78
location89 location89
location91 location91
location94 location94
location96 location52
