190 75 166 56 74 60 76 49 185 112 85 149 156 1 155 62 170 139 193 146 171 71 66 179 100 89 117 22 25 68 56 45 153 5 172 4 151 102 151 120 181 118 148 177 159 81 147 67 165 93 189 111 30 141 94 113 182 2 99 134 188 95 162 108 54 50 57 169 176 21 16 34 55 64 44 82 52 84 186 23 168 103 44 64 65 38 145 80 58 83 129 132 92 114 135 190
78
1 1 142
2 2
4 47
5 5
21 21
22 22
23 23
25 104
30 30
34 34
38 38
44 44
45 45
50 50
52 138 52
54 54 163 32
55 55 36
56 56
57 57
58 33
60 60
62 62
65 65
66 66
67 67 8
68 10 68
71 71
76 76
80 40
81 173
82 61
83 83
84 192 84
92 92 106
93 93 116 164
94 94
95 95
99 99
100 100
102 109 198 102
103 103
108 3 69 133 108
111 111
112 112
113 123 113
114 114
117 117
118 118
129 129
132 132 152
135 135
139 139
141 141
145 137 121
146 146
147 27
149 149
151 29
153 153
156 156
162 162
165 165 136
166 166
168 168
169 169
170 46
171 195
172 172
176 176
177 177 101
179 11 179
181 181
182 182
185 185
186 186
188 188
189 189
193 193
