114 49 170 102 174 150 166 112 105 143 109 181 21 120 42 131 59 89 198 197 43 15 48 33 14 31 124 125 70 132 54 16 130 176 183 146 169 87 38 84 4 3 7 96 167 147 17 179 24 32 194 177 134 196 195 5 37 115 111 165 127 171 93 135 187 29 0 191 25 10 133 63 18 26 47 92 108 62 149 35 1 117 164 182 81 100 98 67 91 28 85 53 95 51 173 175 74 119 161 78 114
92
0 0
1 1
3 103 3
4 4
5 41 5
7 7
10 10
14 14
15 15
16 16
17 36
18 18
21 21
24 24
25 76
26 26
28 28
29 29
31 31
32 32
33 33
35 35
37 37
38 38
42 42
43 43
47 47
49 49
51 51
53 53
59 59
62 62
63 63
67 67
70 70
74 74
78 78
81 188 81
84 84
85 199
87 87
89 89
91 91
92 92
93 93
95 95
96 96
98 98
100 100
102 102
105 105
108 108
109 109
111 111
112 112
114 114
115 115
117 75 117
119 119
120 66
124 124
127 127 155
131 131
132 12
133 133
134 134
135 135
146 146
147 147
149 149
150 150
161 161
164 154 164
165 69
166 166
167 167
169 169
170 170
171 171
173 173
174 174 94
175 175
176 176
177 177
181 148 181
182 182
183 183
187 187
191 191
195 195
196 196
197 197
