gc bl an ft fo fd gh gn dx ga es eg fg bu gq v ai dn at a bq fe e ff fk fq p by bc ah ao cv cl ee cj el bi ey fn bb ap bx ad cq gj di gi d dh en ae dq aw h dj gg dp do fi bj ge cy fa fy db az cn g br er go ck ep cd am cr cp k cz b bn et df bv fw dy ab cm ds u dg gm fr q co as ac em gk gc
94
a a
b b
d d
e e
g g
p p
q q
u u
v v
ab ab
ac ac
ad ad
ae ae
ah ah
ai ai
am am
an an
ao ao
ap ap
as as
at at
aw aw
az az
bb bt bb
bc bc
bi bi
bj bj
bl bl
bn bn
bq bq
br br
bu bu
bv j bv
bx bx
by by
cj cj
ck ck
cl cs cl
cm cm
cn cn
co co
cp cp
cq cq
cr cr
cv cv
cy eq
cz cz
db db
df fh
dg dg
dh dh
di di
dj dj
dn dn
do do
dp dp
dq dq bp
ds ds
dx dx
dy dy
ee ee
el el
em em
en en
ep ep
er er
es es
et et
ey ey
fa fa
fd fd
fe fe
ff ff
fg y
fi fi
fk fk
fn fn
fo fo
fq fq
fr fr dw
ft ft
fw fw
fy fy cg
ga ga
ge ge
gg gg
gh gh
gi gi
gj gj
gk gk
gm gm
gn gn
go go
gq gq
