Liam Isaiah Joseph Mateo Alexander Mason Elijah Aiden William Logan Jaxson Brayden Adam Jayden Sawyer Benjamin Carter Dominic Eli Josiah Sebastian David Theodore Nicholas Jordan Roman Jordan Asher Luke Noah Owen Dylan Thomas Aaron Leo Isaiah Liam
26
Liam Liam
Noah Noah
William William
Logan Logan
Benjamin Benjamin
Mason Mason
Elijah Elijah
Alexander Alexander
Aiden Aiden
Joseph Joseph
Sebastian Sebastian
David David
Carter Carter
Jayden Jayden
Owen Owen
Dylan Dylan
Luke Luke
Isaiah Daniel
Thomas James
Eli Lucas Jackson Wyatt
Brayden Ethan Samuel
Dominic Oliver
Adam Henry
Jaxson Michael
Roman Jacob Matthew
Sawyer John
