Liam Jordan Jack Joshua Lucas Noah Maverick Anthony Angel Jaxson Weston Kevin Finn Kevin Nathan Connor Jasper Elliot Grayson Elliot Brody David Aaron Chase Greyson Eric Beau William Landon Bennett Hayden Zion Messiah John Matthew Jayce Gabriel Cameron Caleb Elliott Carter Santiago Kaleb Antonio Grant Max Lincoln Dylan Andrew Logan Nolan Elijah Nolan Ryan Xavier Steven James Steven Hunter Zachary Jude Joseph Robert Giovanni Ayden Brayden Jonathan Preston Richard Aiden Tucker Charles Tucker Colton Adam Malachi Bryson Malachi Edward Wyatt Gael Dawson Gavin Waylon Nicholas Daniel Jameson Benjamin Jameson Matteo Julian Josiah Justin Kai Brantley Braxton Jackson Ezra Ezekiel Maddox Xander Leonardo Jordan Liam
71
Liam Liam Evan
Noah Noah
William William
James James Isaac
Logan Logan
Benjamin Benjamin Jaxon
Elijah Elijah Adrian
Lucas Lucas
Daniel Daniel
Matthew Matthew
Aiden Aiden Mateo
Joseph Joseph
Jackson Jackson
David David
Carter Carter
Wyatt Wyatt
John John
Dylan Dylan
Gabriel Gabriel Dominic
Anthony Anthony
Grayson Alexander Grayson
Jack Jack
Julian Julian
Joshua Joshua
Andrew Oliver Andrew
Lincoln Lincoln
Ryan Ryan
Nathan Nathan
Aaron Michael Aaron
Charles Mason Charles
Caleb Caleb
Josiah Josiah
Hunter Isaiah Thomas Hunter
Jonathan Jonathan
Connor Connor
Landon Landon
Cameron Cameron
Robert Robert
Nolan Nolan
Nicholas Nicholas
Ezra Ezra Jose
Colton Colton
Angel Angel
Brayden Asher Brayden
Jordan Jordan
Adam Adam
Jaxson Jaxson
Greyson Greyson
Ezekiel Jeremiah Ezekiel
Maverick Maverick
Bryson Leo Bryson
Xavier Xavier
Jameson Hudson
Kai Christopher Carson
Max Jayden
Eric Samuel
Malachi Henry
Jude Theodore Jace
Antonio Owen
Waylon Parker
Xander Levi
Finn Jacob Luke
Brantley Ethan
Edward Sebastian
Grant Cooper
Hayden Austin
Richard Easton
Steven Eli
Kaleb Elias
Dawson Ian
Zion Christian
