LOC60 LOC161 LOC62 LOC120 LOC180 LOC61 LOC6 LOC59 LOC76 LOC192 LOC75 LOC196 LOC194 LOC172 LOC38 LOC154 LOC97 LOC70 LOC64 LOC145 LOC96 LOC89 LOC99 LOC55 LOC0 LOC164 LOC170 LOC188 LOC48 LOC198 LOC68 LOC175 LOC56 LOC117 LOC116 LOC51 LOC133 LOC125 LOC63 LOC58 LOC122 LOC46 LOC156 LOC119 LOC8 LOC67 LOC54 LOC72 LOC159 LOC137 LOC50 LOC134 LOC160 LOC41 LOC166 LOC153 LOC60
42
LOC6 LOC6
LOC8 LOC8
LOC38 LOC38
LOC46 LOC65 LOC46
LOC48 LOC190 LOC48 LOC36
LOC51 LOC51
LOC54 LOC54
LOC55 LOC55
LOC56 LOC56 LOC18
LOC58 LOC58
LOC59 LOC59
LOC61 LOC189
LOC62 LOC62
LOC63 LOC63
LOC64 LOC64
LOC68 LOC158 LOC68
LOC70 LOC70
LOC72 LOC72
LOC75 LOC52
LOC76 LOC30 LOC177
LOC89 LOC89
LOC96 LOC96
LOC97 LOC97
LOC116 LOC116
LOC117 LOC117 LOC139
LOC122 LOC24
LOC133 LOC133
LOC134 LOC134
LOC137 LOC144
LOC145 LOC145
LOC153 LOC17
LOC160 LOC160
LOC161 LOC161
LOC164 LOC164
LOC166 LOC166
LOC170 LOC7 LOC170
LOC180 LOC180
LOC188 LOC108
LOC192 LOC192
LOC194 LOC194
LOC196 LOC80
LOC198 LOC142
