zero six thirteen twelve eleven ten seventeen sixteen twentythree thirty thirtyseven fortyfour fortyfive fiftytwo fiftynine fiftyeight fiftyseven sixtyfour seventy seventyseven seventyone seventyeight seventynine eightysix eightyseven ninetyfour onehunone onehuneight onehunnine onehunten onehuneleven onehuneighteen onehunseventeen onehunsixteen onehuntwentythree onehunthirty onehunthirtyseven onehunfortyfour onehunfortyfive onehunfortysix onehunfortyseven onehunfiftyfour onehunsixtyone onehunsixty onehunfiftynine onehunsixtysix onehunseventythree onehunseventyfour onehunseventyfive onehunsixtynine onehunseventysix onehuneightytwo onehuneightyone onehuneighty onehuneightyseven onehunninetyfour onehunninetythree onehunninetytwo onehunninetyone onehuneightyfour onehunseventyseven onehunseventyeight onehunseventyone onehunseventy onehunsixtythree onehunsixtyfour onehunfiftyseven onehunfifty onehunfortythree onehunthirtysix onehunthirtyfive onehunthirtyfour onehuntwentyseven onehuntwentyeight onehuntwentyone onehuntwenty onehuntwentysix onehunnineteen onehunthirteen onehunsix ninetynine ninetytwo ninetyeight ninetyone eightyfour eightythree eightytwo seventyfive seventyfour sixtyseven sixty fiftythree fiftyfour fiftyfive fiftysix fortynine fortythree thirtysix twentynine thirtyfive thirtyfour thirtythree twentysix twentyseven twenty thirteen fourteen seven one two three zero
90
one one
two two
three three
six six
seven seven
ten ten
eleven eleven
twelve twelve
fourteen fourteen
sixteen fifteen sixteen
seventeen seventeen
twenty twenty
twentythree twentythree
twentysix twentyfive twentysix
twentyseven twentyseven
twentynine twentynine
thirtythree thirtythree
thirtyfour thirtyfour
thirtyseven thirtyseven thirtyeight
fortythree fortythree
fortyfour fortyfour
fortyfive fortyfive
fortynine fortynine
fiftytwo fiftytwo
fiftythree fiftythree
fiftyfive fiftyfive
fiftyseven fiftyseven
fiftyeight fiftyeight
sixty sixty
sixtyfour sixtyfour
sixtyseven sixtysix sixtyseven
seventy sixtynine seventy
seventyone seventyone seventytwo
seventyfive seventyfive
seventyseven seventyseven
seventyeight seventyeight
seventynine seventynine
eightytwo eightytwo
eightythree eightythree
eightyfour eightyfour
eightyseven eightyseven
ninetyeight ninetyeight
ninetynine ninetynine
onehunone onehunone
onehuneight onehuneight
onehunten onehunten
onehuneleven onehuneleven
onehunthirteen onehunthirteen
onehunsixteen onehunsixteen
onehunseventeen onehunseventeen
onehuneighteen onehuneighteen
onehunnineteen onehunnineteen
onehuntwentyone onehuntwentyone
onehuntwentythree onehuntwentythree onehuntwentyfour
onehuntwentysix onehuntwentysix
onehuntwentyseven onehuntwentyseven
onehuntwentyeight onehuntwentyeight
onehunthirty onehunthirty
onehunthirtyfour onehunforty
onehunthirtyfive onehunthirtyfive
onehunfortythree onehunfortythree
onehunfortyfour onehunfortyfour
onehunfortyfive onehunfortyfive
onehunfortysix onehunfortysix
onehunfifty onehunfortynine onehunfifty
onehunfiftyfour onehunfiftyfour
onehunfiftyseven onehunfiftyseven
onehunfiftynine onehunfiftynine
onehunsixty onehunsixty
onehunsixtyone onehunsixtyone
onehunsixtythree onehunsixtythree
onehunsixtyfour onehunsixtyfour
onehunsixtysix onehunsixtyfive onehunsixtysix
onehunsixtynine onehunsixtynine
onehunseventy onehunseventy
onehunseventyone onehunseventyone
onehunseventythree onehunseventythree
onehunseventyfour onehunseventyfour
onehunseventyfive onehunseventyfive
onehunseventysix onehunseventysix
onehunseventyeight onehunseventyeight
onehuneighty onehuneighty
onehuneightyone onehuneightyone
onehuneightytwo onehuneightytwo
onehuneightyfour onehuneightyfour
onehuneightyseven onehuneightyseven
onehunninetyone onehunninety onehunninetyone
onehunninetytwo onehunninetytwo
onehunninetythree onehunninetythree
onehunninetyfour onehunninetyfour
