0 109 106 86 15 150 92 182 59 89 83 189 183 120 98 90 28 84 121 9 194 94 144 85 11 75 62 176 34 179 48 46 2 4 31 5 173 63 13 17 33 78 6 51 87 47 67 116 130 64 73 122 27 97 76 7 184 39 18 81 58 71 22 72 68 37 26 74 52 21 96 100 24 56 65 153 19 69 41 30 55 193 80 54 25 38 14 188 77 49 1 91 40 57 141 3 88 10 8 35 42 99 32 12 79 20 0
90
80 80
27 27
12 36 12
77 77
153 50
5 5
74 74
21 21
35 35
24 24
37 37
67 67
41 41
83 83
79 79
97 97
51 51
19 19
4 4
94 94
33 33
84 84
96 96 16
98 98
176 66 45
69 69
76 76
13 13
78 78
92 92
39 39
25 25
47 47
63 63
73 73
91 91
22 22
116 60
182 70
26 93 26
15 15
64 64
20 20 53
31 31
17 17
46 46
55 55
144 43
2 2
81 81
57 57
65 65
88 88
49 49
72 72
54 54
30 30
89 89
0 0
58 58
42 42
18 18
75 75 29
59 59
8 8
38 38
11 82 11
34 34
85 85
32 32
62 62
10 10
183 44
71 71
52 52
14 14
6 6
86 86
48 48
90 90
99 99
1 1 61
9 9
7 7
28 28
40 40
68 23 68
87 87
56 56
3 95 3
