0 78 38 79 40 79 38 78 0 59 60 61 60 59 0 51 52 53 54 53 52 51 0 49 50 87 50 49 0 41 42 83 84 85 84 83 42 41 0 33 34 75 76 75 34 33 0 24 25 27 26 28 26 27 25 24 0 17 13 19 14 19 13 17 0 4 57 58 57 4 0 10 58 9 10 8 9 5 8 6 5 15 14 11 16 18 16 11 15 23 74 30 74 23 28 35 76 32 77 36 77 32 35 44 85 45 44 47 88 48 88 47 87 3 55 56 55 3 54 2 56 21 61 37 40
41
0 22
2 1 2
3 3
4 4
5 5
6 6 7
8 8
9 9
10 10
11 11
13 13
14 14
15 15
16 16
17 17
18 12 18
19 19
21 20 21
23 23
24 24
25 25
26 26
27 27
28 28
30 29 30
32 32
33 33
34 34
35 35
36 31 36
37 37 39
38 38
40 40
41 41
42 42
44 44
45 43 45
47 47
48 46 48
49 49
50 50
