0 3 117 191 140 104 138 178 113 78 110 78 113 12 132 102 2 107 4 90 171 119 7 106 153 158 108 115 108 194 118 98 36 125 101 68 15 76 182 114 180 109 45 95 100 95 45 109 164 142 105 21 103 116 112 92 117 3 0
33
100 120 121 122 123
101 124 126 127 128 129 130
102 131 133
103 134 135 136 137
104 139
105 141 143 144 145 146
106 147 148 149 150 151 152 154
107 155
108 156 157 159 160
109 161 162 163 165 166 167
110 168 169 170
112 172 173 174 175 176 177
113 179
114 181 183 184 185
115 186 187
116 188 189 190
117 192 193
118 195 196
119 197 198 199
125 125
132 132
138 138
140 140
142 142
153 153
158 158
164 164
171 171
178 178
180 180
182 182
191 191
194 194
