F1E81B 7D997B 85D6DB 230A7C 4B3F8A 86493E 0C73D8 2924CB 1F842B B69F55 79BC3D EE2A22 462226 396D53 813B05 6B644E 6CAF46 B7F75A EC4D08 E0BEFC 82A1F6 CC6D2A 205E5C DCE144 AEFF96 B27903 7BE8A9 FFEEBD 614224 CF668A 7829D7 53C6C8 36590B 9096DB C9AF85 E5E6C0 BB4908 112AE7 94A561 77A0B5 490F1E D2BE39 ABD8FE 783751 846159 D6CC7A B47658 5D0E2E 0CBC31 E3C2C9 8015E0 29D5D7 E33276 1111F7 D4A75D 124C90 612FAA 8BFCAC 1D21D3 6825D4 93EBE3 06C557 A014A0 D8AAF4 8F17C0 D8AAF4 A014A0 5F4E43 6B622D C45E71 1B337D 7E1C6C 4CAD30 5C7062 24743A A9F1B8 EB8E2E 2CA4AD C4303B 1EC224 5BB557 90451D BA3320 13A782 E80628 14B430 C953A6 8B519F 2595F1 3B4B53 D1967A 851F90 2334E8 573788 FFFD4B 17779E 770D1A CDC6D4 191510 10520F 086D53 6B4619 CC9C14 A1F104 0F5860 002274 DD07FF F1E81B
81
614224 614224
7E1C6C 7E1C6C
6CAF46 685D1A
086D53 F33196 61199E 4A5708
490F1E 490F1E
17779E 17779E
1D21D3 8EBF8A
6B622D 6B622D
C45E71 4A28BA
8015E0 8015E0
C4303B C4303B
230A7C 230A7C
E3C2C9 E3C2C9
4CAD30 4CAD30
D1967A D1967A
D4A75D D4A75D
851F90 851F90
CDC6D4 8417C8
DD07FF 1E1095
7D997B E51A66
124C90 124C90
3B4B53 3B4B53
AEFF96 AEFF96 36C862
8BFCAC 8BFCAC
1111F7 6B340B 6966D7
1F842B 1F842B 7E78F3
A9F1B8 52C88C
191510 305D33
770D1A 770D1A
8B519F 8B519F
E5E6C0 E5E6C0
396D53 396D53
8F17C0 151BC9 8F17C0
2595F1 8B6C2F
10520F C3EF62
E0BEFC 28F6D1
14B430 14B430
29D5D7 29D5D7
B69F55 2CCB19 B69F55
B7F75A B7F75A
86493E 86493E
F1E81B F1E81B
205E5C BB40E6
A1F104 A1F104
0F5860 0F5860
82A1F6 47FACD 2FEDFB
5C7062 5C7062
EB8E2E 596CF6 14994D
5F4E43 5F4E43
5D0E2E 6E313C
846159 6D51F4
90451D CEAC59 90451D
7829D7 7829D7
85D6DB 85D6DB 63361A
ABD8FE 20EAE7 ABD8FE
813B05 813B05
2924CB DE6899
EE2A22 4B97F1 59843B
36590B 66048A 36590B
002274 D337F2 C3B3E7
573788 573788
DCE144 DCE144
B47658 B47658
BB4908 C18C9B BB4908
CC6D2A 2BF7B5
93EBE3 93EBE3
5BB557 5BB557
C9AF85 C9AF85
FFFD4B FFFD4B
1EC224 4099A6 293D59
783751 783751
6825D4 AE4A01 239994
FFEEBD FFEEBD
9096DB 9096DB
E80628 E80628
0C73D8 E81014
77A0B5 77A0B5
CC9C14 CC9C14
94A561 94A561
0CBC31 8F495E 0CBC31
D6CC7A D6CC7A
