context bedroom farmer bread teaching aspect fat attempt care currency wood bit soil ability state thanks anxiety store satisfaction construction while departure reality road interaction context
25
context context
aspect aspect
construction construction
teaching teaching
bedroom bedroom
satisfaction satisfaction
state state
departure departure
reality reality
road road
ability ability
attempt attempt
bread bread
soil soil
currency currency
farmer farmer
interaction interaction
wood wood
while while
bit bit
thanks thanks
anxiety anxiety
fat fat
store store
care care
