engine departure clothes series education chapter model difficulty mind step process menu interaction section variation tooth emphasis singer secretary dirt sport energy answer choice card moment editor performance dealer light side drawing tax delivery accident piano failure bus material view buyer reputation country understanding tension song space town aspect measurement beginning leadership worker office tool ratio satisfaction member birth time engineering director grandmother ear sympathy fact area problem politics significance source girl class eye meal situation temperature analyst error business teaching promotion volume flight drawer machine two figure police preparation data money speech funeral teacher standard war beer age idea engine
100
engine engine
age age
temperature temperature
error error
reputation reputation
interaction interaction
police police
significance significance
flight flight
delivery delivery
dealer dealer
menu menu
card card
situation situation
girl girl
politics politics
emphasis emphasis
member member
song song
preparation preparation
business business
process process
speech speech
office office
light light
series series
grandmother grandmother
area area
mind mind
energy energy
secretary secretary
tool tool
leadership leadership
engineering engineering
failure failure
promotion promotion
teacher teacher
standard standard
eye eye
moment moment
model model
funeral funeral
problem problem
meal meal
chapter chapter
tax tax
material material
accident accident
tension tension
drawer drawer
tooth tooth
beginning beginning
figure figure
director director
dirt dirt
sport sport
choice choice
satisfaction satisfaction
side side
aspect aspect
data data
machine machine
beer beer
clothes clothes
two two
measurement measurement
view view
ear ear
drawing drawing
piano piano
time time
money money
volume volume
country country
section section
bus bus
worker worker
idea idea
ratio ratio
town town
answer answer
fact fact
birth birth
singer singer
analyst analyst
education education
departure departure
buyer buyer
editor editor
source source
war war
variation variation
performance performance
difficulty difficulty
space space
sympathy sympathy
understanding understanding
step step
teaching teaching
class class
