S BR T R AP M CN Q AS N CD G BF V AD AB CP H CK AC CC A AT P CF E BP O AF D AM CT AU I AZ AW BL F CM CB CO AN CL K AR C BD B W AY Y J AQ L U BK X AI S
58
A A
B B
C C CR
D D
E E CV
F F
G G
H H
I I
J J BS BW
K K
L L
M M
N N
O O
P P
Q Q AA AE AG AO BA BB BC BI BJ BM BT BX CE CJ
R R
S S
T T
U U
V V
W W
X X
Y Y
AB AB
AC AC
AD AD
AF AF
AI AI
AM AM
AN AH AN AX BE BH BN BU BV CH CI CW
AP AP
AQ AQ
AR AR
AS AS
AT AT
AU AU
AW Z AV AW BG BO BQ BY BZ CA CQ CS CU
AY AY
AZ AZ
BD BD
BF BF
BK BK
BL BL
BP BP
BR BR
CB CB
CC CC
CD CD
CF CF
CK CK
CL CL
CM CM
CN CN
CO CO
CP CP
CT AJ AK AL CT
