Wheeler Doe Campanile LeConte Birge Campbell Haviland Koshland Stonefire Haas Faculty FSM Baker McCone BigC Pavilion Simons Koja Simons Pavilion BigC McCone Baker FSM Faculty Haas Minor Memorial McLaughlin South Stephens HearstAnnex Anthony GBC WayWest Cloyne Cafe3 Hearst Davis Kresge Normandy Cheit Soda Sather Soda Moffitt VLSB Etcheverry Latimer Evans Morrison Greek Bechtel Greek Lewis Kroeber Hertz Morrison Evans Wheeler
27
Bechtel Bechtel Jacobs
Moffitt Moffitt
Latimer Foothill
Birge Birge
Morrison Morrison
Minor Hargrove
Stephens Moses
Wheeler Sproul Dwinelle
Koshland RSF
Haas Haas
Memorial IHouse
McLaughlin McLaughlin
Kroeber Boalt Kroeber
Etcheverry Etcheverry
Anthony Anthony
Sather Martinez Barker Unit3 OCF
Cheit Cheit
WayWest Metropolitan Warren
Cloyne Cloyne
Davis Davis
Hearst Hearst
McCone CKerr
Baker Baker Fiji
Stonefire Stonefire
Pavilion PeoplePark
Simons Unit2
Koja Legends TriDelta
