0 100 107 100 106 100 105 100 104 100 103 100 102 100 101 115 101 113 101 112 101 111 101 110 101 109 101 108 101 100 0 11 96 4 3 57 31 89 64 35 68 17 77 17 70 65 5 81 10 20 86 0 25 31 29 75 3
37
3 51 56
4 14 87 63 49 4
5 42 5
10 83 99 10
11 58 55
17 17 66 13
20 20 43
25 25 24 59
29 29
31 31 53
35 35
57 57 21
64 72 7
65 65
68 44 68
70 70
75 18 28 54 75
77 77 22
81 81 82
86 90 85 86 98 62
89 26 1 89
96 96
100 100
101 117 101 198
102 124 123 118 121 102
103 128 130 127
104 104 136
105 138 105
106 147 149 106 142 145 144 146
107 152 153 151
108 156 158 160 154
109 167 109
110 172 169 175 171 173 168
111 177 178
112 182 180 112 179
113 189 188 113
115 196 194
