86 150 95 148 98 104 107 99 76 111 54 114 93 58 26 9 10 142 4 183 25 140 167 71 78 116 133 92 182 100 68 159 32 139 47 20 36 15 199 88 181 143 48 12 149 108 184 151 192 43 51 61 30 79 8 165 75 63 145 7 45 180 53 115 169 86
65
4 179
7 163
8 8
9 13 110
10 10
12 123 138
15 122
20 38 82
25 64 153 158
26 26
30 30
32 157 175
36 36
43 185
45 45
47 41
48 48
51 51
53 53
54 54
58 28 73 97
61 69
63 2 74
68 35 90
71 71
75 75
76 76
78 14
79 21 137
86 120 125
88 27 56 84
92 92
93 93
95 57 72 156
98 5 91 126 173
99 11 87 196
100 100
104 189
107 107
108 44 198
111 113 121 129
114 52 94 105
115 89
116 116
133 101 152
139 139
140 140
142 22
143 6 117
145 145
148 148
149 149
150 150
151 17 160 194
159 159
165 177
167 132 146
169 169
180 1 19 66 106 154
181 181
182 174
183 183
184 184
192 192
199 199
