1 58 131 140 139 26 8 137 156 182 92 60 164 31 69 80 133 138 97 36 77 41 143 102 99 82 59 16 13 150 200 74 86 171 165 21 177 56 167 20 111 144 95 159 130 87 157 174 53 85 83 110 126 6 51 81 70 161 44 2 141 169 106 88 124 9 162 136 50 61 103 176 189 75 193 151 116 10 84 49 68 27 37 42 34 55 35 101 33 129 184 3 89 47 57 127 198 1
97
1 1
2 2
3 3
6 6
8 8
9 9
10 10
13 13
16 16
20 20
21 21
26 26
27 27
31 31
33 33
34 34
35 35
36 36
37 37
41 41
42 42
44 44
47 47
49 49
50 50
51 51
53 53
55 55
56 56
57 57
58 58
59 59
60 60
61 61
68 68
69 69
70 70
74 74
75 75
77 77
80 80
81 81
82 82
83 83
84 84
85 85
86 86
87 87
88 88
89 89
92 92
95 95
97 97
99 99
101 101
102 102
103 103
106 106
110 110
111 111
116 116
124 124
126 126
127 127
129 129
130 130
131 131
133 133
136 136
137 137
138 138
139 139
140 140
141 141
143 143
144 144
150 150
151 151
156 156
157 157
159 159
161 161
162 162
164 164
165 165
167 167
169 169
171 171
174 174
176 176
177 177
182 182
184 184
189 189
193 193
198 198
200 200
