31 107 112 127 77 42 148 83 80 143 90 47 121 114 48 99 156 140 45 94 149 82 152 88 9 28 4 160 67 108 93 147 49 27 106 123 117 103 22 86 7 68 66 14 115 81 13 131 119 141 20 34 30 6 58 32 134 138 110 60 69 38 64 35 125 89 8 29 33 120 12 137 186 199 179 180 193 197 171 169 195 184 170 198 173 164 188 168 175 196 167 46 52 128 65 31
95
4 4
6 6
7 7
8 57
9 9
12 12
13 13
14 14
20 20
22 22
27 27
28 28
29 29
30 30
31 74
32 32
33 105 33
34 34
35 35
38 38
42 42
45 21 45
46 46
47 47
48 48
49 78 49
52 52
58 58
60 60
64 64
65 65
66 66
67 67
68 68
69 69
77 77
80 80
81 81
82 82
83 83
86 86
88 88
89 89
90 90
93 93
94 94
99 99
103 103
106 106
107 107
108 108
110 110
112 112 146
114 114
115 115
117 117
119 119
120 120
121 121
123 123
125 125 151
127 127
128 128
131 131
134 134
137 137
138 138
140 140
141 141
143 143
147 147
148 148
149 149
152 152
156 156
160 160
164 164
167 167
168 168
169 169
170 170
171 171
173 173
175 175
179 179
180 180
184 184
186 186
188 188
193 191
195 195
196 196
197 197
198 198
199 199
