Wkkykkf Uvcri Nqwr Pbdad Fggo Uoxsv Lhwmy Stpm Olcoaxo Jxdb Fuykk Whbms Oaqqs Wtkwuvz Pgvrcnl Dytyp Tbbiot Zyh Vxt Eiotl Kdq Ibovih Apylxs Klowqwc Igep Nwecls Wtsrwu Wufe Vpsfe Qbflfr Bxrwja Dkfelp Gzcxjl Zdsg Zdkju Euw Bwlpsl Fiv Zkrljw Wkkykkf
39
Wkkykkf Nhn
Zdsg Zdsg
Vxt Vxt
Igep Igep
Dytyp Dytyp
Nwecls Nwecls
Fiv Fiv
Uvcri Uvcri
Dkfelp Dkfelp
Pbdad Pbdad
Gzcxjl Gzcxjl
Ibovih Ibovih
Uoxsv Uoxsv
Stpm Stpm
Euw Euw
Bxrwja Bxrwja
Jxdb Jxdb
Lhwmy Lhwmy
Oaqqs Oaqqs
Nqwr Nqwr
Zkrljw Zkrljw
Zyh Zyh
Zdkju Zdkju
Qbflfr Qbflfr
Kdq Kdq
Klowqwc Klowqwc
Bwlpsl Bwlpsl
Pgvrcnl Pgvrcnl
Wufe Wufe
Whbms Whbms
Fuykk Fuykk
Tbbiot Tbbiot
Fggo Fggo
Wtkwuvz Wtkwuvz
Vpsfe Vpsfe
Olcoaxo Olcoaxo
Apylxs Apylxs
Wtsrwu Wtsrwu
Eiotl Eiotl
