142 121 137 48 137 135 171 140 171 63 149 22 185 5 115 39 132 187 85 103 18 181 153 139 153 181 18 103 28 9 33 133 41 152 68 128 122 64 69 158 195 178 52 134 14 54 99 150 21 59 164 126 177 16 193 130 175 34 100 163 8 45 159 151 93 118 38 118 190 183 0 26 60 78 186 78 91 3 174 4 46 148 108 160 77 143 90 111 106 66 137 121 142
48
3 3
4 4
8 31
9 70 7
14 14
16 16
21 21 157
22 22
33 33
34 34
38 197 38
39 39
41 41
46 46
48 76 48
60 124 60
63 63 35
64 64
66 44
69 69
77 77
85 89
90 90
91 91
93 93
99 141
106 106 127
108 108
115 115
121 121
130 58
133 133
135 97
137 137
139 30 145
140 129 140
150 150
151 144 151 167
153 23
158 158
159 159
174 174
177 177
178 178
181 181
183 183
186 186 55
195 195
