azv xie hyb yiy wpu yvc ipq gcw mtd yfq ncc vfq eqa mis boc mpw cib ufa txp sau aur scm hwc hlc qzx uua rcw cvb vxn rfl uyd rov zuz lmh ivp hcc ryg jvc hsi hob wcd gei cim cwq brw jwx dqy ijd ovx rti oqv azv
48
wcd wcd
mis mis
rfl rfl
wpu hip
gei gei ctf
azv azv
rti rti
zuz zuz
oqv oqv
aur aur
hcc hcc
brw brw
yvc yvc
ipq ipq
ufa ufa
uua uua
hlc hlc
hwc hwc
xie xie
yiy yiy
hsi hsi
rcw rcw
jvc jvc
hob pzr
hyb hyb
boc boc
sau sau
cib cib
ijd ijd
vxn vxn
mpw mpw
ivp ivp
eqa eqa
ovx ovx
lmh lmh
scm scm
vfq vfq
qzx qzx
cim cim
jwx jwx
dqy dqy
rov rov
ncc ncc
uyd gfr uyd
gcw gcw
cwq cwq
mtd mtd
yfq yfq
