xse uok ybr jam phg zud ask zdb loj ckx kfu aeu cen ego fin dgl adx vlb fgp xjt ceo tlh ksg rir qbf wiy emz vmt uuw nwn vvn qdz jgt vzr nhi cun nry agh bnl nko fbk vmv fjy kpp xeh aeg vtd hmi rjv idv ukv nii tdu tso cma ljd gex pjf wyg ocp njg wbg qwk igs bdh rtc txq lrj nfr lwk fzi xme vwg pvs ikb xnr khu fhv nmf fia lvm nvz qkp qdw zkt qxs ruo byu ttw ptu uau svk mti kgl krr bod uwo qjf jfh ils hcr nsw dkp rsg xse
94
igs aii
jfh jfh
xme xme
uau uau
vvn vvn
loj loj
nii nii
bod ogh bod
vzr vzr fyc
xnr nwc
byu byu
ttw bda ttw
uuw uuw
zkt zkt
zud zud
jam jam
ljd ljd
vmt vmt
lwk lwk
mti mti
ocp ocp
fzi fzi
lrj lrj
nko nko
nry nry
txq txq
ruo ruo
fjy fjy
hmi hmi
qbf qbf
vmv vmv
qkp yug
adx adx kxn
qjf tko qjf
nhi nhi
kpp kpp
jgt jgt
aeg aeg
ybr ybr
lvm lvm
fia fia
qxs qxs
tso tso
wyg wyg
svk svk
cen cen
wiy wiy
khu khu
qdw qdw
uok uok
cma cma
tdu tdu
fin fin
rtc rtc
fhv fhv
nsw nsw
pjf pjf
fbk fbk
cun cun
vwg vwg
ptu ptu
bdh bdh
kgl miy
hcr hcr
qwk hpx
xjt xjt
kfu kfu
idv idv
nmf nmf
ikb ikb
krr krr
bnl bnl
zdb zdb
xeh xeh
ksg ksg
vtd vtd
vlb mok
pvs pvs
wbg wbg
dgl dgl
emz emz
rjv rjv
ckx ckx
ukv ukv
uwo uwo
phg phg
rsg rsg
nvz nvz
gex gex
nfr nfr
tlh tlh
ego ego
ils ils
fgp fgp
