Evans WursterHall Campbell DurantHall Unit2 Pappys SproulHall LewisHall DavisHall ClarkKerr BotanicalGardens Gilman Marugame ThaiNoodle Dwinelle MLK LatimerHall Plentea Doe SatherGate InternationalHouse CaliforniaHall Firewings RSF Underhill Blackwell ImmThai AlumniHouse BerkeleyWayWest Yifang UniversityVillage HortonHall Barrows KroeberHall Bowles Unit3 Milkbomb SouthHall Moffit HappyLemon LawrenceHall BancroftLibrary HavilandHall VLSB HearstMining StrawberryCreek Unit1 HAAS Foothill Artichokes Evans GreekTheatre SatherGate
39
Evans Cory
Doe Doe
HearstMining HearstMining
Moffit LeConte Moffit
Dwinelle Dwinelle
SouthHall SouthHall HesseHall
Gilman Gilman
CaliforniaHall CaliforniaHall
Bowles Bowles ZellerbachHall HilgardHall
BancroftLibrary BancroftLibrary
DurantHall DurantHall
Campbell Campbell Eshelman
GreekTheatre GreekTheatre CanyonPool
BerkeleyWayWest BerkeleyWayWest
LawrenceHall LawrenceHall
InternationalHouse InternationalHouse
Unit1 Unit1
Unit2 Stern Unit2
Unit3 Unit3 Boalt
Foothill Foothill
VLSB VLSB
RSF RSF
Blackwell Blackwell
MLK MLK HildebrandHall
Barrows Barrows
HAAS BAMPFA HAAS
AlumniHouse AlumniHouse
BotanicalGardens BotanicalGardens
DavisHall DavisHall
UniversityVillage UniversityVillage
HavilandHall HavilandHall
HortonHall MemorialStadium
KroeberHall Etcheverry
Yifang Wheeler
SatherGate GiauqueHall
StrawberryCreek Kresge
Marugame Campanile
Plentea Soda SutardjaDai
ThaiNoodle ThaiNoodle
