Ippudo Platano Soda HildebrandHall NatApartment Rachas Gadani Marugame BobbyGPizza InternationalHouse Raretea BanshoRamen LiKaShing Crossroads SouthHall Ucha YogurtPark GreatChina YogurtPark OptometryBuilding LaBurrita BerkeleyBart BigC BerkeleyBart Barrows AshaTeaHouse JacobsApartment Blackwell SuperDuperBurgers Pappys HearstAnnex McDonalds HearstAnnex Bowles Namaste StrawberryCreek Morganhall Jupiter TopDog Firewings Quicklys BerkeleyArtStudio Mezzo GiauqueHall Ikea Milkbomb ThaiBasil HesseHall Kips HesseHall EastBaySpiceCompany GSPP Wheeler AndrewsApartment UrbanOutfitters Cornerstone Campanile TPTea TennisCourts BobaNinja TToust UniversityVillage Fengcha HavilandHall UdupiPalace GrizzlyPeak AmoebaMusic SnackShack Artichokes LowerSproul Shengkee HortonHall Cinnaholic Tilden Gather Spats WursterHall HearstGym Flavia SmokesPoutinerie Flavia PurpleKow PeoplesCafe SweetheartCafe Ikes Gongcha MSRI NoodleGirl Wikiwiki Underhill SteamTrains JambaJuice Doe ThaiNoodle Cafe3 ExtremePizza LaNote Homeroom PokeBar Plentea ClarkKerr BSC TukTukThai DavisHall NorthHall Yifang Chipotle HearstMining Campbell EastAsianLibrary Gypsys Platano Ippudo
83
Wheeler Wheeler
Campanile ChezPanisse
Campbell MemorialGlade
Barrows Safeway
HavilandHall Bonchon
HortonHall HortonHall
Morganhall Morganhall
NorthHall NorthHall
OptometryBuilding OptometryBuilding
AshaTeaHouse AshaTeaHouse
McDonalds Morrisonhall McDonalds
Firewings Firewings
Ucha Ucha
Artichokes Artichokes
Gongcha Gongcha
Yifang Yifang
Fengcha Fengcha
TPTea TPTea
StrawberryCreek StrawberryCreek
BigC BigC TenderGreens
ClarkKerr ClarkKerr
Crossroads Crossroads
Cafe3 Cafe3
Raretea Raretea
Underhill Underhill
Marugame Marugame
Kips Kips Muraccis
Pappys Pappys
Spats Spats
Cornerstone Cornerstone
LowerSproul LowerSproul
WursterHall WursterHall
Shengkee Shengkee
Plentea Plentea
Chipotle Chipotle
Milkbomb Milkbomb
EastAsianLibrary EastAsianLibrary LittleCampanile
ThaiNoodle ThaiNoodle
Mezzo Mezzo
Ikes Ikes Eureka
PokeBar PokeBar
Quicklys Quicklys
TopDog TopDog
Gypsys Gypsys
SnackShack SnackShack
SmokesPoutinerie LewisHall SmokesPoutinerie TheDwight
GreatChina SatherGate GreatChina
ThaiBasil MulfordHall ThaiBasil
BSC BSC
Platano Platano
EastBaySpiceCompany EastBaySpiceCompany
PeoplesCafe PeoplesCafe
SuperDuperBurgers SuperDuperBurgers
JambaJuice JambaJuice
ExtremePizza ExtremePizza
Gadani HalalGuys Gadani
Wikiwiki Wikiwiki
Homeroom TheHabit Homeroom
LaNote TacoBell LaNote
Rachas Rachas
BobaNinja BobaNinja
SweetheartCafe SweetheartCafe
TukTukThai TukTukThai Venus
Gather Gather
Jupiter Jupiter
AmoebaMusic AmoebaMusic
GrizzlyPeak GrizzlyPeak
LaBurrita LaBurrita
AndrewsApartment AndrewsApartment
BerkeleyArtStudio SaturnCafe BerkeleyArtStudio
BanshoRamen BanshoRamen
Namaste Namaste
UrbanOutfitters UrbanOutfitters
BobbyGPizza ImmThai
NatApartment BetaLounge
TennisCourts Cheeseboard
BerkeleyBart HappyLemon SproulHall
NoodleGirl Teazone
SteamTrains KroeberHall
Cinnaholic TripleRock Slivers
Flavia UCafe
Tilden LatimerHall
YogurtPark TraderJoes Target
