Shelf0 Toolbox153 Toilet13 Drugs184 Monster73 Toolbox146 Websites4 Clock139 Soap64 Crab83 Robot93 Poop150 Soap53 System156 Nuclear18 Dog128 Ice9 Solar162 Website190 Water135 Rollers95 Kitty98 Laptop125 Water29 Solar192 Soda119 Running66 System79 Drugs195 Running177 Hnads116 Running177 Dislike143 Towel154 Boat67 Shoe174 Toilet191 Soap58 Shoes8 Dislike12 Shoe17 YouTube44 Ice41 Shelf40 Soda197 Dislike27 Flowers178 Settings75 Ice50 Urine97 Plus78 Hnads182 Plants118 Ring60 Solar71 Fusion104 Ring161 Urine20 BBQ36 Rollers14 Nuclear35 Kitty89 Horse148 Clock2 Puppy117 Ice165 Body55 Mail6 Poop76 Book99 Whale126 Post158 Clock61 Whale31 Cat187 Printer188 Sink109 Monster175 Toolbox72 Solar130 Light30 Comics28 Book171 Android196 Dog168 Towel92 Poop5 Robot164 Whale114 Urine124 Male149 Toolbox147 Soap3 Ring82 Mail22 Puppy140 Ring169 Whale137 Shelf0
85
Shelf0 Shelf0
Clock2 Clock2
Websites4 Websites4
Mail6 Mail6
Shoes8 Shoes8
Ice9 Ice9
Dislike12 Dislike12
Toilet13 Toilet13
Rollers14 Rollers14
Shoe17 Shoe17
Nuclear18 Nuclear18
Urine20 Urine20
Mail22 Mail22 Allergies103
Dislike27 Dislike27 Book24
Water29 Water29
Light30 Light30
Whale31 Shower57
Nuclear35 Nuclear35
BBQ36 BBQ36
Shelf40 Shelf40
Ice41 Ice41 Laptop19
YouTube44 Robot51
Body55 Body55
Soap58 Soap58
Clock61 Clock61
Soap64 Soap64
Running66 Cat15
Boat67 Boat67
Solar71 Solar71
Toolbox72 Toolbox72
Monster73 Monster73
Settings75 Settings75
Poop76 Poop76
Plus78 Plus78
System79 System79
Ring82 Ring82
Crab83 Crab83
Kitty89 Kitty89 System183
Towel92 Towel92
Robot93 Robot93
Rollers95 Rollers95
Urine97 Urine97
Kitty98 Kitty98
Fusion104 Poop80 Fusion104 Fusion34 Breakfast85
Sink109 Sink109 Shower47
Whale114 Whale114
Hnads116 Drugs39 Hnads116
Puppy117 Puppy117
Plants118 Plants118
Soda119 Soda119
Urine124 Urine124
Laptop125 Laptop125
Whale126 Whale126
Solar130 Solar130
Water135 Water135
Whale137 Whale137
Clock139 Allergies88 Clock139
Puppy140 Puppy140
Dislike143 Dislike143 Allergies176
Toolbox146 Toolbox146
Horse148 Horse148
Male149 Male149
Poop150 Leash77 Poop150
Toolbox153 Toolbox153
Towel154 Towel154
System156 System156
Post158 Post158
Solar162 Kitty194 Solar162
Robot164 Robot164 Comics107
Ice165 Water38 Ice165
Dog168 Dog168
Ring169 Ring169
Book171 Book171
Shoe174 Shoe174
Monster175 Monster175
Flowers178 Flowers178
Hnads182 Hnads182
Cat187 Cat187
Printer188 Printer188
Website190 Website190
Toilet191 Dog181
Solar192 Solar192
Drugs195 Drugs195
Android196 Android196
Soda197 Soda197
