Shower0 Robot49 Fence29 BBQ36 Ice42 Toilet45 Cat44 Light1 Mail41 Toilet26 Prints25 BBQ38 Plants3 Ice30 Nuclear43 Crab16 Website21 Soap14 Ring33 Prints46 Allergies7 Puppy28 Android27 Monster32 Elevator35 Rollers40 Laptop22 Puppy19 Websites24 YouTube4 Shower0
25
Light1 Light1
Plants3 Plants3
YouTube4 YouTube4
Allergies7 Allergies7
Crab16 Crab16
Puppy19 Puppy19
Website21 Soda18
Laptop22 Laptop22
Prints25 Prints25
Toilet26 Toilet26
Android27 Android27
Puppy28 Cone13
Ice30 Ice30
Monster32 Monster32
Ring33 Ring33
Elevator35 Elevator35
BBQ36 BBQ36
BBQ38 BBQ38
Rollers40 Sink37
Mail41 Mail41
Ice42 Ice42
Nuclear43 Nuclear43
Cat44 Cat44
Toilet45 Toilet45
Robot49 Robot49
