hdpxs osxbc cihba wnelr bsvth htkwy frhgc rchbw dwyai lmwpk cqsby ahnds dbjxw glrpy bigwn yazqf lnjxt ymcfp jhlus zqjxb uklga xeylf ebwcp bdevm ehqyk pytwh tmwdy rlumh nqtru hwmzn crlfe vgwoi wotiq bwknx egclu iyuas ohzfn iyuas xnpwq uiogl wdquv qckjp rjuxc ehqyk yqfdk zcjqx fjdqi ypdnb rzvtg oxuqn ayrgb tjake mhuad oewcd osvgp rdoqk syoxf gdnim lpudv evsbm yvbse pgqva maqho qbdwz bkfuc armnk tkwle syoxv mhekz gufvs kjihy wkbuf qpbmc kzwah mujil pihld xcvow aedvq cxajk evtgj joztf jcwpu kscoz xlrzc drojn qhvsb vobqh myxlw qsmkj vcwfj utdhx gdovn wcjeg zntkr tndwl rjdai qhibx mtcsd oaeyh oxitr hdpxs
93
oaeyh oaeyh
gufvs gufvs
rlumh mlibf rlumh
gdovn gdovn
oewcd cxdes oewcd
wkbuf wkbuf
qsmkj qsmkj
cqsby cqsby
mujil mujil
nqtru nqtru
mhekz mhekz
lmwpk lmwpk
uiogl uiogl ktzce
vobqh vobqh
glrpy yqtob
zqjxb zqjxb
mhuad mhuad
qbdwz wajol qbdwz
oxitr oxitr
qckjp qckjp
xlrzc xlrzc
hwmzn hwmzn
pihld pihld
xnpwq xnpwq
bdevm bdevm
wotiq wotiq
ypdnb ypdnb
tjake tjake
pgqva pgqva
ebwcp ebwcp
yqfdk yqfdk
ymcfp ymcfp
yazqf yazqf
vgwoi vgwoi
bwknx bwknx
xcvow xcvow
dbjxw dbjxw
frhgc frhgc
jcwpu jcwpu
gdnim gdnim
evtgj evtgj
syoxv syoxv
wcjeg wcjeg
rdoqk stflc
cihba cihba
lpudv lpudv
ahnds ahnds
ehqyk ehqyk
jhlus jhlus
qpbmc qpbmc
iyuas iyuas
qhvsb qhvsb
tkwle tkwle
rzvtg rzvtg
yvbse yvbse
drojn drojn
oxuqn oxuqn
wnelr wnelr
rchbw rchbw
uklga uklga
maqho maqho
joztf joztf
dwyai amfiz
vcwfj vcwfj
osvgp osvgp
tmwdy tmwdy
crlfe sxdiu
utdhx utdhx
lnjxt lnjxt
wdquv wdquv
aedvq aedvq
bsvth bsvth
ayrgb ayrgb
zcjqx zcjqx
armnk armnk btwzv
kzwah kzwah
pytwh pytwh gstwp
qhibx qhibx
kscoz kscoz
tndwl tndwl
ohzfn ohzfn dkjro
kjihy kjihy
rjuxc rjuxc
htkwy htkwy
rjdai rjdai
osxbc osxbc
fjdqi fjdqi
evsbm evsbm
cxajk cxajk
bkfuc bkfuc
mtcsd mtcsd
syoxf syoxf
zntkr zntkr
