Hayward Asheville Hayward Durham Deltona Corona Modesto Hampton RichmondCounty Charlotte Hickory Winston Carrollton Downey Abilene Atlanta Danbury Burbank NewOrleans SaintLouis BelAir York NewBedford Aurora Tucson Bradenton Huntsville Yonkers Waterloo Springdale McHenry Newark NewYorkCity Kennewick PuntaGorda Omaha Topeka Montgomery ThousandOaks Asheville
36
PuntaGorda PuntaGorda
ThousandOaks ThousandOaks
Tucson PalmBay Tucson LakeCharles
Yonkers Yonkers
Burbank Burbank Chicago
McHenry McHenry Torrance
Charlotte Charlotte
Omaha Omaha
Topeka Topeka
Deltona Deltona
Danbury Danbury
Downey Downey
Asheville Asheville CedarRapids
BelAir BelAir Monroe
Aurora Aurora Bakersfield
Bradenton Bradenton SaintPaul
RichmondCounty RichmondCounty
Modesto Modesto
Huntsville McAllen Huntsville
NewYorkCity NewYorkCity
Springdale Springdale
Atlanta Atlanta
Durham Durham Bloomington
Newark Newark
Kennewick Barnstable Kennewick
NewBedford NewBedford
York York
Hickory Tyler HuntingtonBeach Hickory
Waterloo Waterloo
Hampton Hampton
Abilene GrandRapids
Montgomery SantaCruz
SaintLouis Harlingen
Winston Tampa Memphis
NewOrleans Waco
Hayward SantaClara
