Hayward Shreveport Hartford Modesto Elkhart McAllen ElMonte ElPaso SanAntonio JohnsonCity HavredeGrace PuntaGorda Hemet SanBuenaventura Norwich Utica Anchorage OverlandPark Greenville Plano Hagerstown Youngstown Fullerton Duluth SaintPaul GrandRapids Vancouver Henderson NewYorkCity Omaha Scottsdale Lorain RoundLakeBeach Independence Escondido Monroe NewYork Tucson Deltona Salem Hampton Bryan Lubbock Melbourne Torrance Albuquerque Hialeah Marina PortArthur Lacey Savannah StPaul CorpusChristi PalmBay Cambridge ThousandOaks Huntsville Reno York Champaign SterlingHeights Springfield Spartanburg LakeCharles HuntingtonBeach Sarasota Scranton Arvada Tyler Nashua Orem NewBedford SouthLyon Norwalk Burlington Downey Topeka SimiValley Aberdeen SantaClara VeroBeach PembrokePines LasVegas Stamford Marysville Boise Eugene Anaheim Columbus Visalia Carrollton Newburgh Waterbury Lafayette GreenBay Laredo Gastonia CapeCoral Seaside Shreveport Hayward
85
PuntaGorda PuntaGorda
Tyler Tyler
ThousandOaks ThousandOaks Olympia
Norwich Norwich
PalmBay PalmBay
Tucson Tucson
Utica Utica
Albuquerque Albuquerque
Laredo Laredo
JohnsonCity JohnsonCity
Greenville Greenville
Eugene Eugene
Nashua Nashua
RoundLakeBeach RoundLakeBeach
Newburgh Newburgh
HavredeGrace HavredeGrace
OverlandPark OverlandPark Louisville
Omaha Omaha
Topeka Topeka
CapeCoral CapeCoral Bloomington
Deltona Deltona
Anchorage Anchorage Fresno
Marina Marina Frederick Kissimmee
Salem Salem
LasVegas LasVegas
Downey Downey
Hagerstown Hagerstown
SanBuenaventura SanBuenaventura Oxnard
McAllen McAllen
Lubbock Lubbock
CorpusChristi CorpusChristi
Fullerton Flint Fullerton
GrandRapids GrandRapids
Boise Boise
Arvada Arvada
Hemet Hemet Mobile
Scranton Scranton
Waterbury Waterbury
LakeCharles LakeCharles
Stamford Stamford
Duluth Duluth Detroit
Modesto Modesto
Henderson Henderson
HuntingtonBeach HuntingtonBeach
Huntsville Huntsville
Lacey Lacey
Burlington Burlington
Columbus Columbus
Savannah Savannah
Vancouver Vancouver
Hialeah Hialeah
NewYorkCity NewYorkCity
Marysville Layton Marysville
GreenBay GreenBay
Monroe Monroe
ElPaso ElPaso
SantaClara SantaClara
Torrance Torrance
Hartford NorthLasVegas Hartford
Plano Plano
NewBedford NewBedford
Elkhart Elkhart
Champaign Charlotte Champaign
Anaheim Anaheim
SaintPaul SaintPaul
York York
Spartanburg Spartanburg
Scottsdale Scottsdale
Aberdeen Aberdeen
Melbourne Melbourne
Hampton Newark
Reno Ogden
Youngstown Barnstable Bakersfield
PortArthur RichmondCounty
Bryan Birmingham
Independence Cincinnati
Orem Bethlehem
Carrollton SiouxFalls
Springfield Harlingen
NewYork Kalamazoo
StPaul CathedralCity
PembrokePines Pueblo Racine
Escondido Mesquite
SimiValley NewportNews
Norwalk StLouis
