AndyandZeyu j18 f18 g18 AndyandZeyu AndyandZeyu17 j16 i17 g17 h17 b17 f17 AndyandZeyu i16 AndyandZeyu16 h16 g16 f16 AndyandZeyu i15 f15 j14 h15 e15 AndyandZeyu g14 h14 i14 f14 AndyandZeyu j13 f13 g13 AndyandZeyu f12 b12 h12 g12 i12 j11 AndyandZeyu12 AndyandZeyu i11 AndyandZeyu11 h11 g11 f11 AndyandZeyu i10 f10 j9 h10 e10 AndyandZeyu g9 h9 i9 f9 AndyandZeyu j8 f8 g8 AndyandZeyu AndyandZeyu7 j6 i7 g7 h7 b7 f7 AndyandZeyu i6 AndyandZeyu6 h6 g6 f6 AndyandZeyu i5 f5 j4 h5 e5 AndyandZeyu g4 h4 i4 f4 AndyandZeyu h3 g3 j3 f3 AndyandZeyu g2 c2 i2 h2 f2 j2 AndyandZeyu g1 h1 i1 b1 j1 AndyandZeyu f0 i0 AndyandZeyu0 g0 j0 AndyandZeyu h g j i f AndyandZeyu
90
AndyandZeyu i8 i13 i18
f f
g g
h h
i i
j j
f0 f0 h0
g0 g0
i0 i0
j0 j0
b1 f1
g1 g1
h1 h1
i1 i1
j1 j1
f2 f2
g2 g2
h2 h2
i2 i2
j2 j2
f3 f3
g3 g3 i3
h3 h3
j3 j3
f4 f4
g4 g4
h4 h4
i4 i4
j4 j4
e5 g5
f5 f5
h5 h5
i5 i5
AndyandZeyu6 j5
f6 f6
g6 g6
h6 h6
i6 i6
j6 j6
f7 f7
g7 g7
h7 h7
i7 i7
f8 f8 h8
g8 g8
j8 j7 j8
f9 f9
g9 g9
h9 h9
i9 i9
j9 j9
e10 g10
f10 f10
h10 h10
i10 i10
AndyandZeyu11 j10
f11 f11
g11 g11
h11 h11
i11 i11
j11 j11
f12 f12
g12 g12
h12 h12
i12 i12
f13 f13 h13
g13 g13
j13 j12 j13
f14 f14
g14 g14
h14 h14
i14 i14
j14 j14
e15 g15
f15 f15
h15 h15
i15 i15
AndyandZeyu16 j15
f16 f16
g16 g16
h16 h16
i16 i16
j16 j16
f17 f17
g17 g17
h17 h17
i17 i17
f18 f18 h18
g18 g18
j18 j17 j18
