A TA82N TA171 TA23 TA122N TA62N TA5 TA1912NN TA172N TA192N TA101 TA19 TA2 TA1712NN TA7 TA812NN TA221 TA182N TA102N TA61 TA612NN TA121 TA18 TA202N TA201 TA212N TA2012NN TA1 TA72N TA1812NN TA2212NN TA111 TA242N TA512NN TA141 TA32N TA22N TA1412NN TA12NN TA232N TA92N TA181 TA52N TA21 TA1112NN TA162N TA191 TA712NN TA131 TA11 TA20 TA1612NN TA1512NN TA24 TA9 TA8 TA22 TA31 TA41 TA222N TA152N TA2N TA42N TA17 TA211 TA71 TA10 TA132N TA112NN TA912NN TA4 TA51 TB21 TA12N TA13 TA91 TA1212NN TA6 TA16 TA151 TA1012NN TA112N TA14 TA161 TA212NN TA2412NN TA142N TA12 TA1312NN TA3 TA TA231 TB1 TB11 TA2312NN TA2112NN TA81 TA241 TA412NN TA15 TA312NN A
100
TA TA
TA1 TA1
TA2 TA2
TA3 TA3
TA4 TA4
TA5 TA5
TA6 TA6
TA7 TA7
TA8 TA8
TA9 TA9
TA10 TA10
TA11 TA11
TA12 TA12
TA13 TA13
TA14 TA14
TA15 TA15
TA16 TA16
TA17 TA17
TA18 TA18
TA19 TA19
TA20 TA20
TA21 TA21
TA22 TA22
TA23 TA23
TA24 TA24
TB1 TB1
TB11 TB11
TB21 TB21
TA31 TA31
TA41 TA41
TA51 TA51
TA61 TA61
TA71 TA71
TA81 TA81
TA91 TA91
TA101 TA101
TA111 TA111
TA121 TA121
TA131 TA131
TA141 TA141
TA151 TA151
TA161 TA161
TA171 TA171
TA181 TA181
TA191 TA191
TA201 TA201
TA211 TA211
TA221 TA221
TA231 TA231
TA241 TA241
TA2N TA2N
TA12N TA12N
TA22N TA22N
TA32N TA32N
TA42N TA42N
TA52N TA52N
TA62N TA62N
TA72N TA72N
TA82N TA82N
TA92N TA92N
TA102N TA102N
TA112N TA112N
TA122N TA122N
TA132N TA132N
TA142N TA142N
TA152N TA152N
TA162N TA162N
TA172N TA172N
TA182N TA182N
TA192N TA192N
TA202N TA202N
TA212N TA212N
TA222N TA222N
TA232N TA232N
TA242N TA242N
TA12NN TA12NN
TA112NN TA112NN
TA212NN TA212NN
TA312NN TA312NN
TA412NN TA412NN
TA512NN TA512NN
TA612NN TA612NN
TA712NN TA712NN
TA812NN TA812NN
TA912NN TA912NN
TA1012NN TA1012NN
TA1112NN TA1112NN
TA1212NN TA1212NN
TA1312NN TA1312NN
TA1412NN TA1412NN
TA1512NN TA1512NN
TA1612NN TA1612NN
TA1712NN TA1712NN
TA1812NN TA1812NN
TA1912NN TA1912NN
TA2012NN TA2012NN
TA2112NN TA2112NN
TA2212NN TA2212NN
TA2312NN TA2312NN
TA2412NN TA2412NN
