MHnVCXOJJwOI UvfnFwkwYqFk RWoTZCNhceUR NkzUoyRYPnbb phTlHtTwrYOU FhVNapbaoZOZ svpVoYHpEpjH crcFIKqbaYTC oClepMbylsqk GoPPViXuIoMW JCPkGQQBkgge PCNGxUSnzrYJ GLfJulJDWdHA SJPfUQrbAbqM jmWqilJNXyuV cXYRsTNMJDHO SPoMbAzxrqrj KKNtdnAHmUpc AZrILCuGwbtV YfpLHnDpSXzc ltlOmMSvjmIL bVDkAfQbeTmx YbGvPudTcbyh ilCjMogPnNTK NmmqQKqzdERM MlFqcqjWiUdI MHnVCXOJJwOI
25
SJPfUQrbAbqM SJPfUQrbAbqM
ilCjMogPnNTK ilCjMogPnNTK
SPoMbAzxrqrj SPoMbAzxrqrj
YbGvPudTcbyh YbGvPudTcbyh
NmmqQKqzdERM NmmqQKqzdERM
svpVoYHpEpjH svpVoYHpEpjH
bVDkAfQbeTmx bVDkAfQbeTmx
crcFIKqbaYTC crcFIKqbaYTC
jmWqilJNXyuV jmWqilJNXyuV
MlFqcqjWiUdI MlFqcqjWiUdI
PCNGxUSnzrYJ PCNGxUSnzrYJ
cXYRsTNMJDHO cXYRsTNMJDHO
KKNtdnAHmUpc KKNtdnAHmUpc
NkzUoyRYPnbb NkzUoyRYPnbb
phTlHtTwrYOU phTlHtTwrYOU
GLfJulJDWdHA GLfJulJDWdHA
oClepMbylsqk oClepMbylsqk
RWoTZCNhceUR RWoTZCNhceUR
YfpLHnDpSXzc YfpLHnDpSXzc
ltlOmMSvjmIL ltlOmMSvjmIL
FhVNapbaoZOZ FhVNapbaoZOZ
GoPPViXuIoMW GoPPViXuIoMW
AZrILCuGwbtV AZrILCuGwbtV
UvfnFwkwYqFk UvfnFwkwYqFk
JCPkGQQBkgge JCPkGQQBkgge
