5 190 124 164 149 38 78 50 8 157 117 91 115 92 182 82 27 69 168 35 112 55 159 16 58 79 170 20 185 197 100 46 147 198 97 93 106 89 42 66 177 122 102 137 130 196 108 103 83 188 1 5
50
1 1
8 8
16 16
20 20
27 27
35 35
38 38
42 42
46 46
50 50
55 55
58 58
66 66
69 69
78 78
79 79
82 82
83 83
89 89
91 91
92 92
93 93
97 97
100 100
102 102
103 103
106 106
108 108
112 112
115 115
117 117
122 122
124 124
130 130
137 137
147 147
149 149
157 157
159 159
164 164
168 168
170 170
177 177
182 182
185 185
188 188
190 190
196 196
197 197
198 198
