0 21 147 191 194 111 75 91 116 12 62 29 53 157 87 17 172 184 27 39 178 67 151 36 34 31 130 10 119 196 79 47 163 1 188 7 173 140 187 108 166 50 158 104 141 164 80 60 135 68 101 15 97 139 81 118 16 52 122 136 11 105 113 26 25 18 30 5 89 106 170 42 35 2 144 155 22 168 38 150 189 125 109 162 197 23 13 160 66 55 142 40 9 152 156 49 124 121 24 93 71 198 73 59 0
91
1 1
2 6
5 5
7 7
9 9
10 10
11 11
12 12
15 15
16 16
17 17
18 18 171
21 21
22 22
23 23
24 24
25 25
26 26
27 27
29 123
30 95 30
31 31
34 34
35 35
36 36
38 38
39 39
40 40
42 42
47 179
49 49
50 50 83
55 55
59 59
60 110 60
62 62
66 66
67 67
68 68
71 71
73 73
75 75
79 79 102
80 80
87 87
89 89
91 91
93 93
101 101
104 104
105 105
106 56
108 108
109 109
111 111
113 61
118 118
119 119
122 122
124 124
130 145 130
135 135
136 136
139 129
140 140
141 141
142 142
144 144
147 147
150 150
151 151
152 152
155 155
156 156
157 157
158 158
160 160
162 162
163 163
164 164
168 168
170 193 161
172 172
173 173 96
178 178
184 138 184
187 187
189 189
194 194
196 196
198 198
