Soda a0 c9 d5 d7 c3 d8 b9 d9 d1 b8 a7 c9 a0 c5 e3 e4 e5 b1 e7 e6 b3 c7 b2 c5 a0 a5 a9 a4 b7 b5 c1 d3 d6 a5 a0 Soda a i x u v ao ap y j aa z as at aa j i a g s al t ak h a e p ag af ae n d a b m ad l ax ac av ab k b a Soda A G N Y Z AB H B A F M F A E Q E A D K T AI K D A C J I C A Soda C9 A7 B8 D1 D9 B9 D8 C3 D7 D5 C9 Soda C5 E3 B2 C7 B3 E6 E7 B1 E5 B2 C5 Soda A5 A9 B7 B5 C1 D3 D6 A5 Soda
78
A5 A5
A7 A1 A7
A9 A9
B1 B1
B3 B3
B5 A3 B5
B7 B7
B9 B9
C1 C1
C3 C3 E1
C5 C5
C7 C7
C9 C9
D1 D1
D3 D3
D5 D5
D7 D7
D9 D9
E3 E3
E5 E5
E7 E7
E P
H H
I AF
J J
M AC AO
N N
Q AG Q
T T
Y AP
AB AB
AI AS AU AW
b b
d d
g f
h h
j j
l l
n n
p p
t t
u an
v v
x x
z z
ab ab
ad ad
af af
ag ah
ak r aj
al al
ap ap
as ar
at at
av av
ax ax
a4 a3
a5 a5
a7 a1 a7
a9 a9
b1 b1
b3 b3
b5 b5
b7 b7
b9 b9
c1 c1
c3 c3 e1
c5 c5
c7 c7
c9 c9
d1 d1
d3 d3
d5 d5
d7 d7
d9 d9
e3 e3
e5 e5
e7 e7
