ssp200 13 10 2 181 182 194 182 187 183 184 185 186 188 182 181 167 179 167 172 168 169 170 171 173 167 181 152 164 152 157 153 154 155 156 158 152 181 137 149 137 142 138 139 140 141 143 137 181 122 134 122 127 123 124 125 126 128 122 181 107 119 107 113 111 110 109 108 112 107 181 92 104 92 98 96 95 94 93 97 92 181 77 89 77 83 81 80 79 78 82 77 181 62 74 62 68 66 65 64 63 67 62 181 47 59 47 53 51 50 49 48 52 47 181 32 44 32 38 36 35 34 33 37 32 181 17 29 17 23 21 20 19 18 22 17 181 2 8 6 5 4 3 7 2 14 2 10 13 ssp200
78
182 191
183 183
184 184
185 185
186 186
194 194 195
167 176
168 168
169 169
170 170
171 171
179 179 180
152 161
153 153
154 154
155 155
156 156
164 164 165
137 146
138 138
139 139
140 140
141 141
149 149 150
122 131
123 123
124 124
125 125
126 126
134 134 135
107 116
108 108
109 109
110 110
111 111
119 119 120
92 101
93 93
94 94
95 95
96 96
104 104 105
77 86
78 78
79 79
80 80
81 81
89 89 90
62 71
63 63
64 64
65 65
66 66
74 74 75
47 56
48 48
49 49
50 50
51 51
59 59 60
32 41
33 33
34 34
35 35
36 36
44 44 45
17 26
18 18
19 19
20 20
21 21
29 29 30
2 11
3 3
4 4
5 5
6 6
14 14 15
