Glameow Inkay Spheal Gigalith Buneary Glalie Throh Fomantis Poochyena Weedle Cacturne Leavanny Beheeyem Ledian Zygarde Ivysaur Spiritomb Bergmite Feebas Togepi Sigilyph Yanma Electivire Archeops Loudred Glameow
20
Electivire Electivire Furret
Spiritomb Spiritomb
Fomantis Mudbray
Ledian Ledian
Buneary Buneary
Bergmite Gumshoos Bergmite
Ivysaur Spinarak Meganium
Glalie Glalie
Inkay Inkay
Cacturne Wailord
Zygarde Zygarde
Togepi Togepi
Yanma Yanma
Poochyena Piplup
Archeops Archeops
Spheal Spheal Gothorita
Loudred Loudred
Gigalith Gigalith
Beheeyem Golett Beheeyem
Leavanny Leavanny
