Florges Bergmite Wormadam Wailmer Poliwrath Zapdos Caterpie Tentacruel Chansey Regice Zubat Manectric Bidoof Palossand Bouffalant Infernape Lillipup Hakamoo Palkia Flaaffy Volbeat Buzzwole Dialga Aurorus Carracosta Doublade Hitmonlee Yanmega Kricketot Dusknoir Celesteela Snorlax Shaymin Gastrodon Moltres Celebi Toxapex Cherrim Hippopotas Machoke Timburr Cascoon Delibird Purrloin Sentret Pidgey Bisharp Bayleef Furfrou Persian Vespiquen Florges
45
Carracosta Carracosta
Florges Stufful
Yanmega Yanmega
Purrloin Purrloin Poliwag
Timburr Timburr
Poliwrath Poliwrath
Toxapex Ralts Tsareena
Sentret Sentret
Celesteela Celesteela
Persian Persian
Zapdos Zapdos
Manectric Manectric
Lillipup Lillipup
Volbeat Volbeat
Moltres Moltres
Shaymin Shaymin
Snorlax Togetic
Gastrodon Gastrodon
Infernape Infernape
Kricketot Kricketot
Celebi Celebi
Cherrim Cherrim
Delibird Delibird
Zubat Zubat
Dusknoir Dusknoir
Tentacruel Tentacruel
Wailmer Wailmer Primarina
Bidoof Piloswine Bidoof
Regice Regice
Hitmonlee Hitmonlee
Vespiquen Weepinbell
Palkia Girafarig
Bergmite Bergmite
Flaaffy Omastar
Dialga Dialga Pichu
Aurorus Aurorus
Machoke Machoke
Bayleef Bayleef
Cascoon Cascoon
Buzzwole Buzzwole
Bouffalant Bouffalant
Wormadam Wormadam
Hakamoo Hakamoo
Pidgey Scolipede
Bisharp Bisharp
