0 80 13 67 7 122 10 92 185 113 121 23 62 88 9 198 187 139 2 196 31 138 12 34 30 141 155 42 155 140 70 45 19 97 72 41 74 144 152 181 153 55 11 134 168 117 176 195 6 147 59 116 125 36 82 87 180 87 183 128 5 25 91 83 75 130 174 101 84 68 126 20 156 179 103 114 85 167 15 46 106 135 98 16 17 151 27 199 197 157 63 149 48 189 73 131 145 143 0
86
0 52
2 111
5 26
6 160
9 9
10 10
11 11 171
13 13
16 16
17 17
19 19
20 20
23 23
27 27
30 30
31 31
34 34
36 36
42 42 40
45 137 45
46 46
48 48
55 55
59 59
62 62
63 81 63
67 67
68 66
70 70
72 72
73 177
74 74
75 75
80 80
82 82
83 83
84 84
85 85
87 87
88 88
91 91
97 97
98 98
103 184 103
106 106
113 136
114 114
116 116
117 117
121 102 121
122 162 166 122 35
125 125
126 126
128 128
130 130
131 131
134 134
138 50 138
139 139 53
140 140
141 4
143 143
144 144
145 145
147 147
149 149
151 151
152 152
153 105
156 156
157 157
168 168
174 174
176 176 109
179 179
180 180 69
181 181
183 183
185 185
187 108
189 189
195 195
196 196
197 197
198 76 198
199 199
