1 68 55 127 83 100 0 22 35 57 119 178 195 124 84 170 30 8 12 100 18 115 101 100 44 175 80 76 131 43 117 100 45 196 100 77 177 164 105 100 142 151 50 88 19 128 180 171 54 159 199 158 21 141 100 186 89 129 121 59 100 183 155 137 100 182 125 27 29 93 49 193 99 97 100 174 191 60 134 100 163 32 160 16 1
73
0 0
1 1
8 8
12 12
16 16
18 18
19 19
21 21
22 22
27 27
29 29
30 30
32 32
35 35
43 43
44 44
45 45
49 49
50 50
54 54
55 55
57 57
59 59
60 60
68 68
76 76
77 77
80 80
83 83
84 84
88 88
89 89
93 93
97 97
99 99
100 189 192 136 74 157 31 3 82 38 113 188 153 24 28 138 15 56 148 26 10 36 25 194 172 111 63 150
101 101
105 105
115 115
117 117
119 119
121 121
124 124
125 125
127 86 127
129 129
131 131
134 134
137 137
141 141
142 142
151 151
155 155
158 158
159 159
160 160
163 163
164 164
170 170
171 171
174 174
175 175
177 177
178 178
180 180
182 182
183 183
186 186
191 191
193 193
195 195
196 196
199 199
