21 152 153 172 183 114 105 128 129 34 3 2 1 139 168 169 168 139 142 149 176 148 197 95 97 36 35 154 20 121 120 9 8 59 60 61 12 108 170 117 122 130 131 41 11 81 113 188 134 181 180 126 127 5 15 171 69 66 69 136 39 119 115 116 47 48 65 175 151 150 85 107 193 194 101 27 43 73 87 38 37 189 124 125 137 75 74 160 17 157 143 185 186 33 155 165 25 179 178 63 83 82 177 89 93 156 21
82
1 1
3 3
5 5
8 7
9 9
11 11
12 13
15 15
17 17 77
20 187
21 21
25 25
27 27
33 33
35 35
37 37
39 39
41 41
43 43
47 47
48 19 79
59 59
61 61
63 63 71
65 65
66 67 145
69 69
73 73
75 75
81 81
83 83
85 85
87 87
89 89
93 93
95 95 195
97 97
101 91 101
105 103 105
107 107
108 167
113 31 113
115 115
116 133
117 117
119 119 159
120 51
121 121
122 123
125 125
127 127
129 129
131 131
137 137
139 139
142 99
143 143 147
149 149
150 53
151 141 151 191
152 111
153 153
154 29
155 155
156 45
157 157
160 23
165 165
169 57 169
171 171
172 173
175 175
176 109
177 177
179 161 179
181 181
183 183
185 55 185
188 135
189 189
193 193
197 49 163 197
