74 72 80 76 73 75 151 153 156 157 151 2 8 6 2 46 50 41 46 58 55 53 54 57 59 58 102 18 11 12 19 16 13 18 98 99 98 121 122 121 87 89 82 81 85 83 88 86 87 172 174 180 179 175 178 171 172 169 164 161 163 168 166 167 165 169 118 111 116 120 118 141 148 146 144 145 141 38 36 35 37 39 31 38 132 139 137 131 140 135 136 132 192 191 199 198 197 192 182 21 26 29 28 24 25 23 21 63 70 68 61 66 62 69 63 75 77 72 74
91
2 2
6 6
8 8
11 11
12 14
13 13
16 16
19 19
23 23
24 30
25 25
26 26
28 28
29 29
31 31
35 35
36 36
37 37 32
38 38
39 39
41 47 41
46 46
50 50
53 53
54 54
55 52 55
57 57
58 58
59 59
61 61
62 62
66 66
68 68
69 69
70 70
73 73
74 74
75 75
76 76
77 77
80 80
81 81
82 82
83 83
85 85
86 86
88 88
89 89
99 96 99
102 104
111 111 114
116 116
118 118
120 113 119
121 128
122 126 122
131 131
135 135
136 136
137 137
139 139
140 140
141 141
144 142
145 145
146 146
148 148
151 151
153 153
156 156 160
157 157
161 161
163 163
164 164
165 165
166 166
167 167
168 168
169 169
172 172
174 174
175 175
178 178
179 179
180 180
182 185 189
191 191
192 192
197 197
198 198
199 199
