Meckgue Beldenn Gizton EasternAirTemple TheVale TheBoilingRock BeyondtheWall TheSpine ShatteredPlains Netherfort Murkcairn Keld GooLagoon Ellesmera Vexhollow Braavos Kinecardine EarthKingdom UtgardMountain LakeLaogai Urubaen Yunkai TheKrustyKrab Lorien TheHogsHead Larcbost KoralReef Grayburn Tartarus TheWaystoneInn TheArcanum LeakyCauldron TheUniversity TheGodswood Sanlow ZhaoFu ThePrancingPony Carvahall Winterfell Meereen Dagobah TreeofTime RepublicCity MysticRuins Steeltown VaultofSouls Meckgue
46
RepublicCity RepublicCity
LakeLaogai LakeLaogai
Gizton Gizton
TheWaystoneInn TheWaystoneInn
TreeofTime TreeofTime
Steeltown Steeltown
Lorien Lorien
ShatteredPlains ShatteredPlains
Braavos Braavos
Dagobah Dagobah
Carvahall Carvahall
TheHogsHead TheHogsHead
KoralReef KoralReef
Meckgue Meckgue
Murkcairn Murkcairn
Tartarus Tartarus
Yunkai Yunkai
EarthKingdom EarthKingdom
Netherfort Netherfort
Sanlow Gotham Sanlow
TheVale TheVale Castamere
Keld Keld
ThePrancingPony ThePrancingPony
GooLagoon GooLagoon
Meereen Meereen
UtgardMountain UtgardMountain
Ellesmera Ellesmera
Urubaen FlourishBlotts Urubaen
Grayburn Grayburn
LeakyCauldron LeakyCauldron
ZhaoFu ZhaoFu
Winterfell Winterfell
TheUniversity TheUniversity
BeyondtheWall BeyondtheWall
Larcbost Larcbost
EasternAirTemple EasternAirTemple
Beldenn Beldenn
TheBoilingRock TheBoilingRock
MysticRuins MysticRuins
TheGodswood TheGodswood
Vexhollow Ademre Vexhollow
VaultofSouls VaultofSouls
TheArcanum TheArcanum
TheKrustyKrab TheKrustyKrab
TheSpine TheSpine
Kinecardine Kinecardine
