21 54 107 142 37 2 134 118 146 95 149 49 74 64 34 120 60 18 88 81 136 130 68 123 160 156 4 42 15 127 47 7 32 169 114 83 82 125 168 36 173 154 100 137 72 53 87 20 85 62 170 172 50 38 105 46 177 51 12 196 139 135 56 188 190 186 176 152 131 184 61 35 61 147 29 115 27 31 133 151 144 122 163 17 119 178 78 96 75 102 167 90 10 30 23 159 48 174 21
94
2 2
7 7
10 10 180
12 103
15 15
17 17
18 18
20 20
21 21
23 23
27 27
29 29
30 30
31 31
32 32
34 34
35 40
36 36 108
37 37
38 38
42 42
46 46
47 47
48 48
49 49
50 116
51 51
53 53
54 54
56 56
60 60
61 61
62 62
64 64
68 68
72 72
74 74
75 75
78 78
81 81
82 82
83 91
85 24
87 87
88 88
90 90
95 95
96 96
100 100
102 102
105 105
107 97
114 114
115 115
118 118
119 119
120 14 120 16
122 122
125 125
127 127
130 130
131 131
133 133
134 134
135 135
136 136 194
137 137
139 139
142 142 121
144 144
146 146
147 147
149 149
151 151
152 152
154 154
156 156
159 159
160 160
163 163
167 167
168 168
169 169
170 170
172 172
173 45
176 176
177 177
178 178
184 184
186 186
188 188
190 190
196 196
