1FoundersRock 78RajProperties 71Hillegass 36CasaZimbabwe 57Wheeler 64Blackwell 43FacultyClub 50Bridge 69VarsityBerkeley 60Ehrman 76CasaZimbabwe 74Martinez 63Unit3 48Esplanade 70Stonefire 62Unit2 77OtherCoop 41FoundersRock 56Giannini 67InternationalHouse 35ChanningBowdwitch 39SanFransisco 55Hilgard 46DoeLibrary 42UniversityHouse 53Durant 49SatherGate 34Martinez 32DeltaPhiEpsilon 45HearstMemorial 51HearstGymnasium 75ChanningBowdwitch 58NorthGate 31Hillegass 72DeltaPhiEpsilon 52California 33Wada 66ClarkKerr 79SanFransisco 38RajProperties 44HearstGreekTheatre 47SatherTower 80Oaktown 61Unit1 37OtherCoop 40Oaktown 73Wada 68SodaHall 65Foothill 59SouthHall 54Wellman 1FoundersRock
50
31Hillegass 31Hillegass
32DeltaPhiEpsilon 32DeltaPhiEpsilon
33Wada 33Wada
34Martinez 34Martinez
35ChanningBowdwitch 35ChanningBowdwitch
36CasaZimbabwe 36CasaZimbabwe
37OtherCoop 37OtherCoop
38RajProperties 38RajProperties
39SanFransisco 39SanFransisco
40Oaktown 40Oaktown
41FoundersRock 41FoundersRock
42UniversityHouse 42UniversityHouse
43FacultyClub 43FacultyClub
44HearstGreekTheatre 44HearstGreekTheatre
45HearstMemorial 45HearstMemorial
46DoeLibrary 46DoeLibrary
47SatherTower 47SatherTower
48Esplanade 48Esplanade
49SatherGate 49SatherGate
50Bridge 50Bridge
51HearstGymnasium 51HearstGymnasium
52California 52California
53Durant 53Durant
54Wellman 54Wellman
55Hilgard 55Hilgard
56Giannini 56Giannini
57Wheeler 57Wheeler
58NorthGate 58NorthGate
59SouthHall 59SouthHall
60Ehrman 60Ehrman
61Unit1 61Unit1
62Unit2 62Unit2
63Unit3 63Unit3
64Blackwell 64Blackwell
65Foothill 65Foothill
66ClarkKerr 66ClarkKerr
67InternationalHouse 67InternationalHouse
68SodaHall 68SodaHall
69VarsityBerkeley 69VarsityBerkeley
70Stonefire 70Stonefire
71Hillegass 71Hillegass
72DeltaPhiEpsilon 72DeltaPhiEpsilon
73Wada 73Wada
74Martinez 74Martinez
75ChanningBowdwitch 75ChanningBowdwitch
76CasaZimbabwe 76CasaZimbabwe
77OtherCoop 77OtherCoop
78RajProperties 78RajProperties
79SanFransisco 79SanFransisco
80Oaktown 80Oaktown
