1FoundersRock 39SanFransisco 1FoundersRock 22Unit2 34Martinez 16Giannini 26ClarkKerr 31Hillegass 36CasaZimbabwe 21Unit1 30Stonefire 23Unit3 37OtherCoop 24Blackwell 33Wada 25Foothill 18NorthGate 27InternationalHouse 38RajProperties 29VarsityBerkeley 32DeltaPhiEpsilon 28SodaHall 35ChanningBowdwitch 20Ehrman 17Wheeler 19SouthHall 1FoundersRock
24
16Giannini 16Giannini
17Wheeler 17Wheeler
18NorthGate 18NorthGate
19SouthHall 19SouthHall
20Ehrman 20Ehrman
21Unit1 21Unit1
22Unit2 22Unit2
23Unit3 23Unit3
24Blackwell 24Blackwell
25Foothill 25Foothill
26ClarkKerr 26ClarkKerr
27InternationalHouse 27InternationalHouse
28SodaHall 28SodaHall
29VarsityBerkeley 29VarsityBerkeley
30Stonefire 30Stonefire
31Hillegass 31Hillegass
32DeltaPhiEpsilon 32DeltaPhiEpsilon
33Wada 33Wada
34Martinez 34Martinez
35ChanningBowdwitch 35ChanningBowdwitch
36CasaZimbabwe 36CasaZimbabwe
37OtherCoop 37OtherCoop
38RajProperties 38RajProperties
39SanFransisco 39SanFransisco 40Oaktown
