node139 node92 node160 node181 node130 node84 node19 node95 node117 node82 node94 node38 node100 node85 node173 node36 node50 node30 node18 node42 node190 node99 node134 node169 node131 node119 node98 node186 node164 node53 node20 node80 node37 node127 node162 node178 node129 node109 node111 node110 node137 node66 node41 node71 node49 node86 node97 node126 node65 node141 node185 node193 node72 node172 node47 node16 node200 node56 node182 node183 node116 node107 node89 node51 node57 node33 node125 node123 node143 node140 node73 node40 node5 node192 node27 node22 node52 node8 node96 node60 node152 node10 node63 node108 node54 node124 node17 node180 node158 node191 node114 node187 node195 node48 node102 node61 node154 node24 node139
83
node5 node5
node8 node8
node10 node10
node16 node16
node17 node17
node18 node18
node19 node19
node20 node20 node112
node22 node22 node81
node24 node24
node27 node27
node30 node30
node33 node33 node146
node36 node165
node37 node37
node38 node38
node41 node41
node42 node42
node47 node47
node48 node48
node49 node49
node50 node50
node51 node51
node52 node52
node53 node53
node54 node54
node56 node56
node57 node1 node57
node60 node60
node61 node61
node65 node65
node66 node66
node71 node71
node72 node72
node73 node26 node188 node73
node80 node80
node84 node84
node85 node85
node86 node86
node92 node92 node157
node94 node94
node96 node96
node97 node97
node98 node98
node100 node100
node102 node102
node107 node107
node108 node108
node109 node109
node111 node111
node114 node114
node116 node116
node117 node184 node117
node119 node119
node123 node123
node124 node124
node125 node125
node126 node126
node129 node129 node55
node130 node130
node134 node134
node141 node141
node143 node143
node152 node152 node12
node154 node154
node158 node158
node160 node160
node162 node162
node169 node169
node172 node149
node173 node173
node178 node178
node180 node167 node180
node181 node181
node182 node182
node185 node185
node186 node186
node187 node163
node190 node190
node191 node191 node159
node192 node192
node195 node195 node3 node59
node200 node200
