shaird rampup property peasantism airgap nauseously assonantal preparable effuses shrow colugos philomels UncleNed macedoine advances coldcocked opacular aftertouch waste Lafayette teabags diruption sarcomere remissio baning deductable tunic cementite lasting scratch trackbar toggleable irade guilts unglove caouane twothirds kartikeya transflux intrado fivepenny Sahara Pentecost beermakers cacomistle tokenizing Ucayali slatting morphe nomination shaird
50
shaird shaird
rampup rampup
cacomistle cacomistle
teabags teabags
assonantal assonantal
irade irade
lasting lasting
Sahara Sahara
shrow shrow
diruption diruption
unglove unglove
baning baning
property property
airgap airgap
trackbar trackbar
scratch scratch
fivepenny fivepenny
Ucayali Ucayali
colugos colugos
slatting slatting
macedoine macedoine
cementite cementite
deductable deductable
toggleable toggleable
UncleNed UncleNed
philomels philomels
tokenizing tokenizing
caouane caouane
beermakers beermakers
Pentecost Pentecost
transflux transflux
aftertouch aftertouch
twothirds twothirds
kartikeya kartikeya
advances advances
nomination nomination
tunic tunic
sarcomere sarcomere
intrado intrado
nauseously nauseously
effuses effuses
opacular opacular
morphe morphe
peasantism peasantism
guilts guilts
preparable preparable
waste waste
coldcocked coldcocked
Lafayette Lafayette
remissio remissio
