liverance catabolism wellbores achieve shutter bywoners tightening hatrail asterisk jitterbugs metamere kamencheh pallia pontage studiously oversleeps moderatrix hypanthium coulde refortify Akkub otate tortillons handballer lethiferal liverance
25
liverance liverance
metamere metamere
pallia pallia
Akkub Akkub
otate otate
tightening tightening
achieve achieve
hatrail hatrail
pontage pontage
lethiferal lethiferal
jitterbugs jitterbugs
bywoners bywoners
studiously studiously
asterisk asterisk
hypanthium hypanthium
catabolism catabolism
shutter shutter
refortify refortify
kamencheh kamencheh
tortillons tortillons
wellbores wellbores
moderatrix moderatrix
coulde coulde
handballer handballer
oversleeps oversleeps
