runcation wintrier perfusive kempy tholoi usant miticides hambone bookhouses jaborandi grilses Carazo draftox tuneful Lipetsk stips timefuse ungroomed medicine yuzus greatborn wolfer quakerlike palatial Margery colocynth festuca bewitch fibrates Marah stinkbugs inurns toper conceiv triforium tipuana yokeline haligi thereagain revolution wheatberry silicon ephas Massorete fason megahero torsions pentine polyuria passcards turbid nervus decouples wideband embittered boomah forepast erysipelas cutout huddle infants almshouse Astaire offset blackdye baken foreshores Simferopol construed begynnynge tutelar husbandman agistments prairies turnoff destinate retexture metre holodeck undramatic flourless aliens cloaca Muscogee lionfish chargeback broomer multifaith montages urethritic dollying ilian unbribable maxim oogle coalblack lichened trikini stoble backpay runcation
100
runcation runcation
multifaith multifaith
ephas ephas
tuneful tuneful
Simferopol Simferopol
conceiv conceiv
quakerlike quakerlike
triforium triforium
ungroomed ungroomed
cloaca cloaca
haligi haligi
Lipetsk Lipetsk
fason fason
turbid turbid
baken baken
inurns inurns
medicine medicine
construed construed
erysipelas erysipelas
Margery Margery
palatial palatial
backpay backpay
jaborandi jaborandi
kempy kempy
boomah boomah
torsions torsions
Astaire Astaire
montages montages
trikini trikini
foreshores foreshores
unbribable unbribable
toper toper
hambone hambone
begynnynge begynnynge
retexture retexture
colocynth colocynth
chargeback chargeback
bewitch bewitch
aliens aliens
bookhouses bookhouses
festuca festuca
Marah Marah
thereagain thereagain
lionfish lionfish
blackdye blackdye
metre metre
wolfer wolfer
flourless flourless
Carazo Carazo
tholoi tholoi
usant usant
decouples decouples
dollying dollying
perfusive perfusive
embittered embittered
tipuana tipuana
holodeck holodeck
stips stips
fibrates fibrates
yokeline yokeline
wintrier wintrier
husbandman husbandman
Massorete Massorete
stinkbugs stinkbugs
miticides miticides
undramatic undramatic
destinate destinate
megahero megahero
urethritic urethritic
tutelar tutelar
passcards passcards
almshouse almshouse
agistments agistments
silicon silicon
wheatberry wheatberry
stoble stoble
offset offset
ilian ilian
prairies prairies
broomer broomer
oogle oogle
huddle huddle
wideband wideband
Muscogee Muscogee
greatborn greatborn
coalblack coalblack
draftox draftox
grilses grilses
polyuria polyuria
cutout cutout
timefuse timefuse
yuzus yuzus
lichened lichened
infants infants
turnoff turnoff
maxim maxim
pentine pentine
revolution revolution
forepast forepast
nervus nervus
