132 173 185 28 27 26 25 21 17 161 195 113 109 105 101 97 95 91 87 85 184 154 192 162 155 77 75 81 61 47 45 41 39 35 33 177 9 8 6 3 5 177 13 152 156 167 171 133 159 166 182 160 76 78 80 72 68 60 62 64 66 46 38 40 44 142 180 148 135 193 197 181 158 198 194 196 189 138 146 188 136 149 137 176 108 106 102 104 90 86 88 96 92 98 100 118 122 126 132
94
3 3 2
5 5
6 6
8 8
9 9
13 13
17 17
25 25
26 26
27 27
28 28 31
33 33
35 35
38 38
39 39
40 40 36
41 41
44 44
45 45
46 46
47 47
60 60 56
61 61
62 62
64 64
66 66
68 68
72 72
75 75
76 76
77 77
78 78
80 80 82
81 81
85 85
86 86
87 87
88 88
90 90
91 91
92 92
95 95
96 96
97 97
98 98
100 100
101 101
102 102
104 104
105 105
106 106
108 108
109 109
113 113
118 118
122 122
126 126
133 133
135 135
136 136
137 137
138 138
142 142
146 146
148 148
149 149
152 152
154 154
155 155
156 156
159 159
160 160
161 161
162 162
166 166
167 167 183
171 171
173 173
176 176
177 177
180 180
181 181
182 182
184 184
185 185
188 188
189 189
192 192
193 193
194 194
195 195
196 196
197 197
198 198
