aliquam adipiscing turpis senectus lectus cursus euismod ut imperdiet sed enim lorem habitant mattis porttitor fames et praesent vitae viverra suscipit sagittis platea semper habitasse maecenas nec mi placerat congue quis eros gravida vestibulum ornare nisi condimentum mauris consectetur cras ultricies malesuada quisque eu aliquam
43
sagittis sagittis
semper semper
condimentum condimentum
mattis mattis
lectus lectus
vitae vitae
habitant habitant
senectus senectus
et et
malesuada malesuada
fames fames
turpis turpis
sed sed
ultricies ultricies
mi mi
quis quis
lorem lorem
consectetur consectetur
adipiscing adipiscing
praesent praesent
gravida gravida
cursus cursus
habitasse habitasse
platea platea
quisque quisque
mauris mauris
congue congue
nisi nisi
suscipit suscipit
maecenas maecenas
enim enim
ut ut
viverra viverra
cras cras
eu eu
placerat placerat
vestibulum vestibulum
eros eros
ornare ornare
imperdiet imperdiet
euismod euismod
porttitor porttitor
nec nec
