AAA ABA ABB ABC ABD ACD ADD ADC ADB ADA BAA BAB BBB BBC BBD BCD BDD BDC BDB BDA CAA CBA CBB CBC CBD CCD CDD CDC CDB CDA DAA DAB DBB DBC DBD DCD DDD DDC DDB DDA EAA EBA EBB EBC EBD ECD ECC ECB ECA EDA FAA FBA FBB FBC FBD FCD FDD FDC FDB FDA GAA GBA GBB GBC GBD GCD GDD GDC GDB GDA HAA HAB HBB HBC HBD HCD HDD HDC HDB HDA IAA IAB IBB IBC IBD ICD IDD IDC IDB IDA JAA JAB JBB JBC JBD JCD JCC JCB JCA JDA KAA KBA KBB KBC KBD KCD KDD KDC KDB KDA LAA LBA LBB LBC LBD LCD LCC LCB LBB LAB LAA KDA KCA KBA KAA JDA JCA JBA JAA IDA ICA IBA IAA HDA HCA HBA HAA GDA GCA GBA GAA FDA FCA FBA FAA EDA ECA EBA EAA DDA DCA DBA DAA CDA CCA CBA CAA BDA BCA BBA BAA ADA ACA ABA AAA
61
ABB ABB ACB
ABC ABC
ABD AAD
ACD ACD
ADD ADD
BBB BBB BCB
BBC BBC
BBD BAD
BCD BCD
BDD BDD
CBB CBB CCB
CBC CBC
CBD CAD
CCD CCD
CDD CDD
DBB DBB DCB
DBC DBC
DBD DAD
DCD DCD
DDD DDD
EBB EBB
EBC EBC
EBD EAD
ECB ECB
ECD ECD EDD
FBB FBB FCB
FBC FBC
FBD FAD
FCD FCD
FDD FDD
GBB GBB
GBC GBC
GBD GAD
GCD GCD
GDB GCB
GDD GDD
HBB HBB HCB
HBC HBC
HBD HAD
HCD HCD
HDD HDD
IBB IBB ICB
IBC IBC
IBD IAD
ICD ICD
IDD IDD
JBB JBB
JBC JBC
JBD JAD
JCB JCB
JCD JCD JDD
KBB KBB KCB
KBC KBC
KBD KAD
KCD KCD
KDD KDD
LBB LBB
LBC LBC
LBD LAD
LCB LCB
LCD LCD LDD
