AAA ABA ABB ABC ABD ACD ADD ADC ADB ADA BAA BBA BBB BBC BBD BCD BCC BCB BCA BDA CAA CBA CBB CBC CBD CCD CDD CDC CDB CDA DAA DBA DBB DBC DBD DCD DDD DDC DDB DDA EAA EBA EBB EBC EBD ECD EDD EDC EDB EDA FAA FAB FBB FBC FBD FCD FBD FAD FAC FAB FAA EDA ECA EBA EAA DDA DCA DBA DAA CDA CCA CBA CAA BDA BCA BBA BAA ADA ACA ABA AAA
29
ABB ABB ACB
ABC ABC
ABD AAD
ACD ACD
ADD ADD
BBB BBB
BBC BBC
BBD BAD
BCB BCB
BCD BCD BDD
CBB CBB CCB
CBC CBC
CBD CAD
CCD CCD
CDD CDD
DBB DBB DCB
DBC DBC
DBD DAD
DCD DCD
DDD DDD
EBB EBB ECB
EBC EBC
EBD EAD
ECD ECD
EDD EDD
FAD FAD
FBB FBB FCB
FBC FBC
FCD FCD FDD
