Soda Location45 Location36 Location29 Location13 Location10 Location22 Location43 Location33 Location38 Location5 Location42 Location2 Location21 Location9 Location18 Location0 Location39 Soda
18
Location0 Location0
Location2 Location2 Location30
Location5 Location5
Location9 Location9
Location10 Location10
Location13 Location13
Location18 Location19
Location21 Location21
Location22 Location22
Location29 Location29
Location33 Location33
Location36 Location44
Location38 Location38
Location39 Location32
Location42 Location42
Location43 Location43
Location45 Location45
Soda Location40 Location31
