mqncr fhsjw qxsoe jkkgv jemlu anscp ghzax hqiic ilbfw fjrpj ilbfw derxh fdewe zdwkb ylsow ssyjd jorhq edxoe ajzuo ufvcg ayayj gztsf olqki mlqbj thxbd sgjyq nsllr hribg peobk diapc qcfox cakfa kamos vdlja innfa meyde innfa vdlja uvlln soqle lhsag wwphq cegzm wxaab rkzmv kdtrw nppux hrhzb hgwal qpjoh hgwal jvfig dsfpg mwoev dtvfs mqreu bwbkg ibnyw bwbkg iigud macxu edxoe qotnp eakkr vzoqh pvzeb vnnvv gkosc dsbhm tctxs mlqbj kpxlz yhpwd pnmkd axdtz wxcvg rtshe mzwec eludu gpwkr gsdqj mnymy tcxbn ypkmm lfdet odwou zcixl fblut qwmew vtcqw zfawc tcqqe eustb sxqhs ywyyb sfgmu drlqp uooez byjai jwmjp zmwtk jwmjp dxztc dabkf bwinl drrap mqncr
83
fblut fblut
uvlln jjlwh
ypkmm ypkmm
jwmjp jwmjp
meyde qrmyp bymoa
gztsf gztsf
uooez uooez
qotnp qotnp
sxqhs sxqhs
ajzuo aoxfw
gkosc gkosc
mlqbj mlqbj
mqreu mqreu dkdci
dsbhm dsbhm awsuk
nppux nppux
dsfpg dsfpg
wwphq wwphq rnrth
hgwal lukkm tyjab
ghzax xftof
qxsoe qxsoe
hqiic yuvek
ayayj ayayj
lfdet lfdet
eludu eludu
dtvfs mbqyg
mnymy mnymy
macxu macxu
zfawc qkftw
pvzeb pvzeb
mzwec mzwec
eustb eustb
peobk peobk
hribg hribg ygust
olqki mpjyf
diapc diapc
cakfa cakfa
dxztc eqddq yuuqu
bwinl bwinl
gsdqj gsdqj
edxoe edxoe
lhsag irkbu lhsag
wxaab iggzg
yhpwd mxihv
wxcvg piswp xphcw
qcfox qcfox
qpjoh qpjoh kwvgs
tctxs tctxs
jvfig jvfig
vzoqh vzoqh
mwoev mwoev
vnnvv vnnvv mrnva
nsllr jxcvu
ilbfw ilbfw
eakkr eakkr
rtshe rtshe
thxbd fnipk
anscp anscp sbnmi
tcxbn tcxbn
drrap drrap
fjrpj fjrpj btqda
derxh derxh
ylsow ylsow
gpwkr mjgiw gpwkr
ywyyb ywyyb
qwmew qwmew
drlqp drlqp
pnmkd pnmkd
vdlja qfcxo
sfgmu sfgmu
ssyjd ssyjd
cegzm cegzm
jemlu jemlu
innfa innfa dxllq
ibnyw cfspg ibnyw
hrhzb hrhzb
zcixl zcixl
jkkgv jkkgv
byjai byjai
kdtrw kdtrw
axdtz axdtz
tcqqe tcqqe
iigud iigud
zmwtk kqysx igpmu
