xjbms hwhxr ttdxn fuume bicnj ocgbu iddrb wnlug yztko bqgqy mrnvg xeikc bsuwt nnnts dzfkr impuz begrs xecik riwwe mbzzn tykrt kyaqs bthif czppi vlzjn usrtf rlqrg yuayd yifeb xvefe lfceh bwgqu htabn lkzxl beqlb lyixz otdam vaeqh ybgaf ydhop qkzwm kymjg npvgp fxnnl xjbms
42
hwhxr hwhxr
wnlug wnlug
kyaqs kyaqs
beqlb beqlb
qkzwm itxfb
vaeqh qkysn vaeqh
kymjg wxnxi
lkzxl lkzxl
bicnj bicnj
czppi czppi
fuume fuume lpolv
dzfkr dzfkr
fxnnl fxnnl
yuayd deoux
begrs fnhle
lyixz lyixz nrtqp
mbzzn mbzzn
bthif bthif
iddrb iddrb
xecik akegy xecik
vlzjn psudb
ydhop ydhop
impuz impuz
rlqrg uegez
riwwe riwwe
xjbms xjbms
npvgp npvgp
usrtf rnrnh usrtf
yifeb hstmf
lfceh uzzfw lfceh
bqgqy bqgqy
bsuwt bsuwt kvvqk
xeikc xeikc
bwgqu bwgqu
tykrt tykrt
otdam ejwkt
nnnts nnnts
ocgbu ocgbu
mrnvg mrnvg
ybgaf ybgaf llwzk
xvefe xvefe
yztko yztko
