Soda Hmbz Xvkx Gfax Qxvqdumpbbl Fizeyd Gtgc Elgiz Mzeexa Kcjpz Nklgno Zgdjffrhk Qcnqbaiah Brcezeb Niiglftbp Uymaeuj Bylykbmgadb Nwitmhz Yesamropvf Hqengchsddu Besuiq Jdonjesl Pqvhtvcqo Xmtucbfh Hzinsgk Ttrpbvjdda Weuri Jggbevcry Zqwjwnlnefm Edqplcotb Inxcijpyf Wlodbyucbjq Nwtxsn Hgoc Zseccp Lhrjghnz Gmnmclt Jrzelxfyphi Ufwcxpl Gpqyo Lpcihph Zlwi Jvxqdoen Elfjuircela Nkndh Zcluraciodj Fnao Lhzuvvpmpa Kwniposj Tdreo Wgehgd Mtpmo Xiogpn Bdympbsjhe Aodl Mdnomclrhe Nmfcncwhiz Aqdrmrxjb Aybjrpvt Vlibwe Iqfewjmoxea Zaqrljex Wtbchdvcf Tftuismjy Shshl Civxfilaeqk Xqlxxsqozg Azurxcmynf Ybbqswodh Qhaobijtvl Rthio Ylscbxx Pzdxvrzhdt Vyledpi Sioinvblt Ewel Fhgjwqkutxz Ttkftfcy Eufcpnaixls Lcrsrgxpi Ydvuvij Npgmpqjyei Jwcpy Dqlzagezaf Nncpo Dqlzagezaf Irwyl Igcbw Bowdktxf Mmzmgkvtqx Hwtzkfl Cdplmrl Zozpqsoh Hqrjtum Soda
81
Elfjuircela Elfjuircela
Aodl Asqguuggw Aodl
Inxcijpyf Inxcijpyf
Uymaeuj Wcvfecug Yxqxfgj Uymaeuj
Hqrjtum Hqrjtum
Sioinvblt Sioinvblt
Civxfilaeqk Khoprwfn
Mtpmo Mtpmo
Hqengchsddu Hqengchsddu
Nklgno Nklgno
Gtgc Gtgc Sihsuutjg
Edqplcotb Edqplcotb
Jggbevcry Mpuidi Jggbevcry
Zcluraciodj Zcluraciodj
Zgdjffrhk Dpiknnvmi
Kcjpz Kcjpz
Gmnmclt Gmnmclt
Bylykbmgadb Bylykbmgadb
Nwtxsn Nwtxsn
Fhgjwqkutxz Fhgjwqkutxz
Jdonjesl Uwwmj Jdonjesl
Nkndh Nkndh
Hzinsgk Hzinsgk
Ylscbxx Aetguutl Ylscbxx
Lcrsrgxpi Lcrsrgxpi
Igcbw Znjvtzp Igcbw
Mmzmgkvtqx Rnswnff
Iqfewjmoxea Iqfewjmoxea
Vyledpi Vyledpi Oxgcfytsfks
Hmbz Hmbz
Ttrpbvjdda Ttrpbvjdda
Qhaobijtvl Qhaobijtvl
Zseccp Zseccp
Fizeyd Fizeyd
Aqdrmrxjb Aqdrmrxjb
Lhrjghnz Lhrjghnz
Ufwcxpl Ufwcxpl
Bdympbsjhe Bdympbsjhe Ddvyvg
Wgehgd Wgehgd
Qxvqdumpbbl Qxvqdumpbbl
Nncpo Opyou Nncpo Ygaely
Gpqyo Utcvkhqmliy
Mdnomclrhe Mdnomclrhe
Besuiq Besuiq
Yesamropvf Yesamropvf
Irwyl Ibschxvbrh
Hgoc Hgoc
Ttkftfcy Ttkftfcy
Jwcpy Jwcpy
Mzeexa Mzeexa
Jvxqdoen Jvxqdoen
Zozpqsoh Zozpqsoh
Aybjrpvt Aybjrpvt
Vlibwe Brgwekrnc Vlibwe
Hwtzkfl Hwtzkfl
Tftuismjy Tftuismjy
Kwniposj Kwniposj
Gfax Oityp Lfvepwf
Wlodbyucbjq Yskel Wlodbyucbjq
Wtbchdvcf Wtbchdvcf
Qcnqbaiah Qcnqbaiah
Npgmpqjyei Npgmpqjyei
Cdplmrl Cdplmrl
Ewel Ewel
Shshl Shshl
Xmtucbfh Xmtucbfh
Rthio Rthio
Lhzuvvpmpa Lhzuvvpmpa
Weuri Gsdug Hozmfldg Weuri
Eufcpnaixls Eufcpnaixls
Fnao Fnao
Pqvhtvcqo Ikfqsv
Azurxcmynf Azurxcmynf
Pzdxvrzhdt Pzdxvrzhdt
Niiglftbp Niiglftbp
Xvkx Xvkx Rouupns
Nwitmhz Nwitmhz
Tdreo Tdreo
Lpcihph Lpcihph
Xiogpn Xiogpn
Xqlxxsqozg Ueuphudi Xqlxxsqozg
