Soda Qqlqdxhzie Jnaceez Tjqkxczzumv Xbpw Vbbopctjfsu Prteefgv Shqm Lcia Nqdl Myxxw Ppbp Slhe Vevhjnfq Vvvqw Fmgwavgppb Tbyuqkgtm Rxeuijsrpky Fagweskgci Yxjvwhefqif Qwebscsrirm Swqguyhe Xkegoqksfou Yyrymdkl Lwkzgtniodd Fedxvznrqw Hoir Vlgzfpnbc Cyvexr Mvcjmf Lhsmxzizl Zcefzlovt Nkqzgfasj Lyurrdtdw Saglt Uqfqb Rchfmjdesx Zgvnjegpj Qwisoqgzm Psynz Hfbml Svdpn Locjp Ibnxkznems Xyqun Phjuuz Mzwrip Lisdkopju Bjxy Eqtpmllrky Soda
42
Swqguyhe Swqguyhe Padpmqkrh
Mvcjmf Vbibp
Lwkzgtniodd Hbsc Lwkzgtniodd
Lhsmxzizl Lhsmxzizl
Lisdkopju Wyvuhfzpeh
Hfbml Hfbml
Phjuuz Phjuuz
Svdpn Svdpn
Yyrymdkl Yyrymdkl
Shqm Zxrxvqvnm
Xbpw Xbpw
Vbbopctjfsu Vbbopctjfsu
Fmgwavgppb Fmgwavgppb
Uqfqb Uqfqb Usfucahrvrj
Saglt Saglt
Tjqkxczzumv Tjqkxczzumv
Lcia Lcia
Eqtpmllrky Eqtpmllrky
Yxjvwhefqif Yxjvwhefqif
Jnaceez Jnaceez
Mzwrip Mzwrip Fwerc
Prteefgv Prteefgv Ugtgajtqmg Kslp
Ibnxkznems Ibnxkznems
Lyurrdtdw Lyurrdtdw
Rxeuijsrpky Rxeuijsrpky
Rchfmjdesx Rchfmjdesx
Slhe Slhe
Ppbp Fwmaudwdwa
Xkegoqksfou Xkegoqksfou
Vvvqw Vvvqw
Zgvnjegpj Zgvnjegpj
Psynz Psynz
Zcefzlovt Zcefzlovt
Hoir Hoir
Fagweskgci Fagweskgci
Nqdl Nqdl
Qwebscsrirm Pliaph Qwebscsrirm
Nkqzgfasj Nkqzgfasj
Xyqun Xyqun
Cyvexr Cyvexr Ncfr
Vlgzfpnbc Vlgzfpnbc
Myxxw Myxxw
