0 86 134 35 179 33 21 24 34 164 23 13 88 199 104 158 156 45 92 12 61 8 125 80 154 98 6 160 197 90 106 124 102 140 55 57 108 93 97 3 188 50 145 131 153 32 15 118 40 52 29 144 42 152 181 130 149 46 173 58 0
58
3 3
6 6
8 8
12 12
13 13
15 15 27
21 53 21
23 23
24 24
29 29
32 32
33 33
34 34
35 35
40 40
42 42
45 45
46 46
50 50
52 52
55 55
57 57
58 58
61 61
80 80
86 86
88 88
90 90
92 92
93 93
97 97
98 98
102 102
104 104
106 106
108 108
118 118
124 124
125 125
130 130
131 131
134 134
140 140
144 144
145 145
149 149
152 152
153 153
154 154
156 156
160 160
164 164
173 173
179 179
181 181
188 188
197 197
199 199
