KMZ FBZ HGZ NLD NSY IKT GJK WXC TFL NDM XFP LCB PKG YEC UAO ENU RHL WDE WDN EFO VSQ XWZ GEV WVO IYC MWC WPB NYW IEN KVT FYE OBR XNH BTR YQU XYT HPL XXL CDW HTV GVH DEW VTA KDF MQG XNM KAL GAZ SZK CEA PWL MWN HTU AFO QOE BMH GMG YET KNQ QUS EVY PSZ OUR COR URI JTH DZY CSI YFA ZUA HSN BVP KQK HDY XPB ZCR MMI WYK ACK EXX RDP VZI LRF YGM VIF BUN MBM YWR WZI FZZ KDH DGD GJW RWN KBZ ZES VNH KDO HON BWL EKW KMZ
100
OUR OUR
PSZ PSZ
BMH BMH
DEW DEW
NYW NYW
MWN MWN
RHL RHL
GAZ GAZ
MMI MMI
KDH KDH
KDF KDF
WDN WDN
EKW EKW
VSQ VSQ
CDW CDW
VZI VZI
GJW GJW
KBZ KBZ
XNM XNM
WXC WXC
HPL HPL
YEC YEC
ENU ENU
RWN RWN
YWR YWR
HDY HDY
WPB WPB
MQG MQG
EFO EFO
GVH GVH
YGM YGM
XNH XNH
PKG PKG
XWZ XWZ
VNH VNH
EVY EVY
MWC MWC
NDM NDM
VTA VTA
AFO AFO
HSN HSN
JTH JTH
QUS QUS
FBZ FBZ
KNQ KNQ
QOE QOE
HGZ HGZ
XFP XFP
XPB XPB
BVP BVP
GJK GJK
HTU HTU
HTV HTV
IKT IKT
XXL XXL
ZES ZES
BUN BUN
PWL PWL
UAO UAO
LCB LCB
KQK KQK
KDO KDO
BWL BWL
VIF VIF
COR COR
WYK WYK
OBR OBR
WZI WZI
FZZ FZZ
KAL KAL
ZUA ZUA
URI URI
IYC IYC
GEV GEV
CEA CEA
MBM MBM
NLD NLD
YFA YFA
DGD DGD
CSI CSI
RDP RDP
WVO WVO
DZY DZY
YET YET
KVT KVT
TFL TFL
SZK SZK
ZCR ZCR
IEN IEN
BTR BTR
EXX EXX
LRF LRF
WDE WDE
YQU YQU
ACK ACK
GMG GMG
NSY NSY
FYE FYE
HON HON
XYT XYT
