USG BFD GJX KND IUT MBE DPP WSF UQJ AKT XIG OJJ QFZ TIB CMD STT POT IUL OEK TFP GIG EMI IRG KHL KXU SJL LYL BYF RAI DZG SCZ NRV UWO WIF ZLI HOD OKD DZD ZBM BJT QUA VFE WRP KJA PST NMY VKQ FPK STN TWC EMJ USG
50
QUA QUA
OEK OEK
KJA KJA
WSF WSF
DZG DZG
IUT IUT
VKQ VKQ
KND KND
BFD BFD
TIB TIB
NMY NMY
GIG GIG
KXU KXU
STT STT
TFP TFP
OKD OKD
ZLI ZLI
RAI RAI
HOD HOD
VFE VFE
FPK FPK
DZD DZD
ZBM ZBM
BYF BYF
STN STN
DPP DPP
MBE MBE
NRV NRV
CMD CMD
UQJ UQJ
WRP WRP
IRG IRG
QFZ QFZ
EMJ EMJ
SJL SJL
TWC TWC
SCZ SCZ
BJT BJT
GJX GJX
LYL LYL
EMI EMI
WIF WIF
KHL KHL
PST PST
OJJ OJJ
XIG XIG
UWO UWO
IUL IUL
AKT AKT
POT POT
