0 66 79 25 33 58 50 90 45 44 65 102 73 112 30 91 26 64 72 69 97 139 10 56 7 68 71 187 43 11 5 36 35 51 105 20 76 62 47 42 77 28 61 15 99 34 12 19 154 133 14 40 29 57 39 161 142 27 157 54 84 1 70 95 83 88 126 87 98 192 75 22 96 6 16 177 67 55 78 144 49 60 37 81 89 85 80 193 38 53 21 13 18 0
84
13 13
97 97
105 8
87 17 87
95 95
161 86
81 2 81
44 44
29 29
40 92 94 40
21 82 21
25 4 25
16 16
85 85
88 88
6 6
68 68
75 75
53 53
50 50
70 70
61 61 9
58 58
19 19
60 60
64 64
33 33
73 73
133 31
80 80
14 14
42 42
83 83
99 99
49 49
34 34
65 65
27 27 41
22 22
79 79
18 18
5 5
139 48
1 1
15 15 23
55 52 55
43 43 93
84 84
20 20
54 54
37 37
69 69
66 66
0 3 0
177 74
62 62
10 10
28 28
56 56
38 38
71 71
78 78
90 90
47 46 47
12 12
7 7
98 98 59
72 72
45 45
57 57
192 24
67 67
35 35
36 36
89 89
39 39 63
30 30
26 26
96 96
11 11
76 76
77 77
51 32 51
91 91
