144 133 18 141 119 51 187 39 188 22 62 13 110 114 112 88 132 44 78 21 126 106 173 14 104 130 156 24 108 43 87 42 131 76 147 157 74 70 159 183 59 82 53 83 174 170 67 107 169 90 165 66 122 3 92 152 139 8 75 95 99 7 128 93 136 64 49 127 120 19 28 158 11 47 144
71
3 3
7 7
8 8
11 11
13 13
14 14
18 18
19 19
21 21
22 16
24 24
28 28
39 39
42 42
43 43
44 44
47 47
49 49
51 51
53 53
59 142
62 62
64 64
66 66
67 67
70 70
74 74 124
75 75
76 76
78 78
83 83
87 87
88 88
90 90
92 92
93 93
95 95
99 99
104 104
106 106
107 107
108 108
110 110
112 112
114 114
119 119
120 120
122 122
126 126
127 127
128 128
130 130
131 131
132 132
133 133
136 136
139 79
141 141
147 147
152 152
156 156
157 157
158 158
159 159
165 165
169 169
170 170
174 174
183 183
187 187
188 188
