0 56 26 189 110 105 68 121 50 195 130 13 77 47 175 177 52 31 193 155 143 172 10 194 149 44 127 115 49 162 14 30 97 101 139 179 46 132 168 22 45 35 126 192 91 23 24 82 164 1 131 28 11 183 103 141 152 73 39 186 12 78 120 2 59 94 87 51 5 178 66 140 34 99 170 136 63 163 76 150 67 42 38 85 104 72 79 100 62 108 133 71 146 27 93 142 64 21 0
97
1 1
2 2
5 5
10 10
11 11
12 12
13 13
14 14
21 21
22 22
23 23
24 24
26 26
27 27
28 28
30 30
31 31
34 34
35 35
38 38
39 39
42 42
44 44
45 45
46 46
47 47
49 49
50 50
51 51
52 52
56 56
59 59
62 62
63 63
64 64
66 66
67 67
68 68
71 71
72 72
73 73
76 76
77 77
78 78
79 79
82 82
85 85
87 87
91 91
93 93
94 94
97 97
99 99
100 100
101 101
103 103
104 104
105 105
108 108
110 110
115 115
120 120
121 121
126 126
127 127
130 130
131 131
132 132
133 133
136 136
139 139
140 140
141 141
142 142
143 143
146 146
149 149
150 150
152 152
155 155
162 162
163 163
164 164
168 168
170 170
172 172
175 175
177 177
178 178
179 179
183 183
186 186
189 189
192 192 29
193 193
194 194
195 195
