0 24 54 118 160 66 81 69 81 131 184 74 111 90 4 181 156 166 198 166 178 188 142 88 142 183 192 194 60 105 124 130 154 26 25 95 161 138 186 136 82 128 39 6 61 104 29 109 40 155 122 28 122 155 20 64 170 146 97 48 103 84 96 112 96 84 18 119 12 17 19 196 135 150 30 2 86 158 75 98 120 191 7 180 176 92 140 99 107 189 139 99 14 91 116 182 162 126 132 24 0
74
0 0
2 2 114
4 4
6 6
12 12
14 14
17 62
18 18 42
19 148
20 20 70
24 24
25 108
26 26 152
28 28 76
29 36
30 30
40 40 72
48 48
54 54
60 60
61 164
64 64
66 66
69 22 38
74 74 190
82 82
84 84
86 86 94
88 34 88
90 78 90
92 56 68 92
96 96
98 98
103 52
104 58 104
109 44
112 16 112
116 116
118 118
119 106
120 120
122 122
124 124
126 126
128 32 128
130 130
132 132
136 136
138 138
139 46 144
140 140
142 142
146 146
150 150 174
154 154
156 156
158 102 158
160 10 160
162 100 162 168
166 166
170 170
176 176
178 178
180 110 180
182 182
184 184
186 186
188 188
189 8
191 80 172
192 50 192
194 194
196 196
198 134 198
