Soda Chvez MemorialStadium CalvinLaboratory1 Sproul Bechtel1 Zellerbach Soda1 HaasPavilion GreekTheatre1 Blum Eshleman Greenhouse Chou Evans Wellman Bechtel Davis Wurster McEnerney StadiumRim Etcheverry1 Sibley TangCenter1 Haste1 Boalt1 HearstGymnasium Pimentel Birge Haviland Campanile BotanicalGarden Stephens1 BarrowsHall HearstFieldAnnex MemorialGlade SatherGate LeConte KrutchTheater1 Observatory1 Giannini1 Hargrove EastGate Morgan Kleeberger NorthGate Koshland Warren MLK1 Zellerbach1 EdwardsStadium WestGate1 Latimer Hilgard Hesse Lewis McLaughlin1 Minor Durant FoxCottage Jacobs1 Hildebrand1 Bowles OBrien Tan Cory1 ClarkKerr Moses1 Dwinelle1 Foothill SutardjaDai McCone GoldmanPlaza Gilman Kroeber CaliforniaHall Simon Stanley HeatingPlant LowerSproul Cleary Moffitt LifeSciences1 Hertz WestGate TangCenter Warren1 WooHonFai Morrison BancroftLibrary SutardjaDai1 Mulford Cheit1 Insectary HearstMiningCircle1 IshiCourt Pitzer WooHonFai1 Giauque DoeLibrary Stephens Soda
100
Bechtel Bechtel
Bowles Bowles
ClarkKerr ClarkKerr
DoeLibrary DoeLibrary
EdwardsStadium EdwardsStadium
Foothill Foothill
Gilman Gilman
HaasPavilion HaasPavilion
HearstFieldAnnex HearstFieldAnnex
Hertz Hertz
Insectary Insectary
Koshland Koshland
LeConte LeConte
McCone McCone
MemorialStadium MemorialStadium
Morgan Morgan
NorthGate NorthGate
Pitzer Pitzer
Simon Simon
Stanley Stanley
Tan Tan
Wellman Wellman
Wurster Wurster
Eshleman Eshleman
BarrowsHall BarrowsHall
Evans Evans
Birge Birge
FoxCottage FoxCottage
Blum Blum
BotanicalGarden BotanicalGarden
Giauque Giauque
GoldmanPlaza GoldmanPlaza
CaliforniaHall CaliforniaHall
Greenhouse Greenhouse
Chou Chou
Chvez Chvez
Hargrove Hargrove
Campanile Campanile
Haviland Haviland
HearstGymnasium HearstGymnasium
Cleary Cleary
HeatingPlant HeatingPlant
Davis Davis
BancroftLibrary BancroftLibrary
Hesse Hesse
Durant Durant
Hilgard Hilgard
EastGate EastGate
IshiCourt IshiCourt
Kleeberger Kleeberger
Kroeber Kroeber
Latimer Latimer
Lewis Lewis
LowerSproul LowerSproul
McEnerney McEnerney
MemorialGlade MemorialGlade
Minor Minor
Moffitt Moffitt
Morrison Morrison
Mulford Mulford
OBrien OBrien
Pimentel Pimentel
SatherGate SatherGate
Sibley Sibley
Sproul Sproul
StadiumRim StadiumRim
Stephens Stephens
SutardjaDai SutardjaDai
TangCenter TangCenter
Warren Warren
WestGate WestGate
WooHonFai WooHonFai
Zellerbach Zellerbach
Soda1 Soda1
Bechtel1 Bechtel1
Boalt1 Boalt1
CalvinLaboratory1 CalvinLaboratory1
Cheit1 Cheit1
Cory1 Cory1
Dwinelle1 Dwinelle1
Etcheverry1 Etcheverry1
Giannini1 Giannini1
GreekTheatre1 GreekTheatre1
Haste1 Haste1
HearstMiningCircle1 HearstMiningCircle1
LifeSciences1 LifeSciences1
McLaughlin1 McLaughlin1
Jacobs1 Jacobs1
KrutchTheater1 KrutchTheater1
Hildebrand1 Hildebrand1
MLK1 MLK1
Moses1 Moses1
Observatory1 Observatory1
Stephens1 Stephens1
SutardjaDai1 SutardjaDai1
TangCenter1 TangCenter1
Warren1 Warren1
WestGate1 WestGate1
WooHonFai1 WooHonFai1
Zellerbach1 Zellerbach1
