Soda Gilman Morgan Foothill Wheeler ClarkKerr Giannini MemorialStadium Dwinelle Senior Bowles HaasPavilion VLSB Hildebrand Haste Observatory DoeLibrary Hertz Moses LeConte Cory NorthGate LifeSciences McCone Boalt Campbell Koshland Pitzer Stanley HearstMiningCircle McLaughlin GreekTheatre Stern Cheit BarkerHall MLK SproulPlaza Etcheverry Blackwell EdwardsStadium Jacobs Insectary Simon Bechtel HearstFieldAnnex KrutchTheater Soda
45
Bechtel Bechtel
Boalt Boalt
Cheit Cheit
Cory Cory
Dwinelle Dwinelle
Etcheverry Etcheverry
Giannini Giannini
GreekTheatre GreekTheatre
Haste Haste
HearstMiningCircle HearstMiningCircle
LifeSciences LifeSciences
McLaughlin McLaughlin
Jacobs Jacobs
KrutchTheater KrutchTheater
Hildebrand Hildebrand
MLK MLK
Moses Moses
Observatory Observatory
Senior Senior
SproulPlaza SproulPlaza
Stern Stern
VLSB VLSB
Wheeler Wheeler
BarkerHall BarkerHall
Blackwell Blackwell
Campbell Campbell
Bowles Bowles
ClarkKerr ClarkKerr
DoeLibrary DoeLibrary
EdwardsStadium EdwardsStadium
Foothill Foothill
Gilman Gilman
HaasPavilion HaasPavilion
HearstFieldAnnex HearstFieldAnnex
Hertz Hertz
Insectary Insectary
Koshland Koshland
LeConte LeConte
McCone McCone
MemorialStadium MemorialStadium
Morgan Morgan
NorthGate NorthGate
Pitzer Pitzer
Simon Simon
Stanley Stanley
