Soda Wheeler Bowles Stern Foothill Hildebrand Senior Dwinelle LifeSciences Boalt Cheit Wellman Blackwell Moses Haste HaasPavilion Koshland McCone Morgan Pitzer Hertz Giannini Jacobs DoeLibrary Stanley Soda
24
Boalt Boalt
Cheit Cheit
Dwinelle Dwinelle
Giannini Giannini
Haste Haste
LifeSciences LifeSciences
Jacobs Jacobs
Hildebrand Hildebrand
Moses Moses
Senior Senior
Stern Stern
Wheeler Wheeler
Blackwell Blackwell
Bowles Bowles
DoeLibrary DoeLibrary
Foothill Foothill
HaasPavilion HaasPavilion
Hertz Hertz
Koshland Koshland
McCone McCone
Morgan Morgan
Pitzer Pitzer
Stanley Stanley
Wellman Wellman
