f qq m z llllll ssssss ssss lllll ggg iii nnnn wwwwwww vv s v ffffffff jjjjjjj rrrrrr qqqqqqq hhh ggggg q mmmmmmmm aaaaa pp wwww jjjj ff hhhh ttttt xxxxxx uu c w qqqqqq aaa vvvv p eeee a dddddddd sss bbbbbbbb fffffff zzz uuuuu j ss xxx f
49
ssss ssss
aaaaa aaaaa
w w
uu uu
v v
p p
eeee eeee
dddddddd dddddddd
zzz zzz
mmmmmmmm rrrrrrrr
ttttt ttttt
xxxxxx xxxxxx
f f
iii iii
nnnn nnnn
s s
uuuuu uuuuu
ff ff
ggggg ggggg
ss ss
rrrrrr rrrrrr
m m
xxx xxx
z z
qqqqqq qqqqqq
c c
hhhh hhhh
vvvv vvvv
bbbbbbbb bbbbbbbb
j j
sss llllllll sss
vv vv
qq qq
ggg ggg
ssssss ssssss
wwww wwww
qqqqqqq qqqqqqq
pp pp
lllll lllll
ffffffff ffffffff
llllll llllll
hhh hhh
fffffff fffffff
aaa aaa
jjjj jjjj
a a
q q
jjjjjjj jjjjjjj
wwwwwww wwwwwww
