SueJosephGarza PaulShaneSoldner KennethShannonGardel MelindaKennethAzar JohnJoseJudd PamelaPageBullock JohnDustinKenny BrianLuzArce AnnaKyleChang ChristinaDanaGrant CrystalShermanVida FranciscoFrancesHarr IraJimmyYang WilliamGeorgeWilliam AshleyWilliamClarke NathanKevinCorathers BrianRolandAli ThomasAnnieRuiz PatriciaBernardBrock MarianLuluDiaz LeroySandraLewis JamesJaredGonzalez AlfredaKirstenMartin DonaldDoloresKelly MaryLindaKirkland PhyllisJackWilson LillieKathleenCervan SueCourtneyOsgood PaulEvanRichard DarnellAliciaPeters JessicaJohnSpells MariaChristopherCast LucyBennyHaag WilburnDavidMiller LuisHelenHughes KarenErmaJensen KevinHaroldCyr LauraPhilipWinkler ElsieJosephPhelps OllieGeorgeSova SueJosephGarza
39
PamelaPageBullock PamelaPageBullock
LauraPhilipWinkler LauraPhilipWinkler
MaryLindaKirkland MaryLindaKirkland
IraJimmyYang IraJimmyYang
KarenErmaJensen KarenErmaJensen
ElsieJosephPhelps ElsieJosephPhelps
MariaChristopherCast MariaChristopherCast
FranciscoFrancesHarr FranciscoFrancesHarr
KevinHaroldCyr KevinHaroldCyr
BrianRolandAli BrianRolandAli
NathanKevinCorathers NathanKevinCorathers
LillieKathleenCervan LillieKathleenCervan
MelindaKennethAzar MelindaKennethAzar
ChristinaDanaGrant ChristinaDanaGrant
JessicaJohnSpells JessicaJohnSpells
PhyllisJackWilson PhyllisJackWilson
JohnJoseJudd JohnJoseJudd
AlfredaKirstenMartin AlfredaKirstenMartin
LeroySandraLewis LeroySandraLewis
ThomasAnnieRuiz ThomasAnnieRuiz
PaulEvanRichard PaulEvanRichard
WilliamGeorgeWilliam WilliamGeorgeWilliam
LucyBennyHaag LucyBennyHaag
CrystalShermanVida CrystalShermanVida
BrianLuzArce BrianLuzArce
JohnDustinKenny JohnDustinKenny
PatriciaBernardBrock PatriciaBernardBrock
LuisHelenHughes LuisHelenHughes
OllieGeorgeSova OllieGeorgeSova
WilburnDavidMiller WilburnDavidMiller
JamesJaredGonzalez JamesJaredGonzalez
KennethShannonGardel KennethShannonGardel
MarianLuluDiaz MarianLuluDiaz
DarnellAliciaPeters DarnellAliciaPeters
PaulShaneSoldner PaulShaneSoldner
SueCourtneyOsgood SueCourtneyOsgood
AnnaKyleChang AnnaKyleChang
DonaldDoloresKelly DonaldDoloresKelly
AshleyWilliamClarke AshleyWilliamClarke
