dweidxeutk audojmtlep gpbaqafhdz cxrfqntbtm toeqvvzlae cpdpvshtof ienasnqnvt xwsnmxufqy vpghbvlzxd ratnlmbmpr ivgiotlrrr cwexpxaktw zbgxyjmdnm wfybmclpmp dllzvxpcgk cavyunvwuk kjgjbkdckc sjqdgtugly bxdnijtmyn hpqsgalvar joegbqydne rwobvahhfa depihfdmjk cowtuqqsll wlzaatlgns tzpaywhybw cnbqxrvlvl rqmdukqpbg aihlvhrjir bcwzxsuutq tofdobbbjt ctnsbezpjg fuhtgylsov dzzxropcld ltjqdpdqwv tehmqpfdnn xdmzjapanj zdiibealli kufcwxmspu pgiiochubt fwwnyjpwnp lvqqznnzyn bqrcwxsyuw wwmcjuetgz dlfzngcmgq okcwuqslme dfgysrnikx arrkheyths tdtlnqnprm mhohxeqbjo ouzfljsksj nqdbgeypdu xtugynuehn rqchbdjiqp qjjslhkvnr fxpsowceqq ulneltboej itouxsyevo gvxfzzmwzk nimybvgttg rzqbegeoni dldiwncohw fxejnitkot pjsmzvnekz wqeazvzkdf gqwhfeepal gkbqwvqnfu vtquakjujf sxayjmxdia lgpbgvlzpo taoimnqdrr nmshjtpxad hlimwiksjd rulcikswsa vteisghgld auonnlthcz naqyljkxxq wiwpekzeuz efgyvzmusc rlgdknlxmz afkxpktsxw elifcmozpf mnmjklgmnp cmelcyxenw akzsqllzsv htfyksgccp vqlbufoinm seqrxdjigd iqbyvqgkcp drtcvphibq sjcwiapdwb uqhdcumthr jiowqcrqpz klbefaxnzg xdhiumwdwn dweidxeutk
91
dweidxeutk dweidxeutk
xdmzjapanj pphebmysxy xdmzjapanj
xwsnmxufqy xwsnmxufqy
cowtuqqsll cowtuqqsll
arrkheyths arrkheyths
tehmqpfdnn tehmqpfdnn
pgiiochubt hjvmodgwdg pgiiochubt
klbefaxnzg klbefaxnzg
cavyunvwuk cavyunvwuk
tzpaywhybw tzpaywhybw
cwexpxaktw cwexpxaktw
nimybvgttg hcvrravrik nimybvgttg
taoimnqdrr taoimnqdrr
mnmjklgmnp mnmjklgmnp
wfybmclpmp wfybmclpmp
fuhtgylsov fuhtgylsov
naqyljkxxq naqyljkxxq
hlimwiksjd hlimwiksjd
aihlvhrjir aihlvhrjir
rwobvahhfa rwobvahhfa
iqbyvqgkcp iqbyvqgkcp
cmelcyxenw cmelcyxenw
zdiibealli zdiibealli
dzzxropcld dzzxropcld
wqeazvzkdf wqeazvzkdf
ltjqdpdqwv gyjkhdbyvm
rzqbegeoni rzqbegeoni
rqchbdjiqp rqchbdjiqp
wwmcjuetgz wwmcjuetgz
ctnsbezpjg ctnsbezpjg
gpbaqafhdz irtbznwvcu gpbaqafhdz
cxrfqntbtm cxrfqntbtm
elifcmozpf elifcmozpf
tdtlnqnprm tdtlnqnprm
vpghbvlzxd vpghbvlzxd
cnbqxrvlvl cnbqxrvlvl
ouzfljsksj ouzfljsksj
fxpsowceqq fxpsowceqq
sxayjmxdia siwbsyuwap
dlfzngcmgq dlfzngcmgq
lgpbgvlzpo lgpbgvlzpo
uqhdcumthr uqhdcumthr
rqmdukqpbg rqmdukqpbg
vteisghgld vteisghgld
bxdnijtmyn bxdnijtmyn
mhohxeqbjo lzsvglcvqa
wiwpekzeuz wiwpekzeuz
dldiwncohw dldiwncohw
gvxfzzmwzk gvxfzzmwzk
sjqdgtugly sjqdgtugly
rlgdknlxmz kgpqjqjrhc rlgdknlxmz
jiowqcrqpz jiowqcrqpz
itouxsyevo itouxsyevo
dfgysrnikx dfgysrnikx
zbgxyjmdnm zbgxyjmdnm
tofdobbbjt tofdobbbjt
depihfdmjk depihfdmjk
ivgiotlrrr ivgiotlrrr
vqlbufoinm vqlbufoinm
gkbqwvqnfu gkbqwvqnfu
ienasnqnvt ienasnqnvt
gqwhfeepal gqwhfeepal
pjsmzvnekz ftrqchqaif
bcwzxsuutq bcwzxsuutq
htfyksgccp gmvwahagsy
sjcwiapdwb sjcwiapdwb
fxejnitkot fxejnitkot
ulneltboej ulneltboej
drtcvphibq drtcvphibq
nmshjtpxad nmshjtpxad
qjjslhkvnr qjjslhkvnr
hpqsgalvar hpqsgalvar
audojmtlep audojmtlep
akzsqllzsv akzsqllzsv
fwwnyjpwnp fwwnyjpwnp
bqrcwxsyuw bqrcwxsyuw
okcwuqslme okcwuqslme
afkxpktsxw afkxpktsxw
wlzaatlgns wlzaatlgns
kjgjbkdckc kjgjbkdckc
vtquakjujf vtquakjujf
dllzvxpcgk dllzvxpcgk
rulcikswsa rulcikswsa
toeqvvzlae toeqvvzlae
xtugynuehn xtugynuehn
xdhiumwdwn xdhiumwdwn
lvqqznnzyn lvqqznnzyn
efgyvzmusc efgyvzmusc
kufcwxmspu kufcwxmspu
cpdpvshtof cpdpvshtof
auonnlthcz auonnlthcz
