Chelmbourne Wetborne Casford Alfwell Marlton Stapwold Hornley Durditch Barnden Shrivlow Flitham Enbage Stainside Whitover Stainhall Southmere Shrivside Edglow Dartsted Clerethorne Stapthorne Stapmoor Barnham Alfcastle Egborne Cookton Horncester Edgchester Wenwang Sudworth Melborne Egcastle Nortcastle Whitavon Elside Stainfield Wenden Rocktree Whitborough Rocktree Hurstworth Waltbrook Stafthorne Stapwell Alfby Leatherlow Bracklow Hartbage Maidenden Enlow Sudwich Prestey Brainbridge Sodside Wyhead Cleredon Staflow Elgrove Staintree Edgwich Chelmbourne
50
Chelmbourne Shaftwich
Hornley Hornley
Dartsted Dartsted
Bracklow Pemwood Bracklow
Sudwich Sudwich
Stapmoor Stapmoor
Stapwell Stapwell
Sudworth Sudworth
Alfwell Aldhall Alfwell
Wenden Wenden
Edgchester Edgchester
Enlow Enlow
Southmere Southmere
Waltbrook Waltbrook
Whitover Whitover
Marlton Marlton
Stapthorne Stapthorne
Egborne Prestdon Egborne
Cleredon Cleredon
Stainside Stainside
Hartbage Hartbage
Wenwang Wenwang
Prestey Prestey
Barnham Barnham
Casford Casford
Whitborough Whitborough Horndown
Hurstworth Hurstworth
Stainhall Stainhall
Elside Elside
Enbage Enbage
Whitavon Whitavon
Shrivlow Shrivlow
Rocktree Cookbridge Rocktree
Sodside Sodside
Staintree Staintree
Flitham Flitham Kingsley
Durditch Durditch
Clerethorne Barnside
Shrivside Shrivside
Wyhead Wyhead
Edgwich Edgwich
Horncester Horncester
Staflow Bursted Staflow
Brainbridge Brainbridge
Egcastle Egcastle
Alfby Alfby Leatherlake
Elgrove Elgrove Wenborough
Melborne Pemwold
Leatherlow Leatherlow
Cookton Cookton
