qtq uxr wuc npu zgf cnv xmz wpq vsu wuf rwt ahv krg kza qfc fgo xax ooi nxr ynq ptq vlt unf nhk orc pkx qof bpm gup fib cxu qoe vub egz gak qjm bwq qyi qls qyi spp lfh cpw ase vaf zbn lbs hhe rxi cer tmc udq pwa thz txk rod jta htv wpo tro viv nhr fne hxp brk ooc art nfy iuz bsz ili yiz rut qbj mnv lah llr uca qnn tvy hxo yvu thd ahy rju blo sfp fsl ifc pjx pta oto qtq
82
pta pta
hhe hhe
htv htv eqm
xax xax
nhk nhk
qtq qtq
ptq ptq
ase ase
krg krg uoz
gup gup
ifc ifc plx
kza kza
pkx pkx
qnn qnn
wuc wuc
sfp sfp
cpw cpw
zgf zgf
ooi ooi
uxr uxr
bwq lnv
vub vub
pwa pwa
ynq ynq
fne wiq
tmc tmc
jta jta
fgo fgo
blo zgs
zbn zbn
hxo hxo ukh
oto wju
bsz bsz
qjm qjm
tro tro tmd
art idl
rut rut
lah lah xos
nfy nfy tnl
egz bai egz cjp
fib zqn
uca uca
npu npu
qof lxt
pjx pjx
vlt vlt
vaf vaf
mnv mnv
hxp hxp
qfc qbe qfc
nhr nhr slq
rxi rxi
wuf wuf
ili ili
fsl fsl
txk txk
yiz yiz
iuz iuz
cxu cxu
qoe nkx
gak gak
udq pxs udq
rju uwp rju
ooc ooc
wpo mbx
lfh lfh
thz thz
thd jno thd
viv viv
wpq wpq
rwt rwt
brk brk
ahv ahv
orc hpb orc
qls qlo qls
cnv cnv
qbj dkn qbj
rod rod
vsu vsu
ahy xdz ahy
spp spp
lbs itg
