Soda Yolo Bristol Keeler Pardee Anne Arch Poppy Bret Forest Ajax Haskell Bowditch Bataan Haste Cowper Greenwood Marin Eunice Solano Allston Shasta Addison Byron Columbia High Amador Florida Muir Cutter Bancroft Menlo Colusa Menlo Belrose Haviland Summit Mabel Spring Comstock Browning Soda Lewiston Eunice
37
Addison Addison
Ajax Ajax
Allston Allston
Anne Anne
Arch Arch
Bancroft Bancroft
Bataan Bataan
Belrose Belrose
Bowditch Bowditch Fresno
Bret Bret Kenilworth Vermont
Bristol Bristol Hospital
Browning Browning
Byron Byron
Columbia Columbia
Colusa Colusa Fulton
Comstock Comstock
Cutter Cutter
Eunice Eunice
Florida Florida
Forest Forest
Greenwood Greenwood Heinz
Haskell Haskell
Haste Haste
Haviland Haviland
High High
Keeler Keeler
Lewiston Edith Lewiston
Mabel Mabel Overlook Terrace
Marin Madera Marin
Menlo Burnett Menlo
Muir Muir
Pardee Pardee
Poppy Poppy
Shasta Domingo Shasta
Spring Poplar Spring
Summit Summit
Yolo Martin
