Cleresmith Whitby Bothensborough Sodmersmith Chedlake Ketterwold Chippenringfield Chedlake Sodmersmith Bothensborough Whitby Cleresmith Milditch Winhead Wydon Edgney Basfield Whitseyborough Todderworth Warrerbage Southling Todderworth Whitseyborough Edgney Wydon Milditch Ketterwold Durblechester Melwold Dribbasborne Hanworth Sunderbrough Chillerlow Eggerrensling Leatherglefield Chillerlow Sunderbrough Ellingey Hanworth Dribbasborne Melwold Durblechester Warrerbage Hannerworth Buravon Waltcombe Dribbinggrove Cheddlesport Pendton Elfield Pendton Cheddlesport Dribbinggrove Waltcombe Buravon Hannerworth Eggerrensling Warblesdown Handlechester Wolvingrethorne Cammingbury Blanden Egwood Wolborne Egwood Blanden Cammingbury Wolvingrethorne Warblesdown Elfield Skelcastle Wolborne Cannerrebeck Ciside Hartrenslow Cammenenwich Enderavon Pemhampton Hampensshot Reddenwell Pemhampton Enderavon Hartrenslow Ciside Cannerrebeck Skelcastle Suddlebrough Pendingstoke Stainsdenwold Reddentree Ashworth Cannenringwell Elmsbrook Cannenringwell Ashworth Stainsdenwold Pendingstoke Shrivditch Suddlebrough Reddenwell Chilcompcester Blandlesney Hanscombe Watchmanshead Chippenden Camsdenden Rockhead Camsdenden Chippenden Watchmanshead Hanscombe Blandlesney Chilcompcester Elmsbrook Bootworth Dribbingenborne Dribside Wendlemerford Dribside Dribbingenborne Bootworth Rockhead
26
Cleresmith Warringwood
Bothensborough Chippingwood
Ketterwold Ketterwold
Milditch Milditch
Basfield Basfield
Warrerbage Warrerbage
Durblechester Durblechester
Ellingey Ellingey
Eggerrensling Eggerrensling
Hannerworth Hannerworth
Dribbinggrove Pendrenslake
Elfield Elfield
Warblesdown Warblesdown
Cammingbury Soddenreey
Skelcastle Skelcastle
Cannerrebeck Cannerrebeck
Cammenenwich Cammenenwich
Reddenwell Reddenwell
Suddlebrough Suddlebrough
Reddentree Reddentree
Elmsbrook Elmsbrook
Chilcompcester Chilcompcester
Chippenden Shrivden
Rockhead Rockhead
Bootworth Bootworth
Wendlemerford Ribney Wetley
