Whitgrove Sodberling Ellerbridge Boothingchester Wycastle Bootwick Todhampton Nortwell Bassinghead Southbury Emmerley Bastlebury Rothendcombe Wychditch Abglewold Farnditch Ribberrenston Southmere Egsted Wethampton Faldenhall Rothingcombe Milthorne Whitringlake Sundendford Botbeck Clereennell Bromstanham Ribbenhall Boothingmanstree Ketchester Watchlake Tippingbage Blansbrook Fullensborne Sundlethorne Abgleham Siavon Horsnell Warsmith Wetsmith Elside Sodport Durbrook Wychchester Prestwick Egmerhampton Suddenmoor Tippenbrook Marlbeck Enderbeck Sifield Abcester Shaftwick Dartden Cirerham Reddensden Melwood Endleshall Candleswick Skellingover Stapbrook Wetwick Hampingbascombe Sirenshall Cannerthorne Waltbeck Hampingcastle Basditch Hampingworth Worford Falderseythorne Penby Stapbrough Reddingtree Eley Burlake Tipstoke Toddenmerbrough Casbrook Redcombe Siey Worhall Hannersmith Tippendham Stainbrough Hamscombe Alfmere Leatherport Cireport Egbeck Skellenshot Wychcompwold Dribberham Bothenhall Worrenberwang Ketnell Chelmdenmoor Bursmith Dribblecombe Whitgrove
88
Hampingworth Hampingworth
Wetsmith Wetsmith
Horsnell Horsnell
Boothingmanstree Boothingmanstree
Toddenmerbrough Endingnell
Bastlebury Bastlebury Hamwold
Sodport Sodport
Sirenshall Sirenshall
Alfmere Alfmere
Emmerley Emmerley
Skellenshot Cihead Skellenshot
Prestwick Prestwick
Worhall Reddendeney Worhall
Rothendcombe Rothendcombe
Nortwell Nortwell Marlcester
Eley Eley
Wetwick Wetwick
Worrenberwang Worrenberwang
Sifield Sifield
Blansbrook Blansbrook
Bromstanham Bromstanham
Abcester Abcester
Falderseythorne Falderseythorne
Leatherport Leatherport
Elside Elside
Tippenbrook Tippenbrook
Dartden Dartden
Durbrook Durbrook
Hampingcastle Hampingcastle
Dribblecombe Dribblecombe
Stapbrough Stapbrough
Tippendham Tippendham
Watchlake Watchlake Farndlesover
Basditch Basditch
Egmerhampton Egmerhampton
Ketchester Ketchester
Tipstoke Tipstoke
Dribberham Dribberham
Whitgrove Whitgrove
Wycastle Wycastle
Rothingcombe Rothingcombe
Bothenhall Bothenhall
Candleswick Candleswick
Sundlethorne Sundlethorne
Whitringlake Whitringlake
Enderbeck Enderbeck
Cirerham Wolley
Penby Penby
Casbrook Casbrook
Siavon Siavon
Farnditch Farnditch
Hamscombe Skelberden
Botbeck Botbeck
Abglewold Abglewold
Shaftwick Falworth
Bootwick Bootwick
Southmere Southmere
Suddenmoor Staincombe Suddenmoor
Milthorne Milthorne
Clereennell Clereennell
Egsted Egsted
Sundendford Chedworth Sundendford
Ellerbridge Suddingover Ellerbridge
Ribberrenston Ribberrenston
Wychchester Wychchester
Cannerthorne Cannerthorne
Ketnell Ketnell Staplow Toddenmoor
Worford Rotherlow Worford
Skellingover Skellingover
Southbury Southbury
Abgleham Abgleham
Warsmith Horstleover Marlbrook
Waltbeck Waltbeck
Hampingbascombe Hampingbascombe
Burlake Endleberey
Wethampton Wethampton
Chelmdenmoor Bothenton
Hannersmith Shaftborough
Bursmith Bursmith
Siey Siey
Melwood Melwood
Sodberling Sodberling
Tippingbage Tippingbage
Faldenhall Faldenhall
Stainbrough Wendleringdown
Wychcompwold Wychcompwold
Redcombe Redcombe
Todhampton Todhampton
