Warfield Chilbury Brackcompwang Chelmstanwell Hammerringey Skelling Elmansham Sudsmith Burglebrough Chedtree Burglebrough Elcompbridge Southbasport Fulbourne Stainbrough Cammerrensmoor Wyborne Cambingstoke Suddlecombe Ashfield Millendon Windling Dribblewick Skellingden Barndberbrough Worhall Dribbingworth Bastleseyham Hammenshead Cicombe Todtree Cannerthorne Tipwick Ashborne Hannenmanswick Hamsling Soddlewick Falport Pendlewood Faldinghead Suddlecastle Pendingbrook Ketsmith Warfield
38
Barndberbrough Barndberbrough
Suddlecastle Suddlecastle
Chedtree Chedtree Siringwang Suddleover
Ashfield Ashfield Ketport
Soddlewick Soddlewick
Burglebrough Burglebrough
Elmansham Elmansham
Cannerthorne Chedderrenswich
Warfield Warfield
Chilbury Chilbury
Cambingstoke Cambingstoke
Windling Windling
Elcompbridge Chiphead
Cammerrensmoor Cammerrensmoor Suddleborne
Tipwick Tipwick
Chelmstanwell Chelmstanwell
Pendlewood Pendlewood Horstlescompstoke
Pendingbrook Pendingbrook
Hannenmanswick Hannenmanswick
Ketsmith Whitchester
Cicombe Cicombe
Skellingden Skellingden
Brackcompwang Brackcompwang
Dribbingworth Dribbingworth Leatherbleside
Stainbrough Worberbrook Stainbrough Northall
Todtree Todtree
Bastleseyham Bastleseyham
Hammerringey Hammerringey
Ashborne Ashborne
Falport Botherseyworth Falport
Southbasport Southbasport
Wyborne Wyborne
Worhall Worhall
Hamsling Hamsling
Millendon Millendon
Sudsmith Sudsmith
Suddlecombe Basringney Suddlecombe Chippingsted Ellingreham
Skelling Skelling
