SantaClarita Carrollton GardenGrove Victorville Shreveport Huntsville Thornton Beaumont Thornton Yonkers Memphis Modesto Independence Fayetteville Irvine Bellevue Alexandria Newark StPetersburg OklahomaCity LosAngeles Orlando Brownsville RanchoCucamonga Washington WestValleyCity Surprise Sunnyvale Visalia Portland Torrance Hartford Boston Ontario Omaha Wichita Peoria Allentown Pomona Stockton Indianapolis Austin PembrokePines Frisco LexingtonFa SanDiego Lubbock Carrollton SantaClarita Worcester Alexandria
41
Yonkers Yonkers
Ontario Ontario
Sunnyvale Sunnyvale
Boston Boston
Allentown Allentown
Fayetteville Fayetteville
Bellevue Bellevue
LosAngeles LosAngeles
Indianapolis Indianapolis
Victorville Victorville
LexingtonFa LexingtonFa
Visalia Visalia
StPetersburg StPetersburg
PembrokePines PembrokePines
Omaha Omaha
Worcester Worcester Garland
Stockton Stockton
WestValleyCity WestValleyCity
Austin Austin
Pomona Pomona
Torrance Henderson
Lubbock Concord
Beaumont NewportNews Beaumont
Huntsville Huntsville
Shreveport Shreveport
GardenGrove GardenGrove
Orlando Orlando
Newark Newark
Surprise Surprise
Carrollton Carrollton
Thornton Midland
Brownsville Brownsville
Hartford Hartford LouisvilleJefferson LongBeach
Irvine Scottsdale
Alexandria Alexandria
Wichita Wichita
Independence Independence SiouxFalls
SanDiego StLouis Stamford Paterson Waco
OklahomaCity OklahomaCity Lafayette
Washington Washington
RanchoCucamonga RanchoCucamonga
