Plano Rockford Riverside Tallahassee Cincinnati Miami Olathe Irvine Fullerton AugustaRichmond HuntingtonBeach Mobile Hartford Dallas Worcester Mesquite Joliet Thornton Anchorage Philadelphia Salinas Davidson Teemo Greensboro Surprise Corona Brownsville Knoxville SanBernardino Madison Fremont SantaClarita CorpusChristi Spokane Pomona Houston SanAntonio Chicago Denton Raleigh Yonkers McAllen GrandPrairie Portland Tampa Laredo SantaRosa FortCollins Allentown Killeen SanJose Glasses Hollywood Escondido Akron LosAngeles Lancaster Elizabeth Anaheim JerseyCity Lafayette Huntsville Seattle Lincoln SantaAna Tulsa LouisvilleJefferson Reno Norfolk FortLauderdale AnnArbor StLouis KansasCity Garland Omaha Ontario Waco Wichita Chesapeake OWO Mesa Memphis Montgomery BatonRouge Hayward Denver Cleveland Atlanta Beaumont Vancouver WestValleyCity Vallejo LasVegas Cary OklahomaCity Rochester SanFrancisco Warren MorenoValley Norman Sunnyvale Pasadena Irving SantaClara Plano
88
Vancouver Vancouver
Sunnyvale Sunnyvale
Mobile Mobile
AugustaRichmond AugustaRichmond
SanJose SanJose
FortLauderdale FortLauderdale
Pomona Pomona
Garland Garland
SantaClarita SantaClarita
Mesquite Mesquite
Rockford Rockford
StLouis StLouis
GrandPrairie GrandPrairie
Irving Irving
Norman Norman
Anchorage Anchorage
JerseyCity JerseyCity Pikachu
Allentown Stamford Allentown
Laredo Laredo
Olathe Olathe
SanFrancisco SanFrancisco
Tulsa Tulsa
Davidson Davidson
Montgomery Montgomery
Greensboro Greensboro
Portland Portland
OklahomaCity OklahomaCity
Tallahassee Hampton
CorpusChristi CorpusChristi
Corona Corona
Cary Cary
Denver Denver
Escondido Escondido
Ontario Ontario
Lincoln Lincoln
Anaheim Anaheim
OWO OWO
Vallejo Vallejo
Hayward Hayward
Dallas Dallas
Chicago Chicago
Huntsville Huntsville
Wichita Wichita
Akron Akron
Denton Denton
Cincinnati Cincinnati
Brownsville Brownsville
Waco Waco
Madison Madison
Hartford Hartford
Atlanta Atlanta Oxnard
Killeen Killeen
Lancaster Lancaster Torrance
Thornton Thornton
Beaumont Beaumont
Philadelphia GardenGrove
Surprise Surprise NewOrleans
Norfolk Norfolk
LouisvilleJefferson LouisvilleJefferson
Warren Warren
Memphis Charleston Memphis
Hollywood Hollywood
Riverside Riverside
Raleigh Glendale Raleigh
Irvine LittleRock Irvine
McAllen McAllen
LasVegas LasVegas
Worcester Worcester
Glasses Glasses
Tampa Tampa ThousandOaks
MorenoValley MorenoValley
Omaha Omaha
FortCollins FortCollins SiouxFalls
Knoxville Knoxville
SantaClara SantaClara
AnnArbor AnnArbor
Mesa Mesa
Houston Houston
Miami Miami
SanBernardino SanBernardino
Elizabeth Elizabeth
Pasadena Pasadena
Salinas Salinas
Fremont Fremont
Lafayette Lafayette
HuntingtonBeach SimiValley HuntingtonBeach
SantaRosa SantaRosa
SanAntonio SanAntonio NewHaven
