Waco OverlandPark Newark Lincoln ChulaVista SantaClara Irving Oski Rochester SaltLakeCity AnnArbor Palmdale Clarksville Stamford SanBernardino Victorville StPaul Palmdale AthensClarkeCounty SanFrancisco AthensClarkeCounty OWO SterlingHeights OverlandPark Waco
19
Clarksville Clarksville
AnnArbor AnnArbor
StPaul StPaul
Rochester Rochester
AthensClarkeCounty AthensClarkeCounty
ChulaVista ChulaVista
Irving Irving
Newark Newark
OWO OWO LexingtonFa
SterlingHeights SterlingHeights
Waco SanAntonio MorenoValley
SanBernardino SanBernardino
SanFrancisco SanFrancisco Richmond
Stamford Cary Stamford
SaltLakeCity SaltLakeCity
Victorville FortCollins
Lincoln Detroit Lincoln
Palmdale Palmdale FortWayne
OverlandPark Omaha
