wNqlpYNsRbJEgiGpKxrU lbWonvEbeplndKguSTkk igyeOiSdezmmXGTwMzLw oKAKfpUUuLItChLyByFh IvXQutSorlqOgnSVAIUd edlAtPQdNXJQPCIzpkyX xgBrJmdXVwtxgRuCBhMe EmbDgEECbkHbfAfHCgwB ihxEqMQIIvyQmtrtMjeO kyApsCeFkLoLFCdkazaE gcXUxTVUZWsOwtRNeDDa aIuYyryCOUGVeCAqbqkg EhDFVLWZueLOrdjEOzEQ QeYNNLpZMBxyiFbZMPFY wvSJDoqoPGAkYgSuPFPw NzDQJknJPDEkcwCHzzbF oHoxoLeyDYnKZDzgMtxI TEPaiCedHTXapLxoBXMp bFmSeBrfNuxjYPUDCLYq szyiMlKhtyOynWjcoMsm nreoVgWrBhNXFZgTBlXO QjbdwbUnopENkiNyqirZ DZEpVGVXkxHljziwItaS ADVVlRLpnspleRTgeTdu ndaHivGVVtIUvLiyUWcm ZauPfhkpsGmhbvkhkltR PZwTcKCPsEmpxetNZvef MBJqOYmxhUYbldNVEdRy uUKZHvHmBrpBHjYWNaUL wfEFdNDcColoskjTjcLm QePOUWiXcAUCoHETxuGS iVjkcMenotYGMFEBTvoa VIPPawblKbhOVWrmrWBx JVONrXhhmtFWhFfDiOXW scpUkbcaYSAsHhSktebT jUSlIFtitQxyvVLJjiCc XPPBMlNyfVVeZGIzTCEW pMOSpTzPTPLXHLOQMjnt FWnudSYFvYQJHehOpEKf fpoTaBKmVdlDCxFwCFoz KcrnMnFDTrBKaUaGpdLY eOfnBeTgmYCNEnRUhlEK UdSbtwxTqTJxOiUoxEqw hLaNXBYgTzgUhvjmqUTu pzrGQEObzJGPnfATEYDc wlySPverjehsBxldyigf SitzoubgYFeTjmkLjVPz zHPSSEtFTQIbLYMdHqgP vTbNxpVTEoFlSjvvVvfG cMYyKTXGNKnFzrpwnXUl wuSVWJYvpiWaQAHXocSG JvFxbsySBAiFiOUrzrBi NIJaJxCurulNUdZZMxFk NYdfLxXxFVvLEbDKzXWn NtyLZDOaSczVvOGdocUp mgNeYYUOPKpLeiVEFIXd kwPuYZgJgVVJfdBGUtPw HeWrJOKsDjgdrcamgZLN aGPbLNWYAMujnfHCTCMo YTwycpmzEWCqqTELtzXc bEfUXCTlwRBndElSbPGf imEmCMbYEtZJJkwxkSDD xlbpuxAjoVPJWPCWBEkJ zNRhhVdMWUgTnnqmAfeY syonLisTOSczosCwoILE CvZkdIYtdeDHtwufupie ZXihCBEQBTdisqSlEMsj ayQgUwyRuQVKeyFLPNbQ gFUGYXSirCYiFTivWNah erZKLqpCZsYKDnOCaBGq ccdJRKiTXwIErdhSIxfh eiLPqIroFfCGzqSAlzAp svUOWvTJLneAqJGnExpc oZXYedlbtBLmkfoVmgta joWAhkfNqIEECnBeulGl GMxGouyyndiUBMqMdOoc XvUPApTFkqaSSizYsCIr lSJjEsqamUCgRZdCmdyI DpztIuGTRpGuLsdlODJw QyXpliHSeQOPIsurIcpa ANDviqMIuFwdcboQDprt juzxSpUVuccJUMBOcJjO EEeDJaHeajXXlwYcHTeJ efZntVbfQTvIUOiRNPSH shugRMnaHVqQSmKaNBgu NJZlnWyeJFrkOwoqHKtT yscsUFTNNyaVMKBztBdV VRpSthoDcomqMDsGoVql nCedHqGgdWAicwyuYWpg kqcEdfKLaRzxOhAIzchh jznspKyqlmxZtgfQUJVB RlHeRhvUOhGhZVGGJuED WMWBpOSnHGywZjCgaYyY XtZHoAxqEyzvMChzPHpN CbGuHgZfQMmSOfHDFJnK vIbIQYXZnmYrooTLYNtu fgzJCwocQniGlXAZHJId UIlSMnVKIdNiXZNSiHsI eobSFtKBbBdcVrTOREdK qfRRtdRbhYJBARMfPlZM lbWonvEbeplndKguSTkk wNqlpYNsRbJEgiGpKxrU
96
mgNeYYUOPKpLeiVEFIXd mgNeYYUOPKpLeiVEFIXd
RlHeRhvUOhGhZVGGJuED RlHeRhvUOhGhZVGGJuED
QeYNNLpZMBxyiFbZMPFY QeYNNLpZMBxyiFbZMPFY
jznspKyqlmxZtgfQUJVB jznspKyqlmxZtgfQUJVB
bFmSeBrfNuxjYPUDCLYq bFmSeBrfNuxjYPUDCLYq
uUKZHvHmBrpBHjYWNaUL ZwvojvRdUOYNJXIwAqgC
PZwTcKCPsEmpxetNZvef PZwTcKCPsEmpxetNZvef
eOfnBeTgmYCNEnRUhlEK eOfnBeTgmYCNEnRUhlEK
oZXYedlbtBLmkfoVmgta oZXYedlbtBLmkfoVmgta
WMWBpOSnHGywZjCgaYyY WMWBpOSnHGywZjCgaYyY
QePOUWiXcAUCoHETxuGS QePOUWiXcAUCoHETxuGS gDYKDrbERUXTnCayjBrC
aIuYyryCOUGVeCAqbqkg aIuYyryCOUGVeCAqbqkg
kqcEdfKLaRzxOhAIzchh kqcEdfKLaRzxOhAIzchh
SitzoubgYFeTjmkLjVPz SitzoubgYFeTjmkLjVPz
wlySPverjehsBxldyigf wlySPverjehsBxldyigf
hLaNXBYgTzgUhvjmqUTu hLaNXBYgTzgUhvjmqUTu
EhDFVLWZueLOrdjEOzEQ EhDFVLWZueLOrdjEOzEQ
GMxGouyyndiUBMqMdOoc GMxGouyyndiUBMqMdOoc
jUSlIFtitQxyvVLJjiCc jUSlIFtitQxyvVLJjiCc
ihxEqMQIIvyQmtrtMjeO ihxEqMQIIvyQmtrtMjeO
oKAKfpUUuLItChLyByFh oKAKfpUUuLItChLyByFh
ADVVlRLpnspleRTgeTdu ADVVlRLpnspleRTgeTdu
UdSbtwxTqTJxOiUoxEqw UdSbtwxTqTJxOiUoxEqw
scpUkbcaYSAsHhSktebT scpUkbcaYSAsHhSktebT
DZEpVGVXkxHljziwItaS DZEpVGVXkxHljziwItaS
JVONrXhhmtFWhFfDiOXW JVONrXhhmtFWhFfDiOXW
NzDQJknJPDEkcwCHzzbF NzDQJknJPDEkcwCHzzbF
xlbpuxAjoVPJWPCWBEkJ xlbpuxAjoVPJWPCWBEkJ
cMYyKTXGNKnFzrpwnXUl cMYyKTXGNKnFzrpwnXUl
pzrGQEObzJGPnfATEYDc pzrGQEObzJGPnfATEYDc
eobSFtKBbBdcVrTOREdK eobSFtKBbBdcVrTOREdK
eiLPqIroFfCGzqSAlzAp eiLPqIroFfCGzqSAlzAp
wuSVWJYvpiWaQAHXocSG cwgJAHVpCCTmuckJkncL wuSVWJYvpiWaQAHXocSG
syonLisTOSczosCwoILE syonLisTOSczosCwoILE
YTwycpmzEWCqqTELtzXc YTwycpmzEWCqqTELtzXc
wvSJDoqoPGAkYgSuPFPw wvSJDoqoPGAkYgSuPFPw
zNRhhVdMWUgTnnqmAfeY zNRhhVdMWUgTnnqmAfeY
xgBrJmdXVwtxgRuCBhMe xgBrJmdXVwtxgRuCBhMe
KcrnMnFDTrBKaUaGpdLY KcrnMnFDTrBKaUaGpdLY
ANDviqMIuFwdcboQDprt ANDviqMIuFwdcboQDprt
edlAtPQdNXJQPCIzpkyX edlAtPQdNXJQPCIzpkyX
lSJjEsqamUCgRZdCmdyI lSJjEsqamUCgRZdCmdyI
aGPbLNWYAMujnfHCTCMo aGPbLNWYAMujnfHCTCMo
fpoTaBKmVdlDCxFwCFoz fpoTaBKmVdlDCxFwCFoz
fgzJCwocQniGlXAZHJId fgzJCwocQniGlXAZHJId
XtZHoAxqEyzvMChzPHpN XtZHoAxqEyzvMChzPHpN
CvZkdIYtdeDHtwufupie CvZkdIYtdeDHtwufupie NPSPGRTNRcKKVpsBRSwh
zHPSSEtFTQIbLYMdHqgP zHPSSEtFTQIbLYMdHqgP
MBJqOYmxhUYbldNVEdRy MBJqOYmxhUYbldNVEdRy
ZauPfhkpsGmhbvkhkltR ZauPfhkpsGmhbvkhkltR
lbWonvEbeplndKguSTkk lbWonvEbeplndKguSTkk
pMOSpTzPTPLXHLOQMjnt pMOSpTzPTPLXHLOQMjnt oLMkSrYLQRLHmPiuLCTC
QyXpliHSeQOPIsurIcpa QyXpliHSeQOPIsurIcpa
shugRMnaHVqQSmKaNBgu shugRMnaHVqQSmKaNBgu
VIPPawblKbhOVWrmrWBx VIPPawblKbhOVWrmrWBx
TEPaiCedHTXapLxoBXMp TEPaiCedHTXapLxoBXMp
ZXihCBEQBTdisqSlEMsj ZXihCBEQBTdisqSlEMsj
IvXQutSorlqOgnSVAIUd IvXQutSorlqOgnSVAIUd
igyeOiSdezmmXGTwMzLw igyeOiSdezmmXGTwMzLw
gcXUxTVUZWsOwtRNeDDa gcXUxTVUZWsOwtRNeDDa
bEfUXCTlwRBndElSbPGf bEfUXCTlwRBndElSbPGf
vIbIQYXZnmYrooTLYNtu vIbIQYXZnmYrooTLYNtu
EmbDgEECbkHbfAfHCgwB EmbDgEECbkHbfAfHCgwB
wfEFdNDcColoskjTjcLm wfEFdNDcColoskjTjcLm
JvFxbsySBAiFiOUrzrBi JvFxbsySBAiFiOUrzrBi
NtyLZDOaSczVvOGdocUp NtyLZDOaSczVvOGdocUp
nCedHqGgdWAicwyuYWpg nCedHqGgdWAicwyuYWpg
juzxSpUVuccJUMBOcJjO juzxSpUVuccJUMBOcJjO
nreoVgWrBhNXFZgTBlXO nreoVgWrBhNXFZgTBlXO
NJZlnWyeJFrkOwoqHKtT NJZlnWyeJFrkOwoqHKtT
ayQgUwyRuQVKeyFLPNbQ ayQgUwyRuQVKeyFLPNbQ
kwPuYZgJgVVJfdBGUtPw kwPuYZgJgVVJfdBGUtPw
yscsUFTNNyaVMKBztBdV yscsUFTNNyaVMKBztBdV
XPPBMlNyfVVeZGIzTCEW XPPBMlNyfVVeZGIzTCEW
NIJaJxCurulNUdZZMxFk NIJaJxCurulNUdZZMxFk
UIlSMnVKIdNiXZNSiHsI UIlSMnVKIdNiXZNSiHsI
HeWrJOKsDjgdrcamgZLN HeWrJOKsDjgdrcamgZLN
QjbdwbUnopENkiNyqirZ QjbdwbUnopENkiNyqirZ
ccdJRKiTXwIErdhSIxfh ccdJRKiTXwIErdhSIxfh
qfRRtdRbhYJBARMfPlZM qfRRtdRbhYJBARMfPlZM
imEmCMbYEtZJJkwxkSDD imEmCMbYEtZJJkwxkSDD
EEeDJaHeajXXlwYcHTeJ EEeDJaHeajXXlwYcHTeJ
szyiMlKhtyOynWjcoMsm szyiMlKhtyOynWjcoMsm
CbGuHgZfQMmSOfHDFJnK CbGuHgZfQMmSOfHDFJnK
FWnudSYFvYQJHehOpEKf FWnudSYFvYQJHehOpEKf
VRpSthoDcomqMDsGoVql VRpSthoDcomqMDsGoVql
vTbNxpVTEoFlSjvvVvfG vTbNxpVTEoFlSjvvVvfG
XvUPApTFkqaSSizYsCIr XvUPApTFkqaSSizYsCIr
DpztIuGTRpGuLsdlODJw DpztIuGTRpGuLsdlODJw
NYdfLxXxFVvLEbDKzXWn NYdfLxXxFVvLEbDKzXWn
joWAhkfNqIEECnBeulGl joWAhkfNqIEECnBeulGl
oHoxoLeyDYnKZDzgMtxI oHoxoLeyDYnKZDzgMtxI
efZntVbfQTvIUOiRNPSH efZntVbfQTvIUOiRNPSH
kyApsCeFkLoLFCdkazaE kyApsCeFkLoLFCdkazaE
svUOWvTJLneAqJGnExpc svUOWvTJLneAqJGnExpc
erZKLqpCZsYKDnOCaBGq erZKLqpCZsYKDnOCaBGq
