oUyBZvEHNPOWtAsHANHU eWGFHgdBASXJbxQbYrCG hNRcEeFjmsmOnuOdNAXl eqwycKZriorIAbsUBjxu MeohNnftDTzllMTGwxnG CCYBPFZgoOONzoEeTKzC JKNUHFrXPStBWMuUOVkj QFaSXENOfunmdZIBqDsS UMfDYlvFlUVuogMRkWNG QFaSXENOfunmdZIBqDsS eWVKeYegIFOJxvfRkjek OWCblOtQanZakRLMqMxz VVzvLIOwARaWwhQTKPrx eqwycKZriorIAbsUBjxu tItiZloipgPmLuONrNnZ ikjgYLaZRolSrbIYyKBd NBTlGJqSnWahMvuDlXAm hpQFeVriPZmwKZcYFAWN PojKKQvEDmFOnJinujFi DsLevMWgWFWOQXFMbaQy znYRMYifzQwyixuIXDnz IuNNJvHSmYKpVBzmzuJX rqqedkokePZFdhDbMNpX CcspnGXfrmzZRWjdMjLd XZRBuctXhYPbWardFSZS oUyBZvEHNPOWtAsHANHU
22
oUyBZvEHNPOWtAsHANHU oUyBZvEHNPOWtAsHANHU
PojKKQvEDmFOnJinujFi PojKKQvEDmFOnJinujFi
eqwycKZriorIAbsUBjxu eqwycKZriorIAbsUBjxu
hpQFeVriPZmwKZcYFAWN hpQFeVriPZmwKZcYFAWN
OWCblOtQanZakRLMqMxz OWCblOtQanZakRLMqMxz
DsLevMWgWFWOQXFMbaQy gUlgGYCPZjsRiFLqnVun
rqqedkokePZFdhDbMNpX IUJDEWwYxhQimsCqnrFH
eWVKeYegIFOJxvfRkjek eWVKeYegIFOJxvfRkjek
hNRcEeFjmsmOnuOdNAXl hNRcEeFjmsmOnuOdNAXl
CCYBPFZgoOONzoEeTKzC CCYBPFZgoOONzoEeTKzC
IuNNJvHSmYKpVBzmzuJX NVPacTSrBMpDkMBotiWB IuNNJvHSmYKpVBzmzuJX
eWGFHgdBASXJbxQbYrCG eWGFHgdBASXJbxQbYrCG
tItiZloipgPmLuONrNnZ cAvnOxZJtanpVvcAxJHM
XZRBuctXhYPbWardFSZS QMnEKXGwZYUlreveNjwA
CcspnGXfrmzZRWjdMjLd CcspnGXfrmzZRWjdMjLd oMKDNkBacLxexXKHqXfF
znYRMYifzQwyixuIXDnz znYRMYifzQwyixuIXDnz
JKNUHFrXPStBWMuUOVkj JKNUHFrXPStBWMuUOVkj
UMfDYlvFlUVuogMRkWNG lPMfQyVLDIZczBuDgsVQ UMfDYlvFlUVuogMRkWNG
MeohNnftDTzllMTGwxnG MeohNnftDTzllMTGwxnG
VVzvLIOwARaWwhQTKPrx VVzvLIOwARaWwhQTKPrx
NBTlGJqSnWahMvuDlXAm NBTlGJqSnWahMvuDlXAm
ikjgYLaZRolSrbIYyKBd CXrruomvXfADUrHxMwZi
