Soda roshan djajadi vilaythong grace lo yip alvin garcia bloch shen patagonia garbers davis ritter ashley shah massachusetts chloe berit golden noor martinez aidan caroline daniel juliann krishnan connor singhal castro meghan walsh ohio sarina rabie ian andrew amanda sunny lewke tamara jarrett rob chris sriram kevin ruhi eshaan annie rosen danyal winifred woolf Soda
50
woolf woolf
winifred winifred
danyal danyal
rosen rosen
garcia garcia
shen shen
amanda amanda
sunny sunny
lewke lewke
tamara tamara
jarrett jarrett
roshan roshan
annie annie
eshaan eshaan
ruhi ruhi
kevin kevin
massachusetts massachusetts
noor noor
martinez martinez
aidan aidan
lo lo
sriram sriram
rob rob
yip yip
alvin alvin
krishnan krishnan
andrew andrew
caroline caroline
daniel daniel
juliann juliann
golden golden
ian ian
rabie rabie
sarina sarina
walsh walsh
ritter ritter
ashley ashley
shah shah
grace grace
berit berit
chloe chloe
meghan meghan
castro castro
singhal singhal
connor connor
djajadi djajadi
vilaythong vilaythong
davis davis
garbers garbers
patagonia patagonia
