Soda li ritter du wyatt krishnan kevin shahroz evan shah ishaan adhikiari sun danyal sophia vikram melissa olivia zhou king emily kaur yip lebron hari singorahardjo oscar celine daniel chung subbaraj vilaythong angelis saurav singhal wu logan patagonia rouzbahani gregory berit ashley caroline yanay massachusetts annie erika barth zou soman ruhi ellen winifred rob krista kanika umar ahluwalia ani aanika ravi eshaan connor maya mack bears scott charles george chase greg grace sam jacob gobears anna chen mittal amanda djajadi devesh brett parham sunny chloe doshi alvin maniku wong srinivasan zhifei srivastava andrew tyler weaver xin cal liang franco hanlon ohio nichole william lewke lindsey Soda
100
lindsey lindsey
rob rob
daniel daniel
chase chase
george george
vikram vikram
melissa melissa
krista krista
kanika kanika
umar umar
jacob jacob
grace grace
ishaan ishaan
shah shah
wong wong
maniku maniku
sun sun
srivastava srivastava
chung chung
du du
ritter ritter
ruhi ruhi
kevin kevin
evan evan
danyal danyal
sophia sophia
subbaraj subbaraj
vilaythong vilaythong
angelis angelis
saurav saurav
singhal singhal
wu wu
krishnan krishnan
scott scott
bears bears
mack mack
cal cal
srinivasan srinivasan
zhifei zhifei
barth barth
erika erika
annie annie
xin xin
weaver weaver
tyler tyler
andrew andrew
lewke lewke
william william
nichole nichole
ohio ohio
hanlon hanlon
franco franco
soman soman
zou zou
oscar oscar
celine celine
charles charles
alvin alvin
doshi doshi
chloe chloe
sunny sunny
parham parham
brett brett
devesh devesh
wyatt wyatt
singorahardjo singorahardjo
hari hari
emily emily
greg greg
winifred winifred
ellen ellen
massachusetts massachusetts
caroline caroline
ashley ashley
berit berit
gregory gregory
rouzbahani rouzbahani
patagonia patagonia
logan logan
king king
zhou zhou
olivia olivia
ravi ravi
aanika aanika
ani ani
ahluwalia ahluwalia
lebron lebron
yip yip
kaur kaur
djajadi djajadi
amanda amanda
mittal mittal
chen chen
gobears gobears
adhikiari adhikiari
liang liang
eshaan eshaan
connor connor
maya maya
li li
