Kaimganj Leixlip Mesa Novopokrovskaya Anahuac MilpaAlta PinhalNovo Racine Gobo Albi Karasuyama Tsukawaki Yucheng Korolev Fandriana Tocache GobernadorGalvez Narangba Dankov MontecatiniTerme Tsirang Brecht Norristown Pilibhit Fagaras Kaimganj
23
Dankov Dankov
Karasuyama Karasuyama
Narangba Narangba
Tsukawaki Tsukawaki
Fagaras Fagaras
Pilibhit Pilibhit Irvine
Racine Racine
PinhalNovo PinhalNovo
Brecht Brecht
Anahuac Anahuac
Yucheng Yucheng Isakogorka
Mesa EncarnaciondeDiaz
Korolev Korolev
Novopokrovskaya Novopokrovskaya
Albi Albi
Tsirang Tsirang
Fandriana Fandriana
GobernadorGalvez GobernadorGalvez
Gobo Gobo
Tocache Tocache
Leixlip Leixlip
MilpaAlta MilpaAlta
MontecatiniTerme MontecatiniTerme
