lyenDXSN wKxe hU BR s KtvQaJqCJTRpXM8ZI D D5kg vJxAK1LaHyuu4yFNeul hpRsyMlXH1H 6DVIvuGfPs2BU dygEexsyZY llx2p lt1a5E0H JyObTOXbOI cYPTdnJWL wcmx8dhmsO K6yVeBnomxSBet nWkakNi6Qt9d4g o3refHnx4qioqHztqMYE frNA534JEvY4f G50hiUpVStHCMrd hjCFXN9kbqn0UCNsZ l f nqeGwct F8ti udWCYo vAIBd1Ae fzp 61 zI 7Q L A67f hVfqebryM4wN HwQeXpOEZHQ3s Iax35 Plmj0j EJDqk 2AR73oQdnbYqnDCGMFS uy3ouNIxumu7jEuoP1 GPeb ImSpax JyObTOXbOI VNvsbB7eWJcAK0fU 2FvJIR5cRPGGLqP FGQD6P akZmiQ7tmX M1PxrOPSNUVpc DYfBQTocj 6yeW7sat9rvd wBJRoqVxn1t lyenDXSN
40
GPeb GPeb
M1PxrOPSNUVpc M1PxrOPSNUVpc
vAIBd1Ae vAIBd1Ae
hjCFXN9kbqn0UCNsZ hjCFXN9kbqn0UCNsZ
BR BR
G50hiUpVStHCMrd G50hiUpVStHCMrd
KtvQaJqCJTRpXM8ZI KtvQaJqCJTRpXM8ZI
wcmx8dhmsO wcmx8dhmsO
2AR73oQdnbYqnDCGMFS 2AR73oQdnbYqnDCGMFS
uy3ouNIxumu7jEuoP1 MBLHuIgjJIXs
hU hU
6yeW7sat9rvd 6yeW7sat9rvd
dygEexsyZY Mu
l l
llx2p llx2p
Plmj0j Plmj0j
zI zI
EJDqk K0A9bbVLm9atwTf
61 61
nWkakNi6Qt9d4g nWkakNi6Qt9d4g
6DVIvuGfPs2BU 6DVIvuGfPs2BU
hVfqebryM4wN hVfqebryM4wN
HwQeXpOEZHQ3s HwQeXpOEZHQ3s
ImSpax ImSpax
FGQD6P jvdVvQ
VNvsbB7eWJcAK0fU VNvsbB7eWJcAK0fU
2FvJIR5cRPGGLqP zzYmU5YFhvp1
D5kg CmV
wBJRoqVxn1t wBJRoqVxn1t
frNA534JEvY4f frNA534JEvY4f
7Q 7Q
cYPTdnJWL cYPTdnJWL
A67f A67f
nqeGwct nqeGwct
vJxAK1LaHyuu4yFNeul vJxAK1LaHyuu4yFNeul
lt1a5E0H lt1a5E0H
L L
o3refHnx4qioqHztqMYE o3refHnx4qioqHztqMYE
akZmiQ7tmX akZmiQ7tmX
f f
