0 185 25 67 121 40 86 166 196 10 97 52 42 172 23 134 116 77 88 132 103 26 187 64 176 107 71 60 51 38 151 30 72 21 35 93 14 195 188 19 66 113 57 183 53 32 191 110 96 102 125 65 39 146 78 24 62 109 168 126 174 37 84 105 83 115 81 114 68 58 175 159 160 43 48 41 70 8 162 171 190 148 163 85 20 56 104 5 76 6 169 182 22 55 3 173 144 59 119 100 0
100
0 0
3 3
5 5
6 6
8 8
10 10
14 14
19 19
20 20
21 21
22 22
23 23
24 24
25 25
26 26
30 30
32 32
35 35
37 37
38 38
39 39
40 40
41 41
42 42
43 43
48 48
51 51
52 52
53 53
55 55
56 56
57 57
58 58
59 59
60 60
62 62
64 64
65 65
66 66
67 67
68 68
70 70
71 71
72 72
76 76
77 77
78 78
81 81
83 83
84 84
85 85
86 86
88 88
93 93
96 96
97 97
100 100
102 102
103 103
104 104
105 105
107 107
109 109
110 110
113 113
114 114
115 115
116 116
119 119
121 121
125 125
126 126
132 132
134 134
144 144
146 146
148 148
151 151
159 159
160 160
162 162
163 163
166 166
168 168
169 169
171 171
172 172
173 173
174 174
175 175
176 176
182 182
183 183
185 185
187 187
188 188
190 190
191 191
195 195
196 196
