yqRn7pcv i4M5A6hw fsgAjhrq hC2ZPbzA cbK8BQiu Wvomb2LC 2XMfF8YA lRFv66dO uzY67sfN hcJG54h4 6XOrbPEm 5Zo9R33z gGaSBUDY rJm7nPd7 mB6fiF0u LQU5lyru o5fxSomz mmiVeCrf XlaUIvCb zcy1X765 ne5PzSYX xaYYL0Xr RKTqv0lO mpBvpan0 yqRn7pcv
22
xaYYL0Xr xaYYL0Xr
yqRn7pcv yqRn7pcv
RKTqv0lO RKTqv0lO
rJm7nPd7 rJm7nPd7
zcy1X765 zcy1X765
Wvomb2LC Wvomb2LC
mmiVeCrf mmiVeCrf
XlaUIvCb XlaUIvCb
hC2ZPbzA hC2ZPbzA
ne5PzSYX ne5PzSYX
mB6fiF0u 7xyYvlir mB6fiF0u
LQU5lyru rKjRBwvM LQU5lyru
hcJG54h4 hcJG54h4
fsgAjhrq fsgAjhrq 1JmiRMy2
i4M5A6hw i4M5A6hw
cbK8BQiu Tv0Ngo2a
lRFv66dO lRFv66dO
uzY67sfN uzY67sfN
2XMfF8YA 2XMfF8YA
6XOrbPEm 6XOrbPEm
5Zo9R33z 5Zo9R33z
o5fxSomz o5fxSomz
