Dannemora Fire Earlville Firthcliffe Highland Farmingville Frewsburg Dunkirk Delanson Deer Florida Farnham Freeville Delhi Franklin Haviland Fishers Deferiet Germantown Delmar Frankfort DeRuyter Fairmount Dexter Hermon Franklinville Dansville Delevan Galeville Fishkill Davis Forestville Freeport Ghent Depauville Fredonia Harbor Hewlett Fairview Geneva Fairport Fulton Gardiner Falconer Gasport Oceanside Flower Hamburg Fleischmanns Fonda Fabius Dannemora
45
Davis Davis
Dansville Dansville
Deer Deer
Deferiet Deferiet
Delanson Delanson
Delevan Delevan
Delhi Delhi
Delmar Delmar
Depauville Depauville
DeRuyter DeRuyter
Dexter Dexter
Dunkirk Dunkirk
Earlville Deposit Earlville
Fabius Fabius
Fairmount Fairmount
Fairport Fairport
Fairview Fairview
Falconer Falconer
Farmingville Farmingville
Farnham Farnham
Fire Fire
Firthcliffe Firthcliffe
Fishers Fishers Forest
Fishkill Fishkill
Fleischmanns Fleischmanns
Florida Florida
Flower Flower
Fonda Fonda
Forestville Forestville
Frankfort Flanders Frankfort
Franklin Franklin
Franklinville Franklinville
Fredonia Fredonia
Freeport Freeport
Freeville Freeville
Frewsburg Frewsburg
Fulton Fulton
Galeville Galeville
Gardiner Friendship Gardiner
Gasport Gasport
Geneva Depew Geneva
Germantown Germantown
Ghent Ghent
Harbor Fayetteville
Oceanside Fair
