Loc1 Loc10 Loc137 Loc142 Loc39 Loc179 Loc77 Loc113 Loc151 Loc59 Loc151 Loc113 Loc36 Loc74 Loc157 Loc38 Loc88 Loc7 Loc131 Loc76 Loc49 Loc46 Loc199 Loc14 Loc187 Loc182 Loc127 Loc3 Loc22 Loc53 Loc183 Loc150 Loc8 Loc93 Loc118 Loc174 Loc84 Loc159 Loc191 Loc145 Loc146 Loc33 Loc55 Loc126 Loc11 Loc164 Loc133 Loc4 Loc44 Loc197 Loc158 Loc50 Loc98 Loc85 Loc135 Loc75 Loc166 Loc111 Loc128 Loc91 Loc194 Loc27 Loc178 Loc129 Loc186 Loc96 Loc198 Loc167 Loc45 Loc170 Loc112 Loc19 Loc165 Loc177 Loc56 Loc188 Loc66 Loc134 Loc106 Loc70 Loc95 Loc23 Loc124 Loc69 Loc51 Loc155 Loc163 Loc47 Loc168 Loc89 Loc9 Loc108 Loc17 Loc162 Loc54 Loc5 Loc12 Loc189 Loc48 Loc172 Loc64 Loc71 Loc42 Loc16 Loc1
85
Loc1 Loc30 Loc100
Loc3 Loc3
Loc4 Loc171
Loc5 Loc5
Loc7 Loc7
Loc8 Loc8
Loc9 Loc9
Loc10 Loc67 Loc107 Loc143
Loc11 Loc11
Loc12 Loc15
Loc14 Loc14
Loc16 Loc16
Loc17 Loc17
Loc19 Loc19
Loc23 Loc23
Loc27 Loc27
Loc33 Loc33
Loc38 Loc38
Loc39 Loc39
Loc42 Loc13
Loc44 Loc44
Loc45 Loc62
Loc46 Loc46
Loc47 Loc31 Loc83 Loc176
Loc48 Loc154
Loc50 Loc50
Loc51 Loc51
Loc53 Loc53
Loc54 Loc54
Loc56 Loc180 Loc195
Loc59 Loc59 Loc123
Loc69 Loc0
Loc70 Loc32
Loc71 Loc71
Loc74 Loc74
Loc75 Loc75
Loc76 Loc76
Loc77 Loc77
Loc84 Loc101
Loc85 Loc85
Loc88 Loc18
Loc91 Loc91
Loc95 Loc95
Loc96 Loc96
Loc106 Loc106
Loc108 Loc57
Loc111 Loc111
Loc112 Loc65 Loc160
Loc118 Loc118
Loc124 Loc124
Loc126 Loc141
Loc128 Loc128
Loc129 Loc129
Loc131 Loc99
Loc133 Loc133
Loc134 Loc190
Loc135 Loc149
Loc137 Loc137
Loc145 Loc145
Loc146 Loc25 Loc97 Loc175
Loc150 Loc153
Loc151 Loc151
Loc155 Loc61 Loc109
Loc157 Loc103 Loc192
Loc158 Loc20 Loc132 Loc140
Loc159 Loc159
Loc162 Loc37 Loc144
Loc163 Loc163
Loc165 Loc110
Loc167 Loc167
Loc168 Loc168
Loc170 Loc170
Loc172 Loc172
Loc174 Loc60
Loc177 Loc177
Loc178 Loc147
Loc179 Loc52
Loc182 Loc182
Loc183 Loc183
Loc186 Loc122
Loc188 Loc188
Loc189 Loc189
Loc191 Loc6
Loc194 Loc94
Loc197 Loc197
