pace other quadruple ask enemy desk injection financial fortune notebook interactive error widen banana driver imposter tablet note deter terms hospitality teacher excuse attraction coffin bitter rage deposit page mature native development confrontation forge coast profound view dive coincide identity straighten pig pier bleed curriculum chew drawer smile bleed environment interface electronics swop nationalist brake bowel structure throne respect chair mixture joint single country triple candle dialogue home flag injury demand feature write lake begin greeting decisive linger vegetarian exclusive dip opposed dramatic exempt buffet election lifestyle cotton paper autonomy quality boom winner virgin blonde shiver ignore liver tool swear rent atmosphere viable likely other pace physics linger
87
pace pace
likely comfortable likely
excuse excuse
feature feature
environment environment
mixture mercy
injury injury
page page
profound profound
throne throne
physics dough physics
exempt exempt
tablet tablet
injection injection
forge forge
exclusive exclusive
other other
brake scheme
nationalist acceptance
winner assignment
buffet buffet
autonomy autonomy
respect respect
pig pig
financial financial
interactive interactive
tool railcar tool
dip dip
imposter imposter
demand rob
swear swear
vegetarian market exile
joint output
shiver shiver
coast coast
mature mature
chair chair
rent rent
straighten straighten
boom boom
rage rage
structure structure
decisive decisive
dive dive
atmosphere atmosphere
attraction guarantee attraction
ask ask
smile smile headline
curriculum curriculum
coincide coincide
notebook pardon
ignore audience due ignore
teacher teacher
drawer drawer
widen widen
terms thumb
election election
country knot country
note note
liver liver
home home
development development skeleton
cotton cotton
error error
blonde pipe
virgin virgin
confrontation confrontation
electronics electronics
begin begin
identity identity
greeting greeting
desk spoil
viable viable
lifestyle lifestyle
enemy control stress illusion enemy
interface interface
chew offset
candle candle
swop swop
driver driver
deter deter
coffin coffin
native native
flag flag
bowel bowel
triple triple
quadruple quadruple
