C0 C85 C83 C97 C27 C97 C83 C89 C92 C84 C92 C89 C83 C86 C83 C85 C82 C95 C76 C95 C79 C95 C96 C93 C74 C69 C42 C69 C74 C93 C96 C95 C94 C99 C90 C98 C90 C99 C94 C95 C91 C68 C49 C68 C91 C95 C82 C85 C71 C85 C58 C85 C0
26
C27 C27 C9
C42 C42 C28
C49 C26 C25
C58 C58 C53
C68 C39
C69 C69
C71 C24 C29
C74 C70 C67
C76 C76
C79 C77
C82 C56
C83 C20 C83
C84 C84 C1
C85 C21 C75 C85 C55
C86 C87
C89 C89
C90 C14
C91 C6 C12
C92 C5 C44
C93 C22 C93 C36
C94 C94 C46
C95 C81 C95
C96 C96 C40 C35
C97 C50 C11 C97
C98 C59 C17 C98
C99 C47 C34
