C0 C107 C179 C164 C141 C141 C164 C198 C160 C88 C160 C198 C157 C127 C127 C187 C82 C192 C193 C191 C192 C167 C192 C132 C198 C145 C191 C105 C191 C68 C183 C68 C152 C168 C168 C123 C132 C193 C171 C171 C195 C193 C153 C125 C146 C153 C145 C190 C165 C190 C144 C144 C103 C104 C103 C196 C122 C196 C162 C169 C93 C93 C196 C172 C144 C195 C119 C119 C121 C97 C134 C119 C152 C151 C151 C154 C194 C182 C159 C166 C137 C100 C185 C161 C142 C142 C149 C124 C129 C114 C114 C152 C139 C139 C132 C182 C120 C126 C184 C151 C144 C190 C107 C0
62
C0 C0
C68 C18 C68
C82 C8 C25
C88 C88
C93 C93
C97 C97
C100 C100
C103 C66 C103
C104 C104
C105 C45 C58 C105
C107 C107
C114 C114
C119 C119
C120 C120
C121 C95 C121
C122 C122
C123 C123
C124 C124
C125 C54
C126 C49
C127 C127
C129 C129
C132 C132
C134 C134
C137 C137 C55 C32
C139 C139
C141 C4 C56 C141
C142 C10 C7
C144 C144
C145 C145
C146 C101 C146 C11 C84 C181
C149 C149
C151 C47
C152 C152
C153 C153
C154 C154 C30
C157 C78 C77
C159 C35 C16 C63
C160 C160 C59
C161 C161
C162 C52 C3
C164 C164
C165 C165 C57
C166 C166
C167 C167 C26 C27
C168 C168 C110
C169 C169 C50
C171 C171 C28
C172 C172
C179 C179
C182 C182
C184 C70 C24 C2
C185 C185 C48
C187 C87
C190 C190
C191 C31
C192 C5 C192 C51 C1
C193 C193
C194 C194
C195 C19 C20
C196 C196 C43
C198 C74 C198 C86 C71
