9iIwk jASvw oqPYQ jASvw 9iIwk h2rea 0mah3 ChXAd 0mah3 rrNj1 Esl6u fS0W8 k64Ok BnAjj ZgtaX veOJ7 ZgtaX pXCjI k6V9L vrNke 5ioW1 Be0ab XZKtP Be0ab 5ioW1 YH6mk Y7IDR YH6mk AgYPL WJNpN 1uRw3 Ri2t4 1uRw3 knY3U vE0Pj WGJpQ aHGHb RhUVQ QVYVG LZomt Ew56P jYfXn MA43U ZzWHp Mj2eQ 1xmtC qkJ6b jT5CK 6EWVx 9iIwk
33
5ioW1 5ioW1
Ew56P SgDk6
Mj2eQ Mj2eQ
ZzWHp iEXNY ZzWHp
Be0ab Be0ab
XZKtP bXinH XZKtP dw7aX
LZomt LZomt
1xmtC XYzcU 1xmtC
pXCjI pXCjI
qkJ6b qkJ6b
Ri2t4 Ri2t4 y89SK
jYfXn jYfXn
jT5CK jT5CK 5BDPJ
jASvw jASvw
QVYVG 7G74f
9iIwk 5R5Xa 9iIwk
Y7IDR Y7IDR 4a0W8
ZgtaX JgjFI Vake4 ZgtaX
veOJ7 veOJ7 iCgvV
1uRw3 1uRw3 1pxZM
h2rea h2rea
YH6mk YH6mk
RhUVQ RhUVQ
oqPYQ 0GdkR oqPYQ
knY3U jAwQw
BnAjj BnAjj
fS0W8 fS0W8 p9vQm
WJNpN 5VT1H
AgYPL AgYPL tnjfN
vE0Pj vE0Pj
ChXAd 1eRkH ChXAd
aHGHb kmzhT aHGHb
WGJpQ WGJpQ
