HAZtD 6gp0A kPB79 UqGfS X2hjX GxQg8 lJnz7 1gvq4 rH3nx p3gJd cpzS8 p3gJd DaieK p3gJd cC0Rg gpbSj u60s4 9cp56 0F8yg 4PSW9 zcuSA jyRQW Xqwfz jcSDd 7kY28 URrao 7kY28 IOpdQ BaYb3 1VA1I BaYb3 SxklZ rVnMc OWqP4 6owsT GDCfm NV1GL iimZq GUEko 0moVI HAKlt 6sv9O ejBhY iPRoT Q8lcd Jbr8u GaZ4O H1xt8 o2JtM e7SjH DuU0x e7SjH E6pda xKTIz RkCLD SfSL1 bMhFI CHx6u rmW0U GrnJ7 iIQll Vg6Sz 4jcrD DmTRc tgL8p 0FMEI R6NzB v0WXM iHR3J SE1WY fWz4T EgumV UQeyk kjZGl kNG2j AwFdf 2zHfe fExZu wVSYr WVEjT Agb0E b9v0q eVDVP Ia6ul kvy7i Q5zY0 69WZh zrVPv 69WZh jesVt 4AhmX 93R2m C4biR aegld O8CwF XbFfE aWuHk 3NU9e CXkxa ED9em RN9nS bW6Ms vfAR8 EyMEe z82fM F7CZj J0OP0 Cg1yP wnnBN 4Eg1F HAZtD
75
zcuSA zcuSA
93R2m cu5FB
H1xt8 H1xt8
0F8yg 0F8yg
Xqwfz pLg86
zrVPv zrVPv wedr3
GxQg8 GxQg8
4AhmX 4AhmX
URrao URrao fiXIW
aegld aegld
ED9em 5h4rt ED9em
7kY28 7kY28
jesVt jesVt
E6pda E6pda
kPB79 4Tt2a 4PXv9
GrnJ7 gNinx UbqWX v9joy iaaYU
69WZh mdIe6 ox9Gx 69WZh
DuU0x DuU0x BIY9X
wnnBN wnnBN
9cp56 5EAEu
IOpdQ IOpdQ
rmW0U HOuAL 9tf0w
CHx6u CHx6u
lJnz7 lJnz7
BaYb3 BaYb3
eVDVP eVDVP
CXkxa Lusir
e7SjH 2LhKB
1gvq4 1gvq4
Ia6ul Ia6ul
bMhFI bMhFI lF8gH
iIQll p4kTx iIQll
rH3nx rH3nx
1VA1I Zok18 1VA1I
Vg6Sz Vg6Sz
u60s4 Zxvdf u60s4
aWuHk aWuHk
XbFfE iqOI4
RN9nS RN9nS
O8CwF O8CwF TlJnt
OWqP4 OWqP4
p3gJd p3gJd
gpbSj gpbSj
SxklZ SxklZ VESmp
b9v0q SEkfX
X2hjX X2hjX
cpzS8 acHTt cpzS8
0FMEI 2GCiD
DaieK uPUO1 DaieK
Q8lcd Q8lcd
Cg1yP Cg1yP
fExZu fExZu v7hOX
cC0Rg cC0Rg
R6NzB R6NzB
6owsT 6owsT
AwFdf AwFdf
J0OP0 J0OP0 iKwe0
DmTRc DmTRc
xKTIz xKTIz
iHR3J iHR3J
bW6Ms bW6Ms
iPRoT 8Qx0C
UqGfS UqGfS NqBQW Ssao4
iimZq iimZq
vfAR8 vfAR8
z82fM z82fM
Agb0E VG4na Agb0E
EgumV EgumV
0moVI 0moVI
SE1WY TzGS5
HAKlt Pk19A HAKlt
kNG2j kNG2j
fWz4T fWz4T
4jcrD 4jcrD
WVEjT WVEjT
