Abbey Ruth Presley Yoselin Tara Rayna Kimberly Karma Jamiya Shannon Lisa Kristina Matilda Haven Eden Vivian Riley Avni Nora Liberty Kiera Helen Alexia Maeve Sophia Dana Isabella Lilia Kayley Mira Mckinley Lillie Lana Carlee Rebecca Marisol Jordin Ayanna Harley Beatrice Tanya Abbey
40
Alexia Alexia
Avni Avni
Ayanna Ayanna
Beatrice Beatrice
Carlee Carlee
Dana Dana
Eden Eden
Harley Harley
Haven Haven
Helen Helen
Isabella Isabella
Jamiya Jamiya
Jordin Jordin
Karma Karma
Kayley Kayley
Kiera Kiera
Kimberly Kimberly
Kristina Kristina
Lana Lana
Liberty Liberty
Lilia Lilia
Lillie Lillie
Lisa Lisa
Maeve Maeve
Marisol Marisol
Matilda Matilda
Mckinley Mckinley
Mira Mira
Nora Nora
Presley Presley
Rayna Rayna
Rebecca Rebecca
Riley Riley
Ruth Ruth
Shannon Shannon
Sophia Sophia
Tanya Tanya
Tara Tara
Vivian Vivian
Yoselin Yoselin
