Abbey Aryana Mckayla Alexus Kira Jamiya Maggie Jasmin Ariel Chasity Avni Riley Zion Brooklyn Arielle Mira Diana Dayami Gillian Baylee Mckinley Ashley Aniya Aubree Kristina Bryanna Kristin Emilie Ingrid Ciara Taniyah Imani Carlie Camilla Jaden Kimberly Kiana Lindsay Zara Mireya Laylah Christine Juliette Claire Parker Jillian Jade Carleigh Keyla Alivia Emma Carly Sophia Kaydence Carlee Alia Shyanne Leila Haven Jimena Lainey Lilia Lucille Neveah Jazmyn Natalee Rylee Kenzie Lilyana Kiley Alexia Madilynn Janiya Iyana Kaley Kayden Lacey Dana Tara Noelle Myah Zaria Sharon Sophie Melina Mya Denisse Elianna Matilda Nia Abbey
90
Abbey Abbey
Alexia Alexia
Alexus Alexus
Alia Alia
Alivia Alivia
Aniya Aniya
Ariel Ariel
Arielle Arielle
Aryana Aryana
Ashley Ashley
Aubree Aubree
Avni Avni
Baylee Baylee
Brooklyn Brooklyn
Bryanna Bryanna
Camilla Camilla
Carlee Carlee
Carleigh Carleigh
Carlie Carlie
Carly Carly
Chasity Chasity
Christine Christine
Ciara Ciara
Claire Claire
Dana Dana
Dayami Dayami
Denisse Denisse
Diana Diana
Elianna Elianna
Emilie Emilie
Emma Emma
Gillian Gillian
Haven Haven
Imani Imani
Ingrid Ingrid
Iyana Iyana
Jade Jade
Jaden Jaden
Jamiya Jamiya
Janiya Janiya
Jasmin Jasmin
Jazmyn Jazmyn
Jillian Jillian
Jimena Jimena
Juliette Juliette
Kaley Kaley
Kayden Kayden
Kaydence Kaydence
Kenzie Kenzie
Keyla Keyla
Kiana Kiana
Kiley Kiley
Kimberly Kimberly
Kira Kira
Kristin Kristin
Kristina Kristina
Lacey Lacey
Lainey Lainey
Laylah Laylah
Leila Leila
Lilia Lilia
Lilyana Lilyana
Lindsay Lindsay
Lucille Lucille
Madilynn Madilynn
Maggie Maggie
Matilda Matilda
Mckayla Mckayla
Mckinley Mckinley
Melina Melina
Mira Mira
Mireya Mireya
Mya Mya
Myah Myah
Natalee Natalee
Neveah Neveah
Nia Nia
Noelle Noelle
Parker Parker
Riley Riley
Rylee Rylee
Sharon Sharon
Shyanne Shyanne
Sophia Sophia
Sophie Sophie
Taniyah Taniyah
Tara Tara
Zara Zara
Zaria Zaria
Zion Zion
