Taozhuang Bhit Longgang Norco Vernon Jingzhou Uran Fort Oulmes Rutherglen Ulu Freetown Southsea Sarandi Ramla Azrou Hechingen Artur New Memmingen Alatyr Kallio Somma Donggongon Boo Cibinong Villa Nonsan Waverly Strathfield Bourbonnais Esmeraldas Aytos Gudermes Bang Esperanza Tupelo Rosedale Jackson Chharra Taozhuang
40
Uran Jinotepe Pottstown Uran
Bhit Middle Durazno Camayenne
Vernon Severodvinsk Caravaca
Southsea Calauan
Chharra Ilesa Besuki Wesseling Sicklerville
Artur Artur
Boo Boo
Rutherglen Gauting Rutherglen
Villa Villa Rafiganj
Somma Somma
Tupelo Tupelo
Strathfield Strathfield
Memmingen Memmingen
Esmeraldas Esmeraldas
Gudermes Gudermes
Bang Bang
Azrou Azrou
Kallio Kallio
Ramla Ramla
Sarandi Sarandi
Jingzhou Jingzhou
Taozhuang Taozhuang
Fort Fort
Oulmes Oulmes
Cibinong Cibinong
Donggongon Donggongon
Alatyr Alatyr
Rosedale Rosedale
Jackson Jackson
Esperanza Esperanza
New New
Ulu Ulu
Freetown Freetown
Waverly Waverly
Nonsan Nonsan
Aytos Aytos
Hechingen Hechingen
Bourbonnais Bourbonnais
Longgang Longgang
Norco Udumalaippettai
