Lesnoy Visitacion Ishim Stade Portogruaro Hudiksvall Blackpool Meerut Gisborne Pingyi Malaut Sungurlu Winsford Sun Rutherglen Franceville Hueytown Brentwood Zgorzelec Yangambi Beveren GatesNorth Lesnoy
22
Beveren Artur Kundla
Hueytown Hueytown
Gisborne Dharmapuri Gisborne
Hudiksvall Hudiksvall
Visitacion Visitacion Glogovac
Sungurlu Sungurlu
Rutherglen Rutherglen
Winsford Winsford
Sun Sun
Pingyi Pingyi
Malaut Malaut
Meerut Meerut
Blackpool Blackpool
GatesNorth GatesNorth
Lesnoy Lesnoy
Brentwood Brentwood
Portogruaro Portogruaro
Ishim Ishim
Stade Stade
Zgorzelec Zgorzelec
Yangambi Yangambi
Franceville Franceville
