108 30 170 54 78 146 39 193 73 134 186 177 189 82 56 151 143 55 64 37 53 90 57 96 144 153 35 188 174 81 5 26 127 136 113 184 156 167 181 191 117 24 114 142 99 182 148 176 118 137 197 92 196 84 83 140 43 130 178 34 48 6 23 85 68 95 119 77 110 75 150 179 157 59 109 49 190 31 38 107 133 63 158 21 66 44 13 79 36 138 120 112 17 61 46 32 101 51 7 69 108
89
5 5
7 7
13 13
17 67 17
23 129 23
24 24
26 26
30 121
31 31
32 32
34 34
35 14 35
36 36
37 37
38 38
39 39
43 43
44 44
46 46
48 48
49 49
53 53
54 54
55 128
56 56
57 57
61 61
63 63
64 64
66 66
68 68
69 69
73 73
75 75
77 77
78 78
79 79
81 81
82 82 71
83 83
84 84
85 85
92 65 92
95 95
96 96
99 99
101 101
107 107
109 109
110 110
112 126
114 114
117 117
118 118
119 1
120 120
127 45
130 130
133 133
134 134
136 136
137 137
138 138
140 140
142 142
143 143
144 144
146 146
148 148
150 150
151 151
153 153
156 187
157 157 15
167 167
170 170
174 19 174
176 176
177 177
179 179
181 181 28
182 182
184 184
186 186
188 188
190 190
191 100
193 11
197 197
