1 71 48 134 12 98 84 11 144 38 24 2 60 131 108 35 132 143 36 50 120 122 96 14 72 64 58 136 82 88 10 76 22 52 34 124 142 17 54 32 30 20 138 104 18 77 66 80 102 29 90 92 42 65 126 8 114 68 6 5 78 89 106 28 46 4 70 112 94 40 118 16 130 100 1
73
2 2
4 4
5 5
6 6
8 8
10 10 113 116
11 11
12 12 47 59 119
14 14
16 16
17 17
18 18
20 20
22 22
24 24 86
28 28
29 29
30 30
32 32
34 34 53 101
35 35
36 26 36 110
38 38
40 40
42 42
46 46
48 48 62
50 50
52 52
54 54
58 44 58 137
60 60
64 64
65 65
66 66
68 68
70 70 125 128
71 71
72 23 72 74
76 76
77 77
78 78
80 80
82 41 82
84 84 107
88 88
89 89
90 90
92 92
94 94
96 96
98 98
100 100
102 102
104 104
106 106
108 83 108
112 112
114 114
118 118 140
120 120
122 122
124 124
126 126
130 130
131 131
132 95 132
134 134
136 136
138 138
142 56 142
143 143
144 144
