1 176 177 178 177 176 1 172 173 174 172 1 168 169 168 1 164 1 160 163 161 162 160 1 156 159 158 156 1 150 151 152 155 152 151 150 1 126 127 128 127 126 1 122 123 124 122 1 118 119 118 1 114 1 110 112 111 113 110 1 106 108 109 106 1 100 101 102 105 102 101 100 1 76 77 78 77 76 1 72 73 74 72 1 68 69 70 71 68 1 64 1 60 62 61 63 60 1 56 58 59 56 1 50 51 52 55 54 53 55 52 51 50 1 26 27 28 27 26 1 22 23 24 22 1 18 19 18 1 14 1 10 12 11 13 10 1 6 8 9 6 1 2 5 2 1
52
5 3 4 5
6 7
8 8
9 9
11 11
12 12
13 13
14 15 16 17
19 19 20 21
23 23
24 24 25
28 28 30
53 53
54 54
55 55
56 57
58 58
59 59
61 61
62 62
63 63
64 65 66 67
69 69
70 70
71 71
73 73
74 74 75
78 78 80
105 103 104 105
106 107
108 108
109 109
111 111
112 112
113 113
114 115 116 117
119 119 120 121
123 123
124 124 125
128 128 130
155 153 154 155
156 157
158 158
159 159
161 161
162 162
163 163
164 165 166 167
169 169 170 171
173 173
174 174 175
178 178 180
