start b16 b17 b18 b19 b20 b21 b20 b19 b18 b17 b16 b10 b9 b8 b9 b10 b11 b12 b13 b12 b11 b10 b16 start c3 c8 c9 c10 c13 c12 c11 c20 c36 c35 c31 c27 c29 c30 c23 c24 c7 c6 start e3 e4 e6 e8 e22 e10 e23 e12 e24 e15 e25 e18 e1 start h4 h25 h17 h6 h16 h12 h11 h10 h9 h8 h2 start g3 g4 g1 g5 g2 g6 g7 g9 g13 g17 g21 g25 g21 g24 g20 g16 g12 g15 g19 g23 g19 g14 g11 g10 g8 start f11 f12 f13 f6 f15 f16 f17 f7 f14 f9 f18 f19 f20 f10 f14 start d1 d3 d4 d3 start a4 a3 a5 a2 a1 start
68
b8 b1 b2
b11 b3
b12 b4
b13 b5 b6
b18 b26
b20 b24
b21 b15 b25
c3 c1 c5
c20 c17 c21
e1 e19
e3 e20
e4 e21
h2 h26
h4 h22
h6 h18
h12 h13
h25 h24
g1 g1
g2 g2
g3 g3
g4 g4
g5 g5
g6 g6
g7 g7
g8 g8
g9 g9
g10 g10
g11 g11
g12 g12
g13 g13
g14 g14
g15 g15
g16 g16
g17 g17
g19 g19
g20 g20
g21 g21
g23 g18 g23
g24 g24
g25 g22 g25
f11 f11
f12 f12
f13 f13
f14 f14
f15 f15
f16 f16
f17 f17
f18 f18
f19 f19
f20 f20
c10 c10
c13 c13 c15
c23 c23
c27 c26 c27
c31 c31 c33
d1 d1
d4 d4 d5
a1 a1
a2 a2
a3 a3
a4 a4
a5 a5
e22 e22
e23 e23
e24 e24
e25 e25
h9 h9
h17 h17
