Qatar Tajikistan Burundi Macedonia Armenia DemofChina Egypt RussianFederation Australia Gabon Guyana Estonia Lebanon Senegal Mozambique Mali Belarus Tuvalu SaintLucia Georgia Uzbekistan SierraLeone Albania Nicaragua Andorra France CzechRepublic VaticanCity Netherlands SanMarino Liberia Kosovo Peru Singapore GuineaBissau Kyrgyzstan Danzig Morocco UnitedKingdom Tanzania Mongolia UAE America Tunisia Montenegro Malta Angola CostaRica Belgium Qatar
48
Mongolia Mongolia
Albania Albania
America America
Kyrgyzstan Kyrgyzstan
VaticanCity VaticanCity
Armenia Armenia
CzechRepublic CzechRepublic
Peru Peru
Tanzania Tanzania
UnitedKingdom UnitedKingdom
Tuvalu Tuvalu
Mali Mali
UAE UAE
France France
Guyana Guyana
Andorra Andorra
Kosovo Kosovo
Australia Australia
Gabon Gabon
RussianFederation RussianFederation
Nicaragua Nicaragua
Netherlands Netherlands
Tajikistan Tajikistan
Mozambique Mozambique
Burundi Burundi
GuineaBissau GuineaBissau
SierraLeone SierraLeone
Senegal Senegal
Lebanon Lebanon
Montenegro Montenegro
Danzig Danzig
Georgia Georgia
Angola Sweden Angola
Liberia Liberia
Belarus Belarus
Morocco Morocco
Uzbekistan Haiti Uzbekistan
SanMarino SanMarino
CostaRica CostaRica
Macedonia Macedonia
Tunisia Tunisia
Belgium Belgium
Egypt Egypt
SaintLucia SaintLucia
Singapore Singapore
Estonia Estonia
Malta Malta
DemofChina DemofChina
