Albania Lithuania Lesotho Slovenia Mali PapuaNewGuinea Djibouti Cambodia Kiribati SierraLeone RussianFederation Dominica Argentina SaoTomPrincipe Philippines SaudiArabia Newfoundland Italy VaticanCity Eritrea Rome Burkina UnitedKingdom UAE SriLanka Panama CentralAfricanRep Bhutan Chile Germany Luxembourg Suriname MountAthos Estonia Malaysia EquatorGuinea SolomonIslands Mongolia Peru Hungary Finland Romania Togo Yemen Australia Pakistan Poland Kazakhstan Israel NorthKorea Guatemala Ethiopia Jamaica France Japan Brazil Laos Niger Tanzania Liechtenstein Kosovo America SaintKitts Venezuela Andorra Seychelles Ukraine Bulgaria Portugal NewZealand Cuba Mauritius Mauritania IvoryCoast Grenada Qatar Greece Maldives Paraguay Vanuatu Danzig Gabon Nepal Tunisia SaintLucia Switzerland Belarus Norway Thailand BosHerzegovina Burma TheGambia Fiji Serbia CapeVerde Algeria Rwanda Latvia Bahamas Cyprus Comoros Albania
100
Paraguay Paraguay
Vanuatu Vanuatu
Ethiopia Ethiopia
Latvia Latvia
Venezuela Venezuela
Burkina Burkina
Gabon Gabon
Comoros Comoros
Pakistan Pakistan
Fiji Fiji
MountAthos MountAthos
Mauritius Mauritius
SaintLucia SaintLucia
Burma Burma
Luxembourg Luxembourg
Finland Finland
Estonia Estonia
Israel Israel
VaticanCity VaticanCity
Romania Romania
Qatar Qatar
Rwanda Rwanda
Mauritania Mauritania
CapeVerde CapeVerde
Liechtenstein Liechtenstein
Germany Germany
Norway Norway
France France
Panama Panama
SaoTomPrincipe SaoTomPrincipe
RussianFederation RussianFederation
Djibouti Djibouti
Bahamas Bahamas
EquatorGuinea EquatorGuinea
Tunisia Tunisia
UAE UAE
Bulgaria Bulgaria
SriLanka SriLanka
NorthKorea NorthKorea
IvoryCoast IvoryCoast
Niger Niger
Cyprus Cyprus
Kiribati Kiribati
Thailand Thailand
Yemen Yemen
America America
Eritrea Eritrea
Newfoundland Newfoundland
SierraLeone SierraLeone
Peru Peru
Kosovo Kosovo
Guatemala Guatemala
BosHerzegovina BosHerzegovina
Chile Chile
Maldives Maldives
Dominica Dominica
SolomonIslands SolomonIslands
Bhutan Bhutan
CentralAfricanRep CentralAfricanRep
Ukraine Ukraine
Suriname Suriname
Danzig Danzig
Togo Togo
Portugal Portugal
Seychelles Seychelles
Algeria Algeria
Rome Rome
PapuaNewGuinea PapuaNewGuinea
Greece Greece
Lithuania Lithuania
Poland Poland
Grenada Grenada
Tanzania Tanzania
SaintKitts SaintKitts
Mongolia Mongolia
Serbia Serbia
Argentina Argentina
Cuba Cuba
Italy Italy
Belarus Belarus
Kazakhstan Kazakhstan
Japan Japan
TheGambia TheGambia
Switzerland Switzerland
Jamaica Jamaica
NewZealand NewZealand
Lesotho Lesotho
Andorra Andorra
SaudiArabia SaudiArabia
Hungary Hungary
Brazil Brazil
Mali Mali
Philippines Philippines
Nepal Nepal
Cambodia Cambodia
UnitedKingdom UnitedKingdom
Malaysia Malaysia
Laos Laos
Australia Australia
Slovenia Slovenia
