Nepal Georgia Tanzania Liechtenstein Argentina Belarus UAE Estonia Slovakia NewZealand Tajikistan Kuwait Mauritius Niger Serbia Vietnam Afghanistan Fiji Botswana Suriname TheGambia VaticanCity SaintLucia Nepal
22
Liechtenstein Liechtenstein
Vietnam Vietnam
Estonia Estonia
Afghanistan Afghanistan
Georgia Georgia
Fiji Fiji
TheGambia MarshallIslands
NewZealand NewZealand
Kuwait Kuwait
Suriname Suriname
Argentina Argentina
Mauritius Mauritius
SaintLucia SaintLucia
UAE UAE
Belarus Azerbaijan Belarus
Botswana Botswana
Serbia Serbia
VaticanCity VaticanCity
Tajikistan Tajikistan
Slovakia Slovakia
Tanzania Tanzania
Niger Panama Niger Palau
