point0 point52 point56 point59 point49 point50 point55 point10 point11 point5 point15 point20 point18 point14 point21 point22 point3 point16 point32 point29 point35 point30 point25 point33 point31 point34 point31 point41 point38 point40 point39 point43 point85 point89 point87 point95 point92 point94 point76 point75 point73 point78 point84 point119 point125 point122 point140 point120 point83 point124 point123 point127 point179 point189 point183 point181 point142 point139 point135 point132 point138 point187 point182 point190 point185 point168 point172 point171 point160 point163 point162 point148 point144 point145 point149 point154 point152 point108 point97 point103 point107 point102 point112 point110 point111 point113 point116 point115 point72 point68 point67 point68 point63 point69 point0
71
point0 point54
point3 point3
point5 point5
point10 point1 point10
point11 point11
point15 point6 point13 point15
point16 point16
point18 point18
point21 point21
point29 point29
point30 point30
point31 point31
point32 point17
point33 point33
point34 point27 point34
point38 point38
point39 point39 point42
point40 point40
point41 point41
point43 point43
point49 point49
point50 point51
point52 point52
point55 point55
point56 point56
point67 point67 point109
point69 point69
point72 point72
point73 point73
point75 point75
point76 point76 point79
point78 point78
point83 point83
point85 point85
point87 point87
point89 point89 point91
point92 point86
point94 point94
point102 point102
point103 point103
point107 point100
point108 point108
point110 point110
point111 point111
point112 point112
point113 point113
point115 point115
point119 point119
point120 point120
point122 point122
point123 point123
point124 point124
point127 point126
point132 point132
point135 point131 point135
point138 point138
point139 point139 point180
point140 point134
point144 point144 point153 point157
point148 point148 point151
point149 point149
point152 point152
point160 point160
point162 point158 point162
point163 point155 point163
point171 point177
point172 point172
point179 point179
point183 point183
point185 point184 point185
point187 point187
