55 91 48 186 33 83 137 111 189 16 84 162 177 45 151 20 161 11 168 118 14 17 131 185 89 149 171 188 86 80 88 26 174 66 43 140 58 23 10 163 184 153 157 77 143 74 175 109 97 40 42 62 181 146 56 90 179 122 15 113 114 28 76 67 44 8 53 127 148 41 49 150 32 116 134 27 170 2 126 30 152 59 119 29 158 106 63 115 61 101 182 57 55
86
2 105 160
8 8
11 11
14 36
15 15 135 13
16 16
17 17
20 20
23 133
26 26
27 27
28 172
29 29
30 30
32 32
33 33
40 40
41 41
42 42
43 43
44 9
45 45
48 48
49 49
53 53
56 56 85
57 57
58 58 166
59 159 59
61 61
62 62
63 63
66 66
67 67
74 74
76 76
77 77
80 80
83 83
84 12
86 86
88 88
90 90
91 91
97 97
101 101
106 106
109 109
111 111
113 113
114 114
115 115
116 116
118 81 118
119 119
122 122
126 126
127 54
131 131
134 134
137 137
140 140
146 146
148 148
149 149
150 150
151 151
152 152
153 78 153
157 107
158 158
162 162
163 163
168 168
170 170
171 171
175 175
177 177 173
179 179
181 181
182 182
184 184
185 185
186 186
188 188
189 189 71
