x182 x11 x192 x106 x15 x107 x184 x26 x138 x141 x90 x50 x93 x74 x185 x38 x109 x116 x89 x177 x28 x25 x80 x31 x191 x133 x55 x172 x5 x21 x76 x158 x143 x17 x104 x115 x170 x72 x125 x137 x64 x48 x4 x82 x117 x59 x32 x59 x186 x87 x86 x3 x7 x20 x71 x77 x14 x94 x56 x176 x45 x119 x151 x8 x99 x100 x101 x95 x9 x19 x98 x42 x144 x194 x69 x146 x196 x92 x83 x127 x79 x27 x167 x139 x198 x182
75
x3 x3
x4 x4
x7 x7
x8 x8
x9 x18 x136
x11 x11
x14 x14
x15 x15
x17 x17
x19 x19
x20 x20 x166
x21 x21 x118 x164
x25 x25
x26 x26
x27 x27
x31 x6 x161 x31
x32 x183 x32
x38 x113
x42 x42
x45 x45
x48 x48
x50 x10 x50
x55 x55
x56 x56
x59 x59
x64 x88 x64 x156
x69 x69
x71 x71 x61
x72 x147 x72
x74 x74
x76 x114 x76
x77 x77
x79 x79
x80 x80
x82 x82
x83 x83
x86 x86
x87 x87
x92 x53 x92
x93 x2
x94 x94
x95 x95
x98 x98
x99 x99
x100 x153 x100
x101 x159
x104 x104
x106 x106
x107 x107
x109 x109 x163
x115 x66
x116 x116
x119 x119 x23
x125 x125
x127 x127 x49 x58
x133 x133
x137 x137
x138 x138
x139 x139
x141 x43 x141
x143 x143
x144 x179 x84
x146 x128 x146
x151 x151
x167 x102
x172 x172
x176 x189
x177 x155 x177
x182 x182
x184 x30 x46 x184
x185 x185
x186 x186
x192 x192
x194 x194
x198 x198
