0 198 197 196 191 192 186 181 176 171 166 167 161 164 161 163 162 156 151 146 141 136 131 126 129 130 126 128 127 121 116 111 112 106 101 104 105 101 103 102 101 96 91 95 94 91 93 92 86 87 81 76 71 66 61 56 60 59 56 58 57 51 53 52 51 46 41 42 36 37 31 35 31 33 32 26 29 30 26 21 25 24 21 16 11 13 12 11 6 1 0
65
1 3
6 7
11 14
12 12
13 13
16 17 19
21 22
24 24
25 25
26 27
29 29
30 30
32 32
33 33
35 35 34
36 39
37 38
41 44
42 42
46 48 47
52 52
53 53
58 58
59 59
60 60
61 63 65 64 62
66 70 68
71 73 72 75 74
76 78 79 80
81 83 84 82
86 90
87 87
93 93
94 94
95 95
96 100 99 98 97
102 102
103 103
104 104
105 105
106 109 107 108
111 114 113
112 112
116 118
121 122
127 127
128 128
129 129
130 130
131 135
136 137 139 140 138
141 144 143 145 142
146 149
151 155 152 153
156 159
162 162
163 163
164 164 165
166 169 170
171 173
176 180 179
181 183 184 185
186 189 187
191 193 195
192 192
